TN:
SF:node_modules/@openzeppelin/contracts/token/ERC20/utils/SafeERC20.sol
DA:33,0
FN:33,SafeERC20.safeTransfer
FNDA:0,SafeERC20.safeTransfer
DA:34,0
DA:41,0
FN:41,SafeERC20.safeTransferFrom
FNDA:0,SafeERC20.safeTransferFrom
DA:42,0
DA:48,0
FN:48,SafeERC20.trySafeTransfer
FNDA:0,SafeERC20.trySafeTransfer
DA:49,0
DA:55,0
FN:55,SafeERC20.trySafeTransferFrom
FNDA:0,SafeERC20.trySafeTransferFrom
DA:56,0
DA:68,0
FN:68,SafeERC20.safeIncreaseAllowance
FNDA:0,SafeERC20.safeIncreaseAllowance
DA:69,0
DA:70,0
DA:82,0
FN:82,SafeERC20.safeDecreaseAllowance
FNDA:0,SafeERC20.safeDecreaseAllowance
DA:84,0
DA:85,0
BRDA:85,0,0,-
DA:86,0
DA:88,0
DA:101,0
FN:101,SafeERC20.forceApprove
FNDA:0,SafeERC20.forceApprove
DA:102,0
DA:104,0
BRDA:104,1,0,-
DA:105,0
DA:106,0
DA:117,0
FN:117,SafeERC20.transferAndCallRelaxed
FNDA:0,SafeERC20.transferAndCallRelaxed
DA:118,0
BRDA:118,2,0,-
BRDA:118,2,1,-
DA:119,0
DA:120,0
BRDA:120,3,0,-
DA:121,0
DA:132,0
FN:132,SafeERC20.transferFromAndCallRelaxed
FNDA:0,SafeERC20.transferFromAndCallRelaxed
DA:139,0
BRDA:139,4,0,-
BRDA:139,4,1,-
DA:140,0
DA:141,0
BRDA:141,5,0,-
DA:142,0
DA:157,0
FN:157,SafeERC20.approveAndCallRelaxed
FNDA:0,SafeERC20.approveAndCallRelaxed
DA:158,0
BRDA:158,6,0,-
BRDA:158,6,1,-
DA:159,0
DA:160,0
BRDA:160,7,0,-
DA:161,0
DA:173,0
FN:173,SafeERC20._callOptionalReturn
FNDA:0,SafeERC20._callOptionalReturn
DA:174,0
DA:175,0
DA:177,0
DA:179,0
BRDA:179,8,0,-
DA:180,0
DA:181,0
DA:182,0
DA:184,0
DA:185,0
DA:188,0
BRDA:188,9,0,-
DA:189,0
DA:201,0
FN:201,SafeERC20._callOptionalReturnBool
FNDA:0,SafeERC20._callOptionalReturnBool
DA:202,0
DA:203,0
DA:204,0
DA:206,0
DA:207,0
DA:208,0
DA:210,0
FNF:12
FNH:0
LF:56
LH:0
BRF:13
BRH:0
end_of_record
TN:
SF:node_modules/@openzeppelin/contracts/utils/Panic.sol
DA:50,0
FN:50,Panic.panic
FNDA:0,Panic.panic
DA:52,0
DA:53,0
DA:54,0
FNF:1
FNH:0
LF:4
LH:0
BRF:0
BRH:0
end_of_record
TN:
SF:node_modules/@openzeppelin/contracts/utils/math/Math.sol
DA:25,0
FN:25,Math.add512
FNDA:0,Math.add512
DA:27,0
DA:28,0
DA:37,0
FN:37,Math.mul512
FNDA:0,Math.mul512
DA:42,0
DA:43,0
DA:44,0
DA:51,0
FN:51,Math.tryAdd
FNDA:0,Math.tryAdd
DA:53,0
DA:54,0
DA:55,0
DA:62,0
FN:62,Math.trySub
FNDA:0,Math.trySub
DA:64,0
DA:65,0
DA:66,0
DA:73,0
FN:73,Math.tryMul
FNDA:0,Math.tryMul
DA:75,0
DA:79,0
DA:82,0
DA:89,0
FN:89,Math.tryDiv
FNDA:0,Math.tryDiv
DA:91,0
DA:94,0
DA:102,0
FN:102,Math.tryMod
FNDA:0,Math.tryMod
DA:104,0
DA:107,0
DA:115,0
FN:115,Math.saturatingAdd
FNDA:0,Math.saturatingAdd
DA:116,0
DA:117,0
DA:123,0
FN:123,Math.saturatingSub
FNDA:0,Math.saturatingSub
DA:124,0
DA:125,0
DA:131,0
FN:131,Math.saturatingMul
FNDA:0,Math.saturatingMul
DA:132,0
DA:133,0
DA:143,0
FN:143,Math.ternary
FNDA:0,Math.ternary
DA:148,0
DA:155,0
FN:155,Math.max
FNDA:0,Math.max
DA:156,0
DA:162,0
FN:162,Math.min
FNDA:0,Math.min
DA:163,0
DA:170,0
FN:170,Math.average
FNDA:0,Math.average
DA:172,0
DA:181,0
FN:181,Math.ceilDiv
FNDA:0,Math.ceilDiv
DA:182,0
BRDA:182,0,0,-
DA:184,0
DA:193,0
DA:204,0
FN:204,Math.mulDiv
FNDA:0,Math.mulDiv
DA:206,0
DA:209,0
BRDA:209,1,0,-
DA:213,0
DA:217,0
BRDA:217,2,0,-
DA:218,0
DA:226,0
DA:229,0
DA:232,0
DA:233,0
DA:239,0
DA:242,0
DA:245,0
DA:248,0
DA:252,0
DA:257,0
DA:261,0
DA:262,0
DA:263,0
DA:264,0
DA:265,0
DA:266,0
DA:272,0
DA:273,0
DA:280,0
FN:280,Math.mulDiv
FNDA:0,Math.mulDiv
DA:281,0
DA:287,0
FN:287,Math.mulShr
FNDA:0,Math.mulShr
DA:289,0
DA:290,0
BRDA:290,3,0,-
DA:291,0
DA:293,0
DA:300,0
FN:300,Math.mulShr
FNDA:0,Math.mulShr
DA:301,0
DA:315,0
FN:315,Math.invMod
FNDA:0,Math.invMod
DA:317,0
DA:327,0
DA:328,0
DA:333,0
DA:334,0
DA:336,0
DA:337,0
DA:339,0
DA:348,0
DA:358,0
DA:359,0
DA:372,0
FN:372,Math.invModPrime
FNDA:0,Math.invModPrime
DA:374,0
DA:391,0
FN:391,Math.modExp
FNDA:0,Math.modExp
DA:392,0
DA:393,0
BRDA:393,6,0,-
DA:394,0
DA:396,0
DA:409,0
FN:409,Math.tryModExp
FNDA:0,Math.tryModExp
DA:410,0
DA:412,0
DA:421,0
DA:422,0
DA:423,0
DA:424,0
DA:425,0
DA:426,0
DA:430,0
DA:431,0
DA:438,0
FN:438,Math.modExp
FNDA:0,Math.modExp
DA:439,0
DA:440,0
BRDA:440,8,0,-
DA:441,0
DA:443,0
DA:449,0
FN:449,Math.tryModExp
FNDA:0,Math.tryModExp
DA:454,0
DA:456,0
DA:459,0
DA:462,0
DA:464,0
DA:467,0
DA:469,0
DA:476,0
FN:476,Math._zeroBytes
FNDA:0,Math._zeroBytes
DA:477,0
DA:478,0
BRDA:478,10,0,-
DA:479,0
DA:482,0
DA:492,0
FN:492,Math.sqrt
FNDA:0,Math.sqrt
DA:495,0
BRDA:495,11,0,-
DA:496,0
DA:511,0
DA:512,0
DA:514,0
BRDA:514,12,0,-
DA:515,0
DA:516,0
DA:518,0
BRDA:518,13,0,-
DA:519,0
DA:520,0
DA:522,0
BRDA:522,14,0,-
DA:523,0
DA:524,0
DA:526,0
BRDA:526,15,0,-
DA:527,0
DA:528,0
DA:530,0
BRDA:530,16,0,-
DA:531,0
DA:532,0
DA:534,0
BRDA:534,17,0,-
DA:535,0
DA:536,0
DA:538,0
BRDA:538,18,0,-
DA:539,0
DA:547,0
DA:584,0
DA:585,0
DA:586,0
DA:587,0
DA:588,0
DA:589,0
DA:594,0
DA:601,0
FN:601,Math.sqrt
FNDA:0,Math.sqrt
DA:603,0
DA:604,0
DA:612,0
FN:612,Math.log2
FNDA:0,Math.log2
DA:614,0
DA:616,0
DA:618,0
DA:620,0
DA:622,0
DA:624,0
DA:649,0
DA:657,0
FN:657,Math.log2
FNDA:0,Math.log2
DA:659,0
DA:660,0
DA:668,0
FN:668,Math.log10
FNDA:0,Math.log10
DA:669,0
DA:671,0
BRDA:671,19,0,-
DA:672,0
DA:673,0
DA:675,0
BRDA:675,20,0,-
DA:676,0
DA:677,0
DA:679,0
BRDA:679,21,0,-
DA:680,0
DA:681,0
DA:683,0
BRDA:683,22,0,-
DA:684,0
DA:685,0
DA:687,0
BRDA:687,23,0,-
DA:688,0
DA:689,0
DA:691,0
BRDA:691,24,0,-
DA:692,0
DA:693,0
DA:695,0
BRDA:695,25,0,-
DA:696,0
DA:699,0
DA:706,0
FN:706,Math.log10
FNDA:0,Math.log10
DA:708,0
DA:709,0
DA:719,0
FN:719,Math.log256
FNDA:0,Math.log256
DA:721,0
DA:723,0
DA:725,0
DA:727,0
DA:729,0
DA:736,0
FN:736,Math.log256
FNDA:0,Math.log256
DA:738,0
DA:739,0
DA:746,0
FN:746,Math.unsignedRoundsUp
FNDA:0,Math.unsignedRoundsUp
DA:747,0
FNF:35
FNH:0
LF:211
LH:0
BRF:22
BRH:0
end_of_record
TN:
SF:node_modules/@openzeppelin/contracts/utils/math/SafeCast.sol
DA:50,0
FN:50,SafeCast.toUint248
FNDA:0,SafeCast.toUint248
DA:51,0
BRDA:51,0,0,-
DA:52,0
DA:54,0
DA:67,0
FN:67,SafeCast.toUint240
FNDA:0,SafeCast.toUint240
DA:68,0
BRDA:68,1,0,-
DA:69,0
DA:71,0
DA:84,0
FN:84,SafeCast.toUint232
FNDA:0,SafeCast.toUint232
DA:85,0
BRDA:85,2,0,-
DA:86,0
DA:88,0
DA:101,0
FN:101,SafeCast.toUint224
FNDA:0,SafeCast.toUint224
DA:102,0
BRDA:102,3,0,-
DA:103,0
DA:105,0
DA:118,0
FN:118,SafeCast.toUint216
FNDA:0,SafeCast.toUint216
DA:119,0
BRDA:119,4,0,-
DA:120,0
DA:122,0
DA:135,0
FN:135,SafeCast.toUint208
FNDA:0,SafeCast.toUint208
DA:136,0
BRDA:136,5,0,-
DA:137,0
DA:139,0
DA:152,0
FN:152,SafeCast.toUint200
FNDA:0,SafeCast.toUint200
DA:153,0
BRDA:153,6,0,-
DA:154,0
DA:156,0
DA:169,0
FN:169,SafeCast.toUint192
FNDA:0,SafeCast.toUint192
DA:170,0
BRDA:170,7,0,-
DA:171,0
DA:173,0
DA:186,0
FN:186,SafeCast.toUint184
FNDA:0,SafeCast.toUint184
DA:187,0
BRDA:187,8,0,-
DA:188,0
DA:190,0
DA:203,0
FN:203,SafeCast.toUint176
FNDA:0,SafeCast.toUint176
DA:204,0
BRDA:204,9,0,-
DA:205,0
DA:207,0
DA:220,0
FN:220,SafeCast.toUint168
FNDA:0,SafeCast.toUint168
DA:221,0
BRDA:221,10,0,-
DA:222,0
DA:224,0
DA:237,0
FN:237,SafeCast.toUint160
FNDA:0,SafeCast.toUint160
DA:238,0
BRDA:238,11,0,-
DA:239,0
DA:241,0
DA:254,0
FN:254,SafeCast.toUint152
FNDA:0,SafeCast.toUint152
DA:255,0
BRDA:255,12,0,-
DA:256,0
DA:258,0
DA:271,0
FN:271,SafeCast.toUint144
FNDA:0,SafeCast.toUint144
DA:272,0
BRDA:272,13,0,-
DA:273,0
DA:275,0
DA:288,0
FN:288,SafeCast.toUint136
FNDA:0,SafeCast.toUint136
DA:289,0
BRDA:289,14,0,-
DA:290,0
DA:292,0
DA:305,0
FN:305,SafeCast.toUint128
FNDA:0,SafeCast.toUint128
DA:306,0
BRDA:306,15,0,-
DA:307,0
DA:309,0
DA:322,0
FN:322,SafeCast.toUint120
FNDA:0,SafeCast.toUint120
DA:323,0
BRDA:323,16,0,-
DA:324,0
DA:326,0
DA:339,0
FN:339,SafeCast.toUint112
FNDA:0,SafeCast.toUint112
DA:340,0
BRDA:340,17,0,-
DA:341,0
DA:343,0
DA:356,0
FN:356,SafeCast.toUint104
FNDA:0,SafeCast.toUint104
DA:357,0
BRDA:357,18,0,-
DA:358,0
DA:360,0
DA:373,0
FN:373,SafeCast.toUint96
FNDA:0,SafeCast.toUint96
DA:374,0
BRDA:374,19,0,-
DA:375,0
DA:377,0
DA:390,0
FN:390,SafeCast.toUint88
FNDA:0,SafeCast.toUint88
DA:391,0
BRDA:391,20,0,-
DA:392,0
DA:394,0
DA:407,0
FN:407,SafeCast.toUint80
FNDA:0,SafeCast.toUint80
DA:408,0
BRDA:408,21,0,-
DA:409,0
DA:411,0
DA:424,0
FN:424,SafeCast.toUint72
FNDA:0,SafeCast.toUint72
DA:425,0
BRDA:425,22,0,-
DA:426,0
DA:428,0
DA:441,0
FN:441,SafeCast.toUint64
FNDA:0,SafeCast.toUint64
DA:442,0
BRDA:442,23,0,-
DA:443,0
DA:445,0
DA:458,0
FN:458,SafeCast.toUint56
FNDA:0,SafeCast.toUint56
DA:459,0
BRDA:459,24,0,-
DA:460,0
DA:462,0
DA:475,0
FN:475,SafeCast.toUint48
FNDA:0,SafeCast.toUint48
DA:476,0
BRDA:476,25,0,-
DA:477,0
DA:479,0
DA:492,0
FN:492,SafeCast.toUint40
FNDA:0,SafeCast.toUint40
DA:493,0
BRDA:493,26,0,-
DA:494,0
DA:496,0
DA:509,0
FN:509,SafeCast.toUint32
FNDA:0,SafeCast.toUint32
DA:510,0
BRDA:510,27,0,-
DA:511,0
DA:513,0
DA:526,0
FN:526,SafeCast.toUint24
FNDA:0,SafeCast.toUint24
DA:527,0
BRDA:527,28,0,-
DA:528,0
DA:530,0
DA:543,0
FN:543,SafeCast.toUint16
FNDA:0,SafeCast.toUint16
DA:544,0
BRDA:544,29,0,-
DA:545,0
DA:547,0
DA:560,0
FN:560,SafeCast.toUint8
FNDA:0,SafeCast.toUint8
DA:561,0
BRDA:561,30,0,-
DA:562,0
DA:564,0
DA:574,0
FN:574,SafeCast.toUint256
FNDA:0,SafeCast.toUint256
DA:575,0
BRDA:575,31,0,-
DA:576,0
DA:578,0
DA:592,0
FN:592,SafeCast.toInt248
FNDA:0,SafeCast.toInt248
DA:593,0
DA:594,0
BRDA:594,32,0,-
DA:595,0
DA:610,0
FN:610,SafeCast.toInt240
FNDA:0,SafeCast.toInt240
DA:611,0
DA:612,0
BRDA:612,33,0,-
DA:613,0
DA:628,0
FN:628,SafeCast.toInt232
FNDA:0,SafeCast.toInt232
DA:629,0
DA:630,0
BRDA:630,34,0,-
DA:631,0
DA:646,0
FN:646,SafeCast.toInt224
FNDA:0,SafeCast.toInt224
DA:647,0
DA:648,0
BRDA:648,35,0,-
DA:649,0
DA:664,0
FN:664,SafeCast.toInt216
FNDA:0,SafeCast.toInt216
DA:665,0
DA:666,0
BRDA:666,36,0,-
DA:667,0
DA:682,0
FN:682,SafeCast.toInt208
FNDA:0,SafeCast.toInt208
DA:683,0
DA:684,0
BRDA:684,37,0,-
DA:685,0
DA:700,0
FN:700,SafeCast.toInt200
FNDA:0,SafeCast.toInt200
DA:701,0
DA:702,0
BRDA:702,38,0,-
DA:703,0
DA:718,0
FN:718,SafeCast.toInt192
FNDA:0,SafeCast.toInt192
DA:719,0
DA:720,0
BRDA:720,39,0,-
DA:721,0
DA:736,0
FN:736,SafeCast.toInt184
FNDA:0,SafeCast.toInt184
DA:737,0
DA:738,0
BRDA:738,40,0,-
DA:739,0
DA:754,0
FN:754,SafeCast.toInt176
FNDA:0,SafeCast.toInt176
DA:755,0
DA:756,0
BRDA:756,41,0,-
DA:757,0
DA:772,0
FN:772,SafeCast.toInt168
FNDA:0,SafeCast.toInt168
DA:773,0
DA:774,0
BRDA:774,42,0,-
DA:775,0
DA:790,0
FN:790,SafeCast.toInt160
FNDA:0,SafeCast.toInt160
DA:791,0
DA:792,0
BRDA:792,43,0,-
DA:793,0
DA:808,0
FN:808,SafeCast.toInt152
FNDA:0,SafeCast.toInt152
DA:809,0
DA:810,0
BRDA:810,44,0,-
DA:811,0
DA:826,0
FN:826,SafeCast.toInt144
FNDA:0,SafeCast.toInt144
DA:827,0
DA:828,0
BRDA:828,45,0,-
DA:829,0
DA:844,0
FN:844,SafeCast.toInt136
FNDA:0,SafeCast.toInt136
DA:845,0
DA:846,0
BRDA:846,46,0,-
DA:847,0
DA:862,0
FN:862,SafeCast.toInt128
FNDA:0,SafeCast.toInt128
DA:863,0
DA:864,0
BRDA:864,47,0,-
DA:865,0
DA:880,0
FN:880,SafeCast.toInt120
FNDA:0,SafeCast.toInt120
DA:881,0
DA:882,0
BRDA:882,48,0,-
DA:883,0
DA:898,0
FN:898,SafeCast.toInt112
FNDA:0,SafeCast.toInt112
DA:899,0
DA:900,0
BRDA:900,49,0,-
DA:901,0
DA:916,0
FN:916,SafeCast.toInt104
FNDA:0,SafeCast.toInt104
DA:917,0
DA:918,0
BRDA:918,50,0,-
DA:919,0
DA:934,0
FN:934,SafeCast.toInt96
FNDA:0,SafeCast.toInt96
DA:935,0
DA:936,0
BRDA:936,51,0,-
DA:937,0
DA:952,0
FN:952,SafeCast.toInt88
FNDA:0,SafeCast.toInt88
DA:953,0
DA:954,0
BRDA:954,52,0,-
DA:955,0
DA:970,0
FN:970,SafeCast.toInt80
FNDA:0,SafeCast.toInt80
DA:971,0
DA:972,0
BRDA:972,53,0,-
DA:973,0
DA:988,0
FN:988,SafeCast.toInt72
FNDA:0,SafeCast.toInt72
DA:989,0
DA:990,0
BRDA:990,54,0,-
DA:991,0
DA:1006,0
FN:1006,SafeCast.toInt64
FNDA:0,SafeCast.toInt64
DA:1007,0
DA:1008,0
BRDA:1008,55,0,-
DA:1009,0
DA:1024,0
FN:1024,SafeCast.toInt56
FNDA:0,SafeCast.toInt56
DA:1025,0
DA:1026,0
BRDA:1026,56,0,-
DA:1027,0
DA:1042,0
FN:1042,SafeCast.toInt48
FNDA:0,SafeCast.toInt48
DA:1043,0
DA:1044,0
BRDA:1044,57,0,-
DA:1045,0
DA:1060,0
FN:1060,SafeCast.toInt40
FNDA:0,SafeCast.toInt40
DA:1061,0
DA:1062,0
BRDA:1062,58,0,-
DA:1063,0
DA:1078,0
FN:1078,SafeCast.toInt32
FNDA:0,SafeCast.toInt32
DA:1079,0
DA:1080,0
BRDA:1080,59,0,-
DA:1081,0
DA:1096,0
FN:1096,SafeCast.toInt24
FNDA:0,SafeCast.toInt24
DA:1097,0
DA:1098,0
BRDA:1098,60,0,-
DA:1099,0
DA:1114,0
FN:1114,SafeCast.toInt16
FNDA:0,SafeCast.toInt16
DA:1115,0
DA:1116,0
BRDA:1116,61,0,-
DA:1117,0
DA:1132,0
FN:1132,SafeCast.toInt8
FNDA:0,SafeCast.toInt8
DA:1133,0
DA:1134,0
BRDA:1134,62,0,-
DA:1135,0
DA:1146,0
FN:1146,SafeCast.toInt256
FNDA:0,SafeCast.toInt256
DA:1148,0
BRDA:1148,63,0,-
DA:1149,0
DA:1151,0
DA:1157,0
FN:1157,SafeCast.toUint
FNDA:0,SafeCast.toUint
DA:1159,0
FNF:65
FNH:0
LF:258
LH:0
BRF:64
BRH:0
end_of_record
TN:
SF:node_modules/@openzeppelin/contracts/utils/math/SignedMath.sol
DA:19,0
FN:19,SignedMath.ternary
FNDA:0,SignedMath.ternary
DA:24,0
DA:31,0
FN:31,SignedMath.max
FNDA:0,SignedMath.max
DA:32,0
DA:38,0
FN:38,SignedMath.min
FNDA:0,SignedMath.min
DA:39,0
DA:46,0
FN:46,SignedMath.average
FNDA:0,SignedMath.average
DA:48,0
DA:49,0
DA:55,0
FN:55,SignedMath.abs
FNDA:0,SignedMath.abs
DA:62,0
DA:65,0
FNF:5
FNH:0
LF:12
LH:0
BRF:0
BRH:0
end_of_record
TN:
SF:node_modules/@uniswap/v4-core/src/ERC6909.sol
DA:25,0
FN:25,ERC6909.transfer
FNDA:0,ERC6909.transfer
DA:26,0
DA:28,0
DA:30,0
DA:32,0
DA:35,0
FN:35,ERC6909.transferFrom
FNDA:0,ERC6909.transferFrom
DA:36,0
BRDA:36,0,0,-
DA:37,0
DA:38,0
BRDA:38,1,0,-
DA:41,0
DA:43,0
DA:45,0
DA:47,0
DA:50,0
FN:50,ERC6909.approve
FNDA:0,ERC6909.approve
DA:51,0
DA:53,0
DA:55,0
DA:58,0
FN:58,ERC6909.setOperator
FNDA:0,ERC6909.setOperator
DA:59,0
DA:61,0
DA:63,0
DA:70,0
FN:70,ERC6909.supportsInterface
FNDA:0,ERC6909.supportsInterface
DA:71,0
DA:72,0
DA:79,0
FN:79,ERC6909._mint
FNDA:0,ERC6909._mint
DA:80,0
DA:82,0
DA:85,0
FN:85,ERC6909._burn
FNDA:0,ERC6909._burn
DA:86,0
DA:88,0
FNF:7
FNH:0
LF:30
LH:0
BRF:2
BRH:0
end_of_record
TN:
SF:node_modules/@uniswap/v4-core/src/ERC6909Claims.sol
DA:13,0
FN:13,ERC6909Claims._burnFrom
FNDA:0,ERC6909Claims._burnFrom
DA:14,0
DA:15,0
BRDA:15,0,0,-
DA:16,0
DA:17,0
BRDA:17,1,0,-
DA:18,0
DA:21,0
FNF:1
FNH:0
LF:7
LH:0
BRF:2
BRH:0
end_of_record
TN:
SF:node_modules/@uniswap/v4-core/src/Extsload.sol
DA:10,0
FN:10,Extsload.extsload
FNDA:0,Extsload.extsload
DA:12,0
DA:13,0
DA:18,0
FN:18,Extsload.extsload
FNDA:0,Extsload.extsload
DA:20,0
DA:21,0
DA:23,0
DA:25,0
DA:27,0
DA:29,0
DA:30,0
DA:31,0
DA:32,0
DA:33,0
DA:34,0
DA:35,0
BRDA:35,0,0,-
DA:37,0
DA:42,0
FN:42,Extsload.extsload
FNDA:0,Extsload.extsload
DA:44,0
DA:45,0
DA:47,0
DA:49,0
DA:51,0
DA:53,0
DA:54,0
DA:55,0
DA:56,0
DA:57,0
DA:58,0
DA:59,0
BRDA:59,1,0,-
DA:61,0
FNF:3
FNH:0
LF:31
LH:0
BRF:2
BRH:0
end_of_record
TN:
SF:node_modules/@uniswap/v4-core/src/Exttload.sol
DA:10,0
FN:10,Exttload.exttload
FNDA:0,Exttload.exttload
DA:12,0
DA:13,0
DA:18,0
FN:18,Exttload.exttload
FNDA:0,Exttload.exttload
DA:20,0
DA:21,0
DA:23,0
DA:25,0
DA:27,0
DA:29,0
DA:30,0
DA:31,0
DA:32,0
DA:33,0
DA:34,0
DA:35,0
BRDA:35,0,0,-
DA:37,0
FNF:2
FNH:0
LF:17
LH:0
BRF:1
BRH:0
end_of_record
TN:
SF:node_modules/@uniswap/v4-core/src/NoDelegateCall.sol
DA:16,0
FN:16,NoDelegateCall.constructor
FNDA:0,NoDelegateCall.constructor
DA:19,0
DA:24,0
FN:24,NoDelegateCall.checkNotDelegateCall
FNDA:0,NoDelegateCall.checkNotDelegateCall
DA:25,0
BRDA:25,0,0,-
DA:29,0
FN:29,NoDelegateCall.noDelegateCall
FNDA:0,NoDelegateCall.noDelegateCall
DA:30,0
FNF:3
FNH:0
LF:6
LH:0
BRF:1
BRH:0
end_of_record
TN:
SF:node_modules/@uniswap/v4-core/src/PoolManager.sol
DA:96,0
FN:96,PoolManager.onlyWhenUnlocked
FNDA:0,PoolManager.onlyWhenUnlocked
DA:97,0
BRDA:97,0,0,-
DA:104,0
FN:104,PoolManager.unlock
FNDA:0,PoolManager.unlock
DA:105,0
BRDA:105,1,0,-
DA:107,0
DA:110,0
DA:112,0
BRDA:112,2,0,-
DA:113,0
DA:117,0
FN:117,PoolManager.initialize
FNDA:0,PoolManager.initialize
DA:119,0
BRDA:119,3,0,-
DA:120,0
BRDA:120,4,0,-
DA:121,0
BRDA:121,5,0,-
DA:122,0
DA:126,0
BRDA:126,6,0,-
DA:128,0
DA:130,0
DA:132,0
DA:134,0
DA:139,0
DA:141,0
DA:145,0
FN:145,PoolManager.modifyLiquidity
FNDA:0,PoolManager.modifyLiquidity
DA:151,0
DA:153,0
DA:154,0
DA:156,0
DA:158,0
DA:159,0
DA:171,0
DA:175,0
DA:177,0
DA:178,0
DA:181,0
BRDA:181,7,0,-
DA:183,0
DA:187,0
FN:187,PoolManager.swap
FNDA:0,PoolManager.swap
DA:193,0
BRDA:193,8,0,-
DA:194,0
DA:195,0
DA:196,0
DA:198,0
DA:200,0
DA:201,0
DA:202,0
DA:206,0
DA:220,0
DA:221,0
DA:224,0
BRDA:224,9,0,-
DA:226,0
DA:230,0
FN:230,PoolManager._swap
FNDA:0,PoolManager._swap
DA:234,0
DA:235,0
DA:238,0
BRDA:238,10,0,-
DA:241,0
DA:252,0
DA:256,0
FN:256,PoolManager.donate
FNDA:0,PoolManager.donate
DA:262,0
DA:263,0
DA:264,0
DA:266,0
DA:268,0
DA:270,0
DA:273,0
DA:275,0
DA:279,0
FN:279,PoolManager.sync
FNDA:0,PoolManager.sync
DA:281,0
BRDA:281,11,0,-
BRDA:281,11,1,-
DA:283,0
DA:285,0
DA:286,0
DA:291,0
FN:291,PoolManager.take
FNDA:0,PoolManager.take
DA:294,0
DA:295,0
DA:300,0
FN:300,PoolManager.settle
FNDA:0,PoolManager.settle
DA:301,0
DA:305,0
FN:305,PoolManager.settleFor
FNDA:0,PoolManager.settleFor
DA:306,0
DA:310,0
FN:310,PoolManager.clear
FNDA:0,PoolManager.clear
DA:311,0
DA:313,0
DA:314,0
BRDA:314,12,0,-
DA:317,0
DA:322,0
FN:322,PoolManager.mint
FNDA:0,PoolManager.mint
DA:324,0
DA:326,0
DA:327,0
DA:332,0
FN:332,PoolManager.burn
FNDA:0,PoolManager.burn
DA:333,0
DA:334,0
DA:335,0
DA:339,0
FN:339,PoolManager.updateDynamicLPFee
FNDA:0,PoolManager.updateDynamicLPFee
DA:340,0
BRDA:340,13,0,-
DA:341,0
DA:343,0
DA:344,0
DA:345,0
DA:349,0
FN:349,PoolManager._settle
FNDA:0,PoolManager._settle
DA:350,0
DA:353,0
BRDA:353,14,0,-
BRDA:353,14,1,-
DA:354,0
DA:356,0
BRDA:356,15,0,-
DA:358,0
DA:359,0
DA:360,0
DA:361,0
DA:364,0
DA:368,0
FN:368,PoolManager._accountDelta
FNDA:0,PoolManager._accountDelta
DA:369,0
DA:371,0
DA:373,0
BRDA:373,17,0,-
BRDA:373,17,1,-
DA:374,0
DA:375,0
BRDA:375,18,0,-
DA:376,0
DA:381,0
FN:381,PoolManager._accountPoolBalanceDelta
FNDA:0,PoolManager._accountPoolBalanceDelta
DA:382,0
DA:383,0
DA:387,0
FN:387,PoolManager._getPool
FNDA:0,PoolManager._getPool
DA:388,0
DA:392,0
FN:392,PoolManager._isUnlocked
FNDA:0,PoolManager._isUnlocked
DA:393,0
FNF:20
FNH:0
LF:117
LH:0
BRF:21
BRH:0
end_of_record
TN:
SF:node_modules/@uniswap/v4-core/src/ProtocolFees.sol
DA:29,0
FN:29,ProtocolFees.setProtocolFeeController
FNDA:0,ProtocolFees.setProtocolFeeController
DA:30,0
DA:31,0
DA:35,0
FN:35,ProtocolFees.setProtocolFee
FNDA:0,ProtocolFees.setProtocolFee
DA:36,0
BRDA:36,0,0,-
DA:37,0
BRDA:37,1,0,-
DA:38,0
DA:39,0
DA:40,0
DA:44,0
FN:44,ProtocolFees.collectProtocolFees
FNDA:0,ProtocolFees.collectProtocolFees
DA:48,0
BRDA:48,2,0,-
DA:49,0
BRDA:49,3,0,-
DA:51,0
DA:54,0
DA:55,0
DA:56,0
DA:66,0
FN:66,ProtocolFees._updateProtocolFees
FNDA:0,ProtocolFees._updateProtocolFees
DA:68,0
FNF:4
FNH:0
LF:18
LH:0
BRF:4
BRH:0
end_of_record
TN:
SF:node_modules/@uniswap/v4-core/src/libraries/BitMath.sol
DA:12,0
FN:12,BitMath.mostSignificantBit
FNDA:0,BitMath.mostSignificantBit
DA:13,0
BRDA:13,0,0,-
BRDA:13,0,1,-
DA:16,0
DA:17,0
DA:18,0
DA:19,0
DA:20,0
DA:22,0
DA:31,0
FN:31,BitMath.leastSignificantBit
FNDA:0,BitMath.leastSignificantBit
DA:32,0
BRDA:32,1,0,-
BRDA:32,1,1,-
DA:36,0
DA:40,0
DA:45,0
FNF:2
FNH:0
LF:13
LH:0
BRF:4
BRH:0
end_of_record
TN:
SF:node_modules/@uniswap/v4-core/src/libraries/CurrencyDelta.sol
DA:10,0
FN:10,CurrencyDelta._computeSlot
FNDA:0,CurrencyDelta._computeSlot
DA:12,0
DA:13,0
DA:14,0
DA:18,0
FN:18,CurrencyDelta.getDelta
FNDA:0,CurrencyDelta.getDelta
DA:19,0
DA:21,0
DA:28,0
FN:28,CurrencyDelta.applyDelta
FNDA:0,CurrencyDelta.applyDelta
DA:32,0
DA:35,0
DA:37,0
DA:39,0
FNF:3
FNH:0
LF:12
LH:0
BRF:0
BRH:0
end_of_record
TN:
SF:node_modules/@uniswap/v4-core/src/libraries/CurrencyReserves.sol
DA:15,0
FN:15,CurrencyReserves.getSyncedCurrency
FNDA:0,CurrencyReserves.getSyncedCurrency
DA:17,0
DA:21,0
FN:21,CurrencyReserves.resetCurrency
FNDA:0,CurrencyReserves.resetCurrency
DA:23,0
DA:27,0
FN:27,CurrencyReserves.syncCurrencyAndReserves
FNDA:0,CurrencyReserves.syncCurrencyAndReserves
DA:29,0
DA:30,0
DA:34,0
FN:34,CurrencyReserves.getSyncedReserves
FNDA:0,CurrencyReserves.getSyncedReserves
DA:36,0
FNF:4
FNH:0
LF:9
LH:0
BRF:0
BRH:0
end_of_record
TN:
SF:node_modules/@uniswap/v4-core/src/libraries/CustomRevert.sol
DA:14,0
FN:14,CustomRevert.revertWith
FNDA:0,CustomRevert.revertWith
DA:16,0
DA:17,0
DA:22,0
FN:22,CustomRevert.revertWith
FNDA:0,CustomRevert.revertWith
DA:24,0
DA:25,0
DA:26,0
DA:31,0
FN:31,CustomRevert.revertWith
FNDA:0,CustomRevert.revertWith
DA:33,0
DA:34,0
DA:35,0
DA:40,0
FN:40,CustomRevert.revertWith
FNDA:0,CustomRevert.revertWith
DA:42,0
DA:43,0
DA:44,0
DA:49,0
FN:49,CustomRevert.revertWith
FNDA:0,CustomRevert.revertWith
DA:51,0
DA:52,0
DA:53,0
DA:54,0
DA:55,0
DA:60,0
FN:60,CustomRevert.revertWith
FNDA:0,CustomRevert.revertWith
DA:62,0
DA:63,0
DA:64,0
DA:65,0
DA:66,0
DA:71,0
FN:71,CustomRevert.revertWith
FNDA:0,CustomRevert.revertWith
DA:73,0
DA:74,0
DA:75,0
DA:76,0
DA:77,0
DA:83,0
FN:83,CustomRevert.bubbleUpAndRevertWith
FNDA:0,CustomRevert.bubbleUpAndRevertWith
DA:88,0
DA:91,0
DA:93,0
DA:96,0
DA:97,0
DA:98,0
DA:103,0
DA:105,0
DA:107,0
DA:109,0
DA:111,0
DA:113,0
DA:117,0
FNF:8
FNH:0
LF:47
LH:0
BRF:0
BRH:0
end_of_record
TN:
SF:node_modules/@uniswap/v4-core/src/libraries/FullMath.sol
DA:14,0
FN:14,FullMath.mulDiv
FNDA:0,FullMath.mulDiv
DA:21,0
DA:22,0
DA:24,0
DA:25,0
DA:30,0
BRDA:30,0,0,-
BRDA:30,0,1,-
DA:33,0
BRDA:33,1,0,-
DA:35,0
DA:37,0
DA:46,0
DA:48,0
DA:52,0
DA:53,0
DA:59,0
DA:62,0
DA:67,0
DA:73,0
DA:75,0
DA:82,0
DA:86,0
DA:87,0
DA:88,0
DA:89,0
DA:90,0
DA:91,0
DA:99,0
DA:100,0
DA:109,0
FN:109,FullMath.mulDivRoundingUp
FNDA:0,FullMath.mulDivRoundingUp
DA:111,0
DA:112,0
BRDA:112,2,0,-
DA:113,0
BRDA:113,3,0,-
BRDA:113,3,1,-
FNF:2
FNH:0
LF:31
LH:0
BRF:6
BRH:0
end_of_record
TN:
SF:node_modules/@uniswap/v4-core/src/libraries/Hooks.sol
DA:83,0
FN:83,Hooks.validateHookPermissions
FNDA:0,Hooks.validateHookPermissions
DA:85,0
DA:86,0
DA:87,0
DA:88,0
DA:89,0
DA:90,0
DA:91,0
DA:92,0
DA:93,0
DA:94,0
DA:95,0
DA:96,0
DA:97,0
DA:98,0
DA:99,0
DA:100,0
BRDA:100,0,0,-
DA:101,0
DA:109,0
FN:109,Hooks.isValidHookAddress
FNDA:0,Hooks.isValidHookAddress
DA:111,0
DA:112,0
DA:113,0
DA:114,0
BRDA:114,3,0,-
DA:115,0
DA:118,0
DA:119,0
DA:124,0
DA:131,0
FN:131,Hooks.callHook
FNDA:0,Hooks.callHook
DA:132,0
DA:134,0
DA:137,0
BRDA:137,5,0,-
DA:142,0
DA:144,0
DA:146,0
DA:148,0
DA:152,0
BRDA:152,6,0,-
DA:153,0
DA:159,0
FN:159,Hooks.callHookWithReturnDelta
FNDA:0,Hooks.callHookWithReturnDelta
DA:160,0
DA:163,0
DA:166,0
BRDA:166,8,0,-
DA:167,0
DA:171,0
FN:171,Hooks.noSelfCall
FNDA:0,Hooks.noSelfCall
DA:172,0
BRDA:172,9,0,-
DA:178,0
FN:178,Hooks.beforeInitialize
FNDA:0,Hooks.beforeInitialize
DA:179,0
BRDA:179,10,0,-
DA:180,0
DA:185,0
FN:185,Hooks.afterInitialize
FNDA:0,Hooks.afterInitialize
DA:189,0
BRDA:189,11,0,-
DA:190,0
DA:195,0
FN:195,Hooks.beforeModifyLiquidity
FNDA:0,Hooks.beforeModifyLiquidity
DA:201,0
BRDA:201,12,0,-
BRDA:201,12,1,-
DA:202,0
DA:203,0
BRDA:203,13,0,-
DA:204,0
DA:209,0
FN:209,Hooks.afterModifyLiquidity
FNDA:0,Hooks.afterModifyLiquidity
DA:217,0
DA:219,0
DA:220,0
BRDA:220,15,0,-
BRDA:220,15,1,-
DA:221,0
BRDA:221,16,0,-
DA:222,0
DA:230,0
DA:233,0
BRDA:233,17,0,-
DA:234,0
DA:242,0
DA:248,0
FN:248,Hooks.beforeSwap
FNDA:0,Hooks.beforeSwap
DA:252,0
DA:253,0
DA:255,0
BRDA:255,19,0,-
DA:256,0
DA:259,0
BRDA:259,20,0,-
DA:263,0
BRDA:263,21,0,-
DA:266,0
BRDA:266,22,0,-
DA:267,0
DA:270,0
DA:273,0
BRDA:273,23,0,-
DA:274,0
DA:275,0
DA:276,0
BRDA:276,24,0,-
DA:277,0
DA:285,0
FN:285,Hooks.afterSwap
FNDA:0,Hooks.afterSwap
DA:293,0
DA:295,0
DA:296,0
DA:298,0
BRDA:298,26,0,-
DA:299,0
DA:305,0
DA:306,0
BRDA:306,27,0,-
DA:307,0
DA:312,0
DA:314,0
DA:318,0
FN:318,Hooks.beforeDonate
FNDA:0,Hooks.beforeDonate
DA:322,0
BRDA:322,28,0,-
DA:323,0
DA:328,0
FN:328,Hooks.afterDonate
FNDA:0,Hooks.afterDonate
DA:332,0
BRDA:332,29,0,-
DA:333,0
DA:337,0
FN:337,Hooks.hasPermission
FNDA:0,Hooks.hasPermission
DA:338,0
FNF:14
FNH:0
LF:99
LH:0
BRF:25
BRH:0
end_of_record
TN:
SF:node_modules/@uniswap/v4-core/src/libraries/LPFeeLibrary.sol
DA:30,0
FN:30,LPFeeLibrary.isDynamicFee
FNDA:0,LPFeeLibrary.isDynamicFee
DA:31,0
DA:37,0
FN:37,LPFeeLibrary.isValid
FNDA:0,LPFeeLibrary.isValid
DA:38,0
DA:43,0
FN:43,LPFeeLibrary.validate
FNDA:0,LPFeeLibrary.validate
DA:44,0
BRDA:44,0,0,-
DA:51,0
FN:51,LPFeeLibrary.getInitialLPFee
FNDA:0,LPFeeLibrary.getInitialLPFee
DA:53,0
DA:54,0
DA:55,0
DA:61,0
FN:61,LPFeeLibrary.isOverride
FNDA:0,LPFeeLibrary.isOverride
DA:62,0
DA:68,0
FN:68,LPFeeLibrary.removeOverrideFlag
FNDA:0,LPFeeLibrary.removeOverrideFlag
DA:69,0
DA:75,0
FN:75,LPFeeLibrary.removeOverrideFlagAndValidate
FNDA:0,LPFeeLibrary.removeOverrideFlagAndValidate
DA:76,0
DA:77,0
FNF:7
FNH:0
LF:17
LH:0
BRF:1
BRH:0
end_of_record
TN:
SF:node_modules/@uniswap/v4-core/src/libraries/LiquidityMath.sol
DA:10,0
FN:10,LiquidityMath.addDelta
FNDA:0,LiquidityMath.addDelta
DA:12,0
DA:13,0
BRDA:13,0,0,-
DA:15,0
DA:16,0
FNF:1
FNH:0
LF:5
LH:0
BRF:1
BRH:0
end_of_record
TN:
SF:node_modules/@uniswap/v4-core/src/libraries/Lock.sol
DA:10,0
FN:10,Lock.unlock
FNDA:0,Lock.unlock
DA:13,0
DA:17,0
FN:17,Lock.lock
FNDA:0,Lock.lock
DA:19,0
DA:23,0
FN:23,Lock.isUnlocked
FNDA:0,Lock.isUnlocked
DA:25,0
FNF:3
FNH:0
LF:6
LH:0
BRF:0
BRH:0
end_of_record
TN:
SF:node_modules/@uniswap/v4-core/src/libraries/NonzeroDeltaCount.sol
DA:12,0
FN:12,NonzeroDeltaCount.read
FNDA:0,NonzeroDeltaCount.read
DA:14,0
DA:18,0
FN:18,NonzeroDeltaCount.increment
FNDA:0,NonzeroDeltaCount.increment
DA:20,0
DA:21,0
DA:22,0
DA:28,0
FN:28,NonzeroDeltaCount.decrement
FNDA:0,NonzeroDeltaCount.decrement
DA:30,0
DA:31,0
DA:32,0
FNF:3
FNH:0
LF:10
LH:0
BRF:0
BRH:0
end_of_record
TN:
SF:node_modules/@uniswap/v4-core/src/libraries/ParseBytes.sol
DA:9,0
FN:9,ParseBytes.parseSelector
FNDA:0,ParseBytes.parseSelector
DA:12,0
DA:16,0
FN:16,ParseBytes.parseFee
FNDA:0,ParseBytes.parseFee
DA:19,0
DA:23,0
FN:23,ParseBytes.parseReturnDelta
FNDA:0,ParseBytes.parseReturnDelta
DA:26,0
FNF:3
FNH:0
LF:6
LH:0
BRF:0
BRH:0
end_of_record
TN:
SF:node_modules/@uniswap/v4-core/src/libraries/Pool.sol
DA:94,0
FN:94,Pool.checkTicks
FNDA:0,Pool.checkTicks
DA:95,0
BRDA:95,0,0,-
DA:96,0
BRDA:96,1,0,-
DA:97,0
BRDA:97,2,0,-
DA:100,0
FN:100,Pool.initialize
FNDA:0,Pool.initialize
DA:101,0
BRDA:101,3,0,-
DA:103,0
DA:106,0
DA:109,0
FN:109,Pool.setProtocolFee
FNDA:0,Pool.setProtocolFee
DA:110,0
DA:111,0
DA:115,0
FN:115,Pool.setLPFee
FNDA:0,Pool.setLPFee
DA:116,0
DA:117,0
DA:146,0
FN:146,Pool.modifyLiquidity
FNDA:0,Pool.modifyLiquidity
DA:150,0
DA:151,0
DA:152,0
DA:153,0
DA:156,0
DA:159,0
BRDA:159,4,0,-
DA:160,0
DA:162,0
DA:165,0
BRDA:165,5,0,-
DA:166,0
DA:167,0
BRDA:167,6,0,-
DA:168,0
DA:170,0
BRDA:170,7,0,-
DA:171,0
DA:175,0
BRDA:175,8,0,-
DA:176,0
DA:178,0
BRDA:178,9,0,-
DA:179,0
DA:184,0
DA:185,0
DA:187,0
DA:188,0
DA:189,0
DA:192,0
DA:196,0
BRDA:196,10,0,-
DA:197,0
BRDA:197,11,0,-
DA:198,0
DA:200,0
BRDA:200,12,0,-
DA:201,0
DA:206,0
BRDA:206,13,0,-
DA:207,0
DA:208,0
DA:209,0
BRDA:209,14,0,-
BRDA:209,14,1,-
DA:212,0
DA:218,0
BRDA:218,15,0,-
BRDA:218,15,1,-
DA:219,0
DA:226,0
DA:230,0
DA:279,0
FN:279,Pool.swap
FNDA:0,Pool.swap
DA:283,0
DA:284,0
DA:286,0
DA:287,0
DA:290,0
DA:292,0
DA:294,0
DA:296,0
DA:298,0
DA:303,0
DA:307,0
DA:311,0
BRDA:311,16,0,-
DA:313,0
BRDA:313,17,0,-
DA:314,0
DA:320,0
DA:322,0
BRDA:322,19,0,-
BRDA:322,19,1,-
DA:323,0
BRDA:323,20,0,-
DA:324,0
DA:328,0
BRDA:328,21,0,-
DA:329,0
DA:332,0
BRDA:332,22,0,-
DA:333,0
DA:335,0
BRDA:335,23,0,-
DA:336,0
DA:340,0
DA:341,0
DA:344,0
DA:345,0
DA:347,0
DA:351,0
BRDA:351,24,0,-
DA:352,0
DA:354,0
BRDA:354,25,0,-
DA:355,0
DA:359,0
DA:362,0
DA:371,0
BRDA:371,26,0,-
BRDA:371,26,1,-
DA:373,0
DA:375,0
DA:379,0
DA:381,0
DA:385,0
BRDA:385,27,0,-
DA:391,0
DA:395,0
DA:396,0
DA:401,0
BRDA:401,28,0,-
DA:404,0
DA:413,0
BRDA:413,29,0,-
BRDA:413,29,1,-
DA:415,0
BRDA:415,30,0,-
DA:416,0
DA:419,0
DA:420,0
DA:424,0
BRDA:424,31,0,-
DA:427,0
DA:431,0
DA:433,0
BRDA:433,32,0,-
DA:435,0
DA:439,0
DA:442,0
BRDA:442,33,0,-
DA:445,0
BRDA:445,34,0,-
BRDA:445,34,1,-
DA:446,0
DA:448,0
DA:453,0
BRDA:453,35,0,-
BRDA:453,35,1,-
DA:454,0
DA:458,0
DA:466,0
FN:466,Pool.donate
FNDA:0,Pool.donate
DA:467,0
DA:468,0
BRDA:468,36,0,-
DA:471,0
DA:473,0
BRDA:473,37,0,-
DA:474,0
DA:476,0
BRDA:476,38,0,-
DA:477,0
DA:488,0
FN:488,Pool.getFeeGrowthInside
FNDA:0,Pool.getFeeGrowthInside
DA:493,0
DA:494,0
DA:495,0
DA:498,0
BRDA:498,39,0,-
BRDA:498,39,1,-
DA:499,0
DA:500,0
DA:501,0
BRDA:501,40,0,-
BRDA:501,40,1,-
DA:502,0
DA:503,0
DA:505,0
DA:507,0
DA:520,0
FN:520,Pool.updateTick
FNDA:0,Pool.updateTick
DA:524,0
DA:526,0
DA:527,0
DA:529,0
DA:531,0
DA:533,0
BRDA:533,41,0,-
DA:535,0
BRDA:535,42,0,-
DA:536,0
DA:537,0
DA:543,0
DA:547,0
DA:565,0
FN:565,Pool.tickSpacingToMaxLiquidityPerTick
FNDA:0,Pool.tickSpacingToMaxLiquidityPerTick
DA:572,0
DA:573,0
DA:576,0
DA:577,0
DA:578,0
DA:579,0
DA:580,0
DA:585,0
FN:585,Pool.checkPoolInitialized
FNDA:0,Pool.checkPoolInitialized
DA:586,0
BRDA:586,43,0,-
DA:592,0
FN:592,Pool.clearTick
FNDA:0,Pool.clearTick
DA:593,0
DA:602,0
FN:602,Pool.crossTick
FNDA:0,Pool.crossTick
DA:607,0
DA:608,0
DA:609,0
DA:610,0
FNF:13
FNH:0
LF:167
LH:0
BRF:52
BRH:0
end_of_record
TN:
SF:node_modules/@uniswap/v4-core/src/libraries/Position.sol
DA:34,0
FN:34,Position.get
FNDA:0,Position.get
DA:39,0
DA:40,0
DA:48,0
FN:48,Position.calculatePositionKey
FNDA:0,Position.calculatePositionKey
DA:55,0
DA:56,0
DA:57,0
DA:58,0
DA:59,0
DA:60,0
DA:63,0
DA:64,0
DA:65,0
DA:76,0
FN:76,Position.update
FNDA:0,Position.update
DA:82,0
DA:84,0
BRDA:84,0,0,-
BRDA:84,0,1,-
DA:86,0
BRDA:86,1,0,-
DA:88,0
DA:93,0
DA:95,0
DA:100,0
DA:101,0
FNF:3
FNH:0
LF:22
LH:0
BRF:3
BRH:0
end_of_record
TN:
SF:node_modules/@uniswap/v4-core/src/libraries/ProtocolFeeLibrary.sol
DA:17,0
FN:17,ProtocolFeeLibrary.getZeroForOneFee
FNDA:0,ProtocolFeeLibrary.getZeroForOneFee
DA:18,0
DA:21,0
FN:21,ProtocolFeeLibrary.getOneForZeroFee
FNDA:0,ProtocolFeeLibrary.getOneForZeroFee
DA:22,0
DA:25,0
FN:25,ProtocolFeeLibrary.isValidProtocolFee
FNDA:0,ProtocolFeeLibrary.isValidProtocolFee
DA:28,0
DA:29,0
DA:30,0
DA:38,0
FN:38,ProtocolFeeLibrary.calculateSwapFee
FNDA:0,ProtocolFeeLibrary.calculateSwapFee
DA:41,0
DA:42,0
DA:43,0
DA:44,0
FNF:4
FNH:0
LF:13
LH:0
BRF:0
BRH:0
end_of_record
TN:
SF:node_modules/@uniswap/v4-core/src/libraries/SafeCast.sol
DA:16,0
FN:16,SafeCast.toUint160
FNDA:0,SafeCast.toUint160
DA:17,0
DA:18,0
BRDA:18,0,0,-
DA:24,0
FN:24,SafeCast.toUint128
FNDA:0,SafeCast.toUint128
DA:25,0
DA:26,0
BRDA:26,1,0,-
DA:32,0
FN:32,SafeCast.toUint128
FNDA:0,SafeCast.toUint128
DA:33,0
BRDA:33,2,0,-
DA:34,0
DA:40,0
FN:40,SafeCast.toInt128
FNDA:0,SafeCast.toInt128
DA:41,0
DA:42,0
BRDA:42,3,0,-
DA:48,0
FN:48,SafeCast.toInt256
FNDA:0,SafeCast.toInt256
DA:49,0
DA:50,0
BRDA:50,4,0,-
DA:56,0
FN:56,SafeCast.toInt128
FNDA:0,SafeCast.toInt128
DA:57,0
BRDA:57,5,0,-
DA:58,0
FNF:6
FNH:0
LF:18
LH:0
BRF:6
BRH:0
end_of_record
TN:
SF:node_modules/@uniswap/v4-core/src/libraries/SqrtPriceMath.sol
DA:31,0
FN:31,SqrtPriceMath.getNextSqrtPriceFromAmount0RoundingUp
FNDA:0,SqrtPriceMath.getNextSqrtPriceFromAmount0RoundingUp
DA:37,0
DA:38,0
DA:40,0
BRDA:40,1,0,-
BRDA:40,1,1,-
DA:42,0
DA:43,0
BRDA:43,2,0,-
DA:44,0
DA:45,0
BRDA:45,3,0,-
DA:47,0
DA:52,0
DA:55,0
DA:60,0
BRDA:60,4,0,-
DA:66,0
DA:67,0
DA:70,0
DA:71,0
DA:86,0
FN:86,SqrtPriceMath.getNextSqrtPriceFromAmount1RoundingDown
FNDA:0,SqrtPriceMath.getNextSqrtPriceFromAmount1RoundingDown
DA:93,0
BRDA:93,5,0,-
BRDA:93,5,1,-
DA:94,0
DA:100,0
DA:102,0
DA:110,0
BRDA:110,6,0,-
DA:111,0
DA:112,0
DA:117,0
DA:129,0
FN:129,SqrtPriceMath.getNextSqrtPriceFromInput
FNDA:0,SqrtPriceMath.getNextSqrtPriceFromInput
DA:136,0
BRDA:136,7,0,-
DA:140,0
DA:141,0
DA:146,0
DA:158,0
FN:158,SqrtPriceMath.getNextSqrtPriceFromOutput
FNDA:0,SqrtPriceMath.getNextSqrtPriceFromOutput
DA:165,0
BRDA:165,8,0,-
DA:169,0
DA:170,0
DA:175,0
DA:188,0
FN:188,SqrtPriceMath.getAmount0Delta
FNDA:0,SqrtPriceMath.getAmount0Delta
DA:194,0
BRDA:194,9,0,-
DA:198,0
BRDA:198,10,0,-
DA:199,0
DA:200,0
DA:204,0
DA:205,0
DA:207,0
DA:214,0
FN:214,SqrtPriceMath.absDiff
FNDA:0,SqrtPriceMath.absDiff
DA:216,0
DA:219,0
DA:223,0
DA:234,0
FN:234,SqrtPriceMath.getAmount1Delta
FNDA:0,SqrtPriceMath.getAmount1Delta
DA:239,0
DA:240,0
DA:241,0
DA:250,0
DA:252,0
DA:261,0
FN:261,SqrtPriceMath.getAmount0Delta
FNDA:0,SqrtPriceMath.getAmount0Delta
DA:267,0
DA:278,0
FN:278,SqrtPriceMath.getAmount1Delta
FNDA:0,SqrtPriceMath.getAmount1Delta
DA:284,0
FNF:9
FNH:0
LF:57
LH:0
BRF:12
BRH:0
end_of_record
TN:
SF:node_modules/@uniswap/v4-core/src/libraries/StateLibrary.sol
DA:40,0
FN:40,StateLibrary.getSlot0
FNDA:0,StateLibrary.getSlot0
DA:46,0
DA:48,0
DA:55,0
DA:57,0
DA:59,0
DA:61,0
DA:76,0
FN:76,StateLibrary.getTickInfo
FNDA:0,StateLibrary.getTickInfo
DA:86,0
DA:89,0
DA:91,0
DA:92,0
DA:93,0
DA:94,0
DA:95,0
DA:108,0
FN:108,StateLibrary.getTickLiquidity
FNDA:0,StateLibrary.getTickLiquidity
DA:113,0
DA:115,0
DA:117,0
DA:118,0
DA:131,0
FN:131,StateLibrary.getTickFeeGrowthOutside
FNDA:0,StateLibrary.getTickFeeGrowthOutside
DA:136,0
DA:139,0
DA:141,0
DA:142,0
DA:157,0
FN:157,StateLibrary.getFeeGrowthGlobals
FNDA:0,StateLibrary.getFeeGrowthGlobals
DA:163,0
DA:166,0
DA:169,0
DA:171,0
DA:172,0
DA:183,0
FN:183,StateLibrary.getLiquidity
FNDA:0,StateLibrary.getLiquidity
DA:185,0
DA:188,0
DA:190,0
DA:201,0
FN:201,StateLibrary.getTickBitmap
FNDA:0,StateLibrary.getTickBitmap
DA:207,0
DA:210,0
DA:213,0
DA:215,0
DA:230,0
FN:230,StateLibrary.getPositionInfo
FNDA:0,StateLibrary.getPositionInfo
DA:239,0
DA:241,0
DA:254,0
FN:254,StateLibrary.getPositionInfo
FNDA:0,StateLibrary.getPositionInfo
DA:259,0
DA:262,0
DA:265,0
DA:266,0
DA:267,0
DA:279,0
FN:279,StateLibrary.getPositionLiquidity
FNDA:0,StateLibrary.getPositionLiquidity
DA:284,0
DA:285,0
DA:298,0
FN:298,StateLibrary.getFeeGrowthInside
FNDA:0,StateLibrary.getFeeGrowthInside
DA:303,0
DA:305,0
DA:306,0
DA:307,0
DA:308,0
DA:309,0
DA:311,0
BRDA:311,0,0,-
BRDA:311,0,1,-
DA:312,0
DA:313,0
DA:314,0
BRDA:314,1,0,-
BRDA:314,1,1,-
DA:315,0
DA:316,0
DA:318,0
DA:319,0
DA:324,0
FN:324,StateLibrary._getPoolStateSlot
FNDA:0,StateLibrary._getPoolStateSlot
DA:325,0
DA:328,0
FN:328,StateLibrary._getTickInfoSlot
FNDA:0,StateLibrary._getTickInfoSlot
DA:330,0
DA:333,0
DA:336,0
DA:339,0
FN:339,StateLibrary._getPositionInfoSlot
FNDA:0,StateLibrary._getPositionInfoSlot
DA:341,0
DA:344,0
DA:347,0
FNF:14
FNH:0
LF:77
LH:0
BRF:4
BRH:0
end_of_record
TN:
SF:node_modules/@uniswap/v4-core/src/libraries/SwapMath.sol
DA:20,0
FN:20,SwapMath.getSqrtPriceTarget
FNDA:0,SwapMath.getSqrtPriceTarget
DA:31,0
DA:32,0
DA:33,0
DA:34,0
DA:35,0
DA:51,0
FN:51,SwapMath.computeSwapStep
FNDA:0,SwapMath.computeSwapStep
DA:59,0
DA:60,0
DA:61,0
DA:63,0
BRDA:63,0,0,-
BRDA:63,0,1,-
DA:64,0
DA:65,0
DA:66,0
DA:69,0
BRDA:69,1,0,-
BRDA:69,1,1,-
DA:71,0
DA:72,0
DA:77,0
DA:78,0
DA:82,0
DA:84,0
DA:88,0
DA:91,0
BRDA:91,2,0,-
BRDA:91,2,1,-
DA:93,0
DA:96,0
DA:97,0
DA:100,0
DA:104,0
FNF:2
FNH:0
LF:28
LH:0
BRF:6
BRH:0
end_of_record
TN:
SF:node_modules/@uniswap/v4-core/src/libraries/TickBitmap.sol
DA:16,0
FN:16,TickBitmap.compress
FNDA:0,TickBitmap.compress
DA:20,0
DA:21,0
DA:22,0
DA:35,0
FN:35,TickBitmap.position
FNDA:0,TickBitmap.position
DA:38,0
DA:39,0
DA:47,0
FN:47,TickBitmap.flipTick
FNDA:0,TickBitmap.flipTick
DA:54,0
DA:55,0
DA:57,0
BRDA:57,0,0,-
DA:58,0
DA:59,0
DA:60,0
DA:61,0
DA:62,0
DA:64,0
DA:67,0
DA:68,0
DA:70,0
DA:73,0
DA:85,0
FN:85,TickBitmap.nextInitializedTickWithinOneWord
FNDA:0,TickBitmap.nextInitializedTickWithinOneWord
DA:92,0
DA:94,0
BRDA:94,1,0,-
BRDA:94,1,1,-
DA:95,0
DA:97,0
DA:98,0
DA:101,0
DA:103,0
DA:108,0
DA:110,0
DA:111,0
DA:114,0
DA:116,0
FNF:4
FNH:0
LF:34
LH:0
BRF:3
BRH:0
end_of_record
TN:
SF:node_modules/@uniswap/v4-core/src/libraries/TickMath.sol
DA:39,0
FN:39,TickMath.maxUsableTick
FNDA:0,TickMath.maxUsableTick
DA:41,0
DA:46,0
FN:46,TickMath.minUsableTick
FNDA:0,TickMath.minUsableTick
DA:48,0
DA:57,0
FN:57,TickMath.getSqrtPriceAtTick
FNDA:0,TickMath.getSqrtPriceAtTick
DA:59,0
DA:61,0
DA:63,0
DA:67,0
DA:70,0
BRDA:70,0,0,-
DA:78,0
DA:80,0
DA:82,0
BRDA:82,1,0,-
DA:83,0
BRDA:83,2,0,-
DA:84,0
BRDA:84,3,0,-
DA:85,0
BRDA:85,4,0,-
DA:86,0
BRDA:86,5,0,-
DA:87,0
BRDA:87,6,0,-
DA:88,0
BRDA:88,7,0,-
DA:89,0
BRDA:89,8,0,-
DA:90,0
BRDA:90,9,0,-
DA:91,0
BRDA:91,10,0,-
DA:92,0
BRDA:92,11,0,-
DA:93,0
BRDA:93,12,0,-
DA:94,0
BRDA:94,13,0,-
DA:95,0
BRDA:95,14,0,-
DA:96,0
BRDA:96,15,0,-
DA:97,0
BRDA:97,16,0,-
DA:98,0
BRDA:98,17,0,-
DA:99,0
BRDA:99,18,0,-
DA:100,0
BRDA:100,19,0,-
DA:104,0
BRDA:104,20,0,-
DA:111,0
DA:121,0
FN:121,TickMath.getTickAtSqrtPrice
FNDA:0,TickMath.getTickAtSqrtPrice
DA:127,0
BRDA:127,21,0,-
DA:128,0
DA:131,0
DA:133,0
DA:134,0
DA:136,0
BRDA:136,22,0,-
BRDA:136,22,1,-
DA:137,0
DA:139,0
DA:142,0
DA:143,0
DA:144,0
DA:145,0
DA:148,0
DA:149,0
DA:150,0
DA:151,0
DA:154,0
DA:155,0
DA:156,0
DA:157,0
DA:160,0
DA:161,0
DA:162,0
DA:163,0
DA:166,0
DA:167,0
DA:168,0
DA:169,0
DA:172,0
DA:173,0
DA:174,0
DA:175,0
DA:178,0
DA:179,0
DA:180,0
DA:181,0
DA:184,0
DA:185,0
DA:186,0
DA:187,0
DA:190,0
DA:191,0
DA:192,0
DA:193,0
DA:196,0
DA:197,0
DA:198,0
DA:199,0
DA:202,0
DA:203,0
DA:204,0
DA:205,0
DA:208,0
DA:209,0
DA:210,0
DA:211,0
DA:214,0
DA:215,0
DA:216,0
DA:217,0
DA:220,0
DA:221,0
DA:222,0
DA:225,0
DA:228,0
DA:233,0
DA:235,0
FNF:4
FNH:0
LF:101
LH:0
BRF:24
BRH:0
end_of_record
TN:
SF:node_modules/@uniswap/v4-core/src/libraries/TransientStateLibrary.sol
DA:18,0
FN:18,TransientStateLibrary.getSyncedReserves
FNDA:0,TransientStateLibrary.getSyncedReserves
DA:19,0
DA:20,0
DA:23,0
FN:23,TransientStateLibrary.getSyncedCurrency
FNDA:0,TransientStateLibrary.getSyncedCurrency
DA:24,0
DA:28,0
FN:28,TransientStateLibrary.getNonzeroDeltaCount
FNDA:0,TransientStateLibrary.getNonzeroDeltaCount
DA:29,0
DA:35,0
FN:35,TransientStateLibrary.currencyDelta
FNDA:0,TransientStateLibrary.currencyDelta
DA:36,0
DA:38,0
DA:39,0
DA:40,0
DA:42,0
DA:46,0
FN:46,TransientStateLibrary.isUnlocked
FNDA:0,TransientStateLibrary.isUnlocked
DA:47,0
FNF:5
FNH:0
LF:15
LH:0
BRF:0
BRH:0
end_of_record
TN:
SF:node_modules/@uniswap/v4-core/src/libraries/UnsafeMath.sol
DA:12,0
FN:12,UnsafeMath.divRoundingUp
FNDA:0,UnsafeMath.divRoundingUp
DA:14,0
DA:24,0
FN:24,UnsafeMath.simpleMulDiv
FNDA:0,UnsafeMath.simpleMulDiv
DA:26,0
FNF:2
FNH:0
LF:4
LH:0
BRF:0
BRH:0
end_of_record
TN:
SF:node_modules/@uniswap/v4-core/src/test/PoolDonateTest.sol
DA:27,0
FN:27,PoolDonateTest.donate
FNDA:0,PoolDonateTest.donate
DA:32,0
DA:36,0
DA:37,0
BRDA:37,0,0,-
DA:38,0
DA:42,0
FN:42,PoolDonateTest.unlockCallback
FNDA:0,PoolDonateTest.unlockCallback
DA:43,0
BRDA:43,1,0,-
BRDA:43,1,1,-
DA:45,0
DA:47,0
DA:48,0
DA:50,0
BRDA:50,2,0,-
BRDA:50,2,1,-
DA:51,0
BRDA:51,3,0,-
BRDA:51,3,1,-
DA:53,0
DA:55,0
DA:56,0
DA:58,0
BRDA:58,4,0,-
BRDA:58,4,1,-
DA:59,0
BRDA:59,5,0,-
BRDA:59,5,1,-
DA:61,0
BRDA:61,6,0,-
DA:62,0
BRDA:62,7,0,-
DA:63,0
BRDA:63,8,0,-
DA:64,0
BRDA:64,9,0,-
DA:66,0
FNF:2
FNH:0
LF:22
LH:0
BRF:15
BRH:0
end_of_record
TN:
SF:node_modules/@uniswap/v4-core/src/test/PoolModifyLiquidityTest.sol
DA:33,0
FN:33,PoolModifyLiquidityTest.modifyLiquidity
FNDA:0,PoolModifyLiquidityTest.modifyLiquidity
DA:38,0
DA:41,0
FN:41,PoolModifyLiquidityTest.modifyLiquidity
FNDA:0,PoolModifyLiquidityTest.modifyLiquidity
DA:48,0
DA:53,0
DA:54,0
BRDA:54,0,0,-
DA:55,0
DA:59,0
FN:59,PoolModifyLiquidityTest.unlockCallback
FNDA:0,PoolModifyLiquidityTest.unlockCallback
DA:60,0
BRDA:60,1,0,-
BRDA:60,1,1,-
DA:62,0
DA:64,0
DA:68,0
DA:70,0
DA:74,0
DA:75,0
DA:77,0
BRDA:77,2,0,-
BRDA:77,2,1,-
DA:81,0
BRDA:81,3,0,-
BRDA:81,3,1,-
DA:82,0
DA:83,0
DA:84,0
BRDA:84,4,0,-
DA:85,0
DA:86,0
DA:89,0
BRDA:89,5,0,-
DA:90,0
BRDA:90,6,0,-
DA:91,0
BRDA:91,7,0,-
DA:92,0
BRDA:92,8,0,-
DA:94,0
FNF:3
FNH:0
LF:27
LH:0
BRF:12
BRH:0
end_of_record
TN:
SF:node_modules/@uniswap/v4-core/src/test/PoolSwapTest.sol
DA:35,0
FN:35,PoolSwapTest.swap
FNDA:0,PoolSwapTest.swap
DA:40,0
DA:44,0
DA:45,0
BRDA:45,0,0,-
DA:48,0
FN:48,PoolSwapTest.unlockCallback
FNDA:0,PoolSwapTest.unlockCallback
DA:49,0
BRDA:49,1,0,-
BRDA:49,1,1,-
DA:51,0
DA:53,0
DA:54,0
DA:56,0
BRDA:56,2,0,-
BRDA:56,2,1,-
DA:57,0
BRDA:57,3,0,-
BRDA:57,3,1,-
DA:59,0
DA:61,0
DA:62,0
DA:64,0
BRDA:64,4,0,-
BRDA:64,4,1,-
DA:65,0
BRDA:65,5,0,-
BRDA:65,5,1,-
DA:67,0
BRDA:67,6,0,-
BRDA:67,6,1,-
DA:71,0
BRDA:71,7,0,-
BRDA:71,7,1,-
DA:72,0
BRDA:72,8,0,-
BRDA:72,8,1,-
DA:75,0
BRDA:75,9,0,-
BRDA:75,9,1,-
DA:76,0
BRDA:76,10,0,-
BRDA:76,10,1,-
DA:77,0
BRDA:77,11,0,-
BRDA:77,11,1,-
DA:83,0
BRDA:83,12,0,-
BRDA:83,12,1,-
DA:85,0
BRDA:85,13,0,-
BRDA:85,13,1,-
DA:89,0
BRDA:89,14,0,-
BRDA:89,14,1,-
DA:90,0
BRDA:90,15,0,-
BRDA:90,15,1,-
DA:93,0
BRDA:93,16,0,-
BRDA:93,16,1,-
DA:94,0
BRDA:94,17,0,-
BRDA:94,17,1,-
DA:95,0
BRDA:95,18,0,-
BRDA:95,18,1,-
DA:102,0
BRDA:102,19,0,-
DA:103,0
DA:105,0
BRDA:105,20,0,-
DA:106,0
DA:108,0
BRDA:108,21,0,-
DA:109,0
DA:111,0
BRDA:111,22,0,-
DA:112,0
DA:115,0
FNF:2
FNH:0
LF:38
LH:0
BRF:41
BRH:0
end_of_record
TN:
SF:node_modules/@uniswap/v4-core/src/test/PoolTestBase.sol
DA:18,0
FN:18,PoolTestBase.constructor
FNDA:0,PoolTestBase.constructor
DA:19,0
DA:22,0
FN:22,PoolTestBase._fetchBalances
FNDA:0,PoolTestBase._fetchBalances
DA:27,0
DA:28,0
DA:29,0
FNF:2
FNH:0
LF:6
LH:0
BRF:0
BRH:0
end_of_record
TN:
SF:node_modules/@uniswap/v4-core/src/types/BalanceDelta.sol
DA:61,0
FN:61,BalanceDeltaLibrary.amount0
FNDA:0,BalanceDeltaLibrary.amount0
DA:63,0
DA:67,0
FN:67,BalanceDeltaLibrary.amount1
FNDA:0,BalanceDeltaLibrary.amount1
DA:69,0
FNF:2
FNH:0
LF:4
LH:0
BRF:0
BRH:0
end_of_record
TN:
SF:node_modules/@uniswap/v4-core/src/types/BeforeSwapDelta.sol
DA:25,0
FN:25,BeforeSwapDeltaLibrary.getSpecifiedDelta
FNDA:0,BeforeSwapDeltaLibrary.getSpecifiedDelta
DA:27,0
DA:33,0
FN:33,BeforeSwapDeltaLibrary.getUnspecifiedDelta
FNDA:0,BeforeSwapDeltaLibrary.getUnspecifiedDelta
DA:35,0
FNF:2
FNH:0
LF:4
LH:0
BRF:0
BRH:0
end_of_record
TN:
SF:node_modules/@uniswap/v4-core/src/types/Currency.sol
DA:40,0
FN:40,CurrencyLibrary.transfer
FNDA:0,CurrencyLibrary.transfer
DA:44,0
DA:45,0
BRDA:45,0,0,-
BRDA:45,0,1,-
DA:48,0
DA:51,0
BRDA:51,1,0,-
DA:52,0
DA:57,0
DA:60,0
DA:61,0
DA:62,0
DA:64,0
DA:77,0
DA:78,0
DA:79,0
DA:82,0
BRDA:82,2,0,-
DA:83,0
DA:90,0
FN:90,CurrencyLibrary.balanceOfSelf
FNDA:0,CurrencyLibrary.balanceOfSelf
DA:91,0
BRDA:91,3,0,-
BRDA:91,3,1,-
DA:92,0
DA:94,0
DA:98,0
FN:98,CurrencyLibrary.balanceOf
FNDA:0,CurrencyLibrary.balanceOf
DA:99,0
BRDA:99,4,0,-
BRDA:99,4,1,-
DA:100,0
DA:102,0
DA:106,0
FN:106,CurrencyLibrary.isAddressZero
FNDA:0,CurrencyLibrary.isAddressZero
DA:107,0
DA:110,0
FN:110,CurrencyLibrary.toId
FNDA:0,CurrencyLibrary.toId
DA:111,0
DA:116,0
FN:116,CurrencyLibrary.fromId
FNDA:0,CurrencyLibrary.fromId
DA:117,0
FNF:6
FNH:0
LF:30
LH:0
BRF:8
BRH:0
end_of_record
TN:
SF:node_modules/@uniswap/v4-core/src/types/PoolId.sol
DA:11,0
FN:11,PoolIdLibrary.toId
FNDA:0,PoolIdLibrary.toId
DA:14,0
FNF:1
FNH:0
LF:2
LH:0
BRF:0
BRH:0
end_of_record
TN:
SF:node_modules/@uniswap/v4-core/src/types/Slot0.sol
DA:41,0
FN:41,Slot0Library.sqrtPriceX96
FNDA:0,Slot0Library.sqrtPriceX96
DA:43,0
DA:47,0
FN:47,Slot0Library.tick
FNDA:0,Slot0Library.tick
DA:49,0
DA:53,0
FN:53,Slot0Library.protocolFee
FNDA:0,Slot0Library.protocolFee
DA:55,0
DA:59,0
FN:59,Slot0Library.lpFee
FNDA:0,Slot0Library.lpFee
DA:61,0
DA:66,0
FN:66,Slot0Library.setSqrtPriceX96
FNDA:0,Slot0Library.setSqrtPriceX96
DA:68,0
DA:72,0
FN:72,Slot0Library.setTick
FNDA:0,Slot0Library.setTick
DA:74,0
DA:78,0
FN:78,Slot0Library.setProtocolFee
FNDA:0,Slot0Library.setProtocolFee
DA:80,0
DA:88,0
FN:88,Slot0Library.setLpFee
FNDA:0,Slot0Library.setLpFee
DA:90,0
FNF:8
FNH:0
LF:16
LH:0
BRF:0
BRH:0
end_of_record
TN:
SF:node_modules/@uniswap/v4-core/test/utils/CurrencySettler.sol
DA:19,0
FN:19,CurrencySettler.settle
FNDA:0,CurrencySettler.settle
DA:22,0
BRDA:22,0,0,-
BRDA:22,0,1,-
DA:23,0
DA:24,0
BRDA:24,1,0,-
BRDA:24,1,1,-
DA:25,0
DA:27,0
DA:28,0
BRDA:28,2,0,-
BRDA:28,2,1,-
DA:29,0
DA:31,0
DA:33,0
DA:43,0
FN:43,CurrencySettler.take
FNDA:0,CurrencySettler.take
DA:44,0
FNF:2
FNH:0
LF:12
LH:0
BRF:6
BRH:0
end_of_record
TN:
SF:node_modules/@uniswap/v4-periphery/src/base/ImmutableState.sol
DA:17,0
FN:17,ImmutableState.onlyPoolManager
FNDA:0,ImmutableState.onlyPoolManager
DA:18,0
BRDA:18,0,0,-
DA:22,0
FN:22,ImmutableState.constructor
FNDA:0,ImmutableState.constructor
DA:23,0
FNF:2
FNH:0
LF:4
LH:0
BRF:1
BRH:0
end_of_record
TN:
SF:node_modules/@uniswap/v4-periphery/src/libraries/LiquidityAmounts.sol
DA:18,0
FN:18,LiquidityAmounts.getLiquidityForAmount0
FNDA:0,LiquidityAmounts.getLiquidityForAmount0
DA:24,0
BRDA:24,0,0,-
DA:25,0
DA:26,0
DA:36,0
FN:36,LiquidityAmounts.getLiquidityForAmount1
FNDA:0,LiquidityAmounts.getLiquidityForAmount1
DA:42,0
BRDA:42,1,0,-
DA:43,0
DA:55,0
FN:55,LiquidityAmounts.getLiquidityForAmounts
FNDA:0,LiquidityAmounts.getLiquidityForAmounts
DA:62,0
BRDA:62,2,0,-
DA:64,0
BRDA:64,3,0,-
BRDA:64,3,1,-
DA:65,0
DA:66,0
BRDA:66,4,0,-
BRDA:66,4,1,-
DA:67,0
DA:68,0
DA:70,0
DA:72,0
FNF:3
FNH:0
LF:16
LH:0
BRF:7
BRH:0
end_of_record
TN:
SF:node_modules/@uniswap/v4-periphery/src/utils/BaseHook.sol
DA:18,0
FN:18,BaseHook.constructor
FNDA:0,BaseHook.constructor
DA:19,0
DA:31,0
FN:31,BaseHook.validateHookAddress
FNDA:0,BaseHook.validateHookAddress
DA:32,0
DA:36,0
FN:36,BaseHook.beforeInitialize
FNDA:0,BaseHook.beforeInitialize
DA:41,0
DA:44,0
FN:44,BaseHook._beforeInitialize
FNDA:0,BaseHook._beforeInitialize
DA:45,0
DA:49,0
FN:49,BaseHook.afterInitialize
FNDA:0,BaseHook.afterInitialize
DA:54,0
DA:57,0
FN:57,BaseHook._afterInitialize
FNDA:0,BaseHook._afterInitialize
DA:58,0
DA:62,0
FN:62,BaseHook.beforeAddLiquidity
FNDA:0,BaseHook.beforeAddLiquidity
DA:68,0
DA:71,0
FN:71,BaseHook._beforeAddLiquidity
FNDA:0,BaseHook._beforeAddLiquidity
DA:76,0
DA:80,0
FN:80,BaseHook.beforeRemoveLiquidity
FNDA:0,BaseHook.beforeRemoveLiquidity
DA:86,0
DA:89,0
FN:89,BaseHook._beforeRemoveLiquidity
FNDA:0,BaseHook._beforeRemoveLiquidity
DA:94,0
DA:98,0
FN:98,BaseHook.afterAddLiquidity
FNDA:0,BaseHook.afterAddLiquidity
DA:106,0
DA:109,0
FN:109,BaseHook._afterAddLiquidity
FNDA:0,BaseHook._afterAddLiquidity
DA:117,0
DA:121,0
FN:121,BaseHook.afterRemoveLiquidity
FNDA:0,BaseHook.afterRemoveLiquidity
DA:129,0
DA:132,0
FN:132,BaseHook._afterRemoveLiquidity
FNDA:0,BaseHook._afterRemoveLiquidity
DA:140,0
DA:144,0
FN:144,BaseHook.beforeSwap
FNDA:0,BaseHook.beforeSwap
DA:149,0
DA:152,0
FN:152,BaseHook._beforeSwap
FNDA:0,BaseHook._beforeSwap
DA:157,0
DA:161,0
FN:161,BaseHook.afterSwap
FNDA:0,BaseHook.afterSwap
DA:168,0
DA:171,0
FN:171,BaseHook._afterSwap
FNDA:0,BaseHook._afterSwap
DA:176,0
DA:180,0
FN:180,BaseHook.beforeDonate
FNDA:0,BaseHook.beforeDonate
DA:187,0
DA:190,0
FN:190,BaseHook._beforeDonate
FNDA:0,BaseHook._beforeDonate
DA:195,0
DA:199,0
FN:199,BaseHook.afterDonate
FNDA:0,BaseHook.afterDonate
DA:206,0
DA:209,0
FN:209,BaseHook._afterDonate
FNDA:0,BaseHook._afterDonate
DA:214,0
FNF:22
FNH:0
LF:44
LH:0
BRF:0
BRH:0
end_of_record
TN:
SF:node_modules/@uniswap/v4-periphery/src/utils/HookMiner.sol
DA:23,0
FN:23,HookMiner.find
FNDA:0,HookMiner.find
DA:28,0
DA:29,0
DA:31,0
DA:32,0
DA:33,0
DA:36,0
BRDA:36,0,0,-
DA:37,0
DA:40,0
DA:48,0
FN:48,HookMiner.computeAddress
FNDA:0,HookMiner.computeAddress
DA:53,0
FNF:2
FNH:0
LF:11
LH:0
BRF:1
BRH:0
end_of_record
TN:
SF:node_modules/forge-std/src/StdAssertions.sol
DA:38,0
FN:38,StdAssertions.failed
FNDA:0,StdAssertions.failed
DA:39,0
BRDA:39,0,0,-
BRDA:39,0,1,-
DA:40,0
DA:42,0
DA:46,0
FN:46,StdAssertions.fail
FNDA:0,StdAssertions.fail
DA:47,0
DA:48,0
DA:51,0
FN:51,StdAssertions.assertTrue
FNDA:0,StdAssertions.assertTrue
DA:52,0
DA:55,0
FN:55,StdAssertions.assertTrue
FNDA:0,StdAssertions.assertTrue
DA:56,0
DA:59,0
FN:59,StdAssertions.assertFalse
FNDA:0,StdAssertions.assertFalse
DA:60,0
DA:63,0
FN:63,StdAssertions.assertFalse
FNDA:0,StdAssertions.assertFalse
DA:64,0
DA:67,0
FN:67,StdAssertions.assertEq
FNDA:0,StdAssertions.assertEq
DA:68,0
DA:71,0
FN:71,StdAssertions.assertEq
FNDA:0,StdAssertions.assertEq
DA:72,0
DA:75,0
FN:75,StdAssertions.assertEq
FNDA:0,StdAssertions.assertEq
DA:76,0
DA:79,0
FN:79,StdAssertions.assertEq
FNDA:0,StdAssertions.assertEq
DA:80,0
DA:83,0
FN:83,StdAssertions.assertEqDecimal
FNDA:0,StdAssertions.assertEqDecimal
DA:84,0
DA:87,0
FN:87,StdAssertions.assertEqDecimal
FNDA:0,StdAssertions.assertEqDecimal
DA:88,0
DA:91,0
FN:91,StdAssertions.assertEq
FNDA:0,StdAssertions.assertEq
DA:92,0
DA:95,0
FN:95,StdAssertions.assertEq
FNDA:0,StdAssertions.assertEq
DA:96,0
DA:99,0
FN:99,StdAssertions.assertEqDecimal
FNDA:0,StdAssertions.assertEqDecimal
DA:100,0
DA:103,0
FN:103,StdAssertions.assertEqDecimal
FNDA:0,StdAssertions.assertEqDecimal
DA:104,0
DA:107,0
FN:107,StdAssertions.assertEq
FNDA:0,StdAssertions.assertEq
DA:108,0
DA:111,0
FN:111,StdAssertions.assertEq
FNDA:0,StdAssertions.assertEq
DA:112,0
DA:115,0
FN:115,StdAssertions.assertEq
FNDA:0,StdAssertions.assertEq
DA:116,0
DA:119,0
FN:119,StdAssertions.assertEq
FNDA:0,StdAssertions.assertEq
DA:120,0
DA:123,0
FN:123,StdAssertions.assertEq32
FNDA:0,StdAssertions.assertEq32
DA:124,0
DA:127,0
FN:127,StdAssertions.assertEq32
FNDA:0,StdAssertions.assertEq32
DA:128,0
DA:131,0
FN:131,StdAssertions.assertEq
FNDA:0,StdAssertions.assertEq
DA:132,0
DA:135,0
FN:135,StdAssertions.assertEq
FNDA:0,StdAssertions.assertEq
DA:136,0
DA:139,0
FN:139,StdAssertions.assertEq
FNDA:0,StdAssertions.assertEq
DA:140,0
DA:143,0
FN:143,StdAssertions.assertEq
FNDA:0,StdAssertions.assertEq
DA:144,0
DA:147,0
FN:147,StdAssertions.assertEq
FNDA:0,StdAssertions.assertEq
DA:148,0
DA:151,0
FN:151,StdAssertions.assertEq
FNDA:0,StdAssertions.assertEq
DA:152,0
DA:155,0
FN:155,StdAssertions.assertEq
FNDA:0,StdAssertions.assertEq
DA:156,0
DA:159,0
FN:159,StdAssertions.assertEq
FNDA:0,StdAssertions.assertEq
DA:160,0
DA:163,0
FN:163,StdAssertions.assertEq
FNDA:0,StdAssertions.assertEq
DA:164,0
DA:167,0
FN:167,StdAssertions.assertEq
FNDA:0,StdAssertions.assertEq
DA:168,0
DA:171,0
FN:171,StdAssertions.assertEq
FNDA:0,StdAssertions.assertEq
DA:172,0
DA:175,0
FN:175,StdAssertions.assertEq
FNDA:0,StdAssertions.assertEq
DA:176,0
DA:179,0
FN:179,StdAssertions.assertEq
FNDA:0,StdAssertions.assertEq
DA:180,0
DA:183,0
FN:183,StdAssertions.assertEq
FNDA:0,StdAssertions.assertEq
DA:184,0
DA:187,0
FN:187,StdAssertions.assertEq
FNDA:0,StdAssertions.assertEq
DA:188,0
DA:191,0
FN:191,StdAssertions.assertEq
FNDA:0,StdAssertions.assertEq
DA:192,0
DA:195,0
FN:195,StdAssertions.assertEq
FNDA:0,StdAssertions.assertEq
DA:196,0
DA:199,0
FN:199,StdAssertions.assertEq
FNDA:0,StdAssertions.assertEq
DA:200,0
DA:204,0
FN:204,StdAssertions.assertEqUint
FNDA:0,StdAssertions.assertEqUint
DA:205,0
DA:208,0
FN:208,StdAssertions.assertNotEq
FNDA:0,StdAssertions.assertNotEq
DA:209,0
DA:212,0
FN:212,StdAssertions.assertNotEq
FNDA:0,StdAssertions.assertNotEq
DA:213,0
DA:216,0
FN:216,StdAssertions.assertNotEq
FNDA:0,StdAssertions.assertNotEq
DA:217,0
DA:220,0
FN:220,StdAssertions.assertNotEq
FNDA:0,StdAssertions.assertNotEq
DA:221,0
DA:224,0
FN:224,StdAssertions.assertNotEqDecimal
FNDA:0,StdAssertions.assertNotEqDecimal
DA:225,0
DA:228,0
FN:228,StdAssertions.assertNotEqDecimal
FNDA:0,StdAssertions.assertNotEqDecimal
DA:233,0
DA:236,0
FN:236,StdAssertions.assertNotEq
FNDA:0,StdAssertions.assertNotEq
DA:237,0
DA:240,0
FN:240,StdAssertions.assertNotEq
FNDA:0,StdAssertions.assertNotEq
DA:241,0
DA:244,0
FN:244,StdAssertions.assertNotEqDecimal
FNDA:0,StdAssertions.assertNotEqDecimal
DA:245,0
DA:248,0
FN:248,StdAssertions.assertNotEqDecimal
FNDA:0,StdAssertions.assertNotEqDecimal
DA:249,0
DA:252,0
FN:252,StdAssertions.assertNotEq
FNDA:0,StdAssertions.assertNotEq
DA:253,0
DA:256,0
FN:256,StdAssertions.assertNotEq
FNDA:0,StdAssertions.assertNotEq
DA:257,0
DA:260,0
FN:260,StdAssertions.assertNotEq
FNDA:0,StdAssertions.assertNotEq
DA:261,0
DA:264,0
FN:264,StdAssertions.assertNotEq
FNDA:0,StdAssertions.assertNotEq
DA:265,0
DA:268,0
FN:268,StdAssertions.assertNotEq32
FNDA:0,StdAssertions.assertNotEq32
DA:269,0
DA:272,0
FN:272,StdAssertions.assertNotEq32
FNDA:0,StdAssertions.assertNotEq32
DA:273,0
DA:276,0
FN:276,StdAssertions.assertNotEq
FNDA:0,StdAssertions.assertNotEq
DA:277,0
DA:280,0
FN:280,StdAssertions.assertNotEq
FNDA:0,StdAssertions.assertNotEq
DA:281,0
DA:284,0
FN:284,StdAssertions.assertNotEq
FNDA:0,StdAssertions.assertNotEq
DA:285,0
DA:288,0
FN:288,StdAssertions.assertNotEq
FNDA:0,StdAssertions.assertNotEq
DA:289,0
DA:292,0
FN:292,StdAssertions.assertNotEq
FNDA:0,StdAssertions.assertNotEq
DA:293,0
DA:296,0
FN:296,StdAssertions.assertNotEq
FNDA:0,StdAssertions.assertNotEq
DA:297,0
DA:300,0
FN:300,StdAssertions.assertNotEq
FNDA:0,StdAssertions.assertNotEq
DA:301,0
DA:304,0
FN:304,StdAssertions.assertNotEq
FNDA:0,StdAssertions.assertNotEq
DA:305,0
DA:308,0
FN:308,StdAssertions.assertNotEq
FNDA:0,StdAssertions.assertNotEq
DA:309,0
DA:312,0
FN:312,StdAssertions.assertNotEq
FNDA:0,StdAssertions.assertNotEq
DA:313,0
DA:316,0
FN:316,StdAssertions.assertNotEq
FNDA:0,StdAssertions.assertNotEq
DA:317,0
DA:320,0
FN:320,StdAssertions.assertNotEq
FNDA:0,StdAssertions.assertNotEq
DA:321,0
DA:324,0
FN:324,StdAssertions.assertNotEq
FNDA:0,StdAssertions.assertNotEq
DA:325,0
DA:328,0
FN:328,StdAssertions.assertNotEq
FNDA:0,StdAssertions.assertNotEq
DA:329,0
DA:332,0
FN:332,StdAssertions.assertNotEq
FNDA:0,StdAssertions.assertNotEq
DA:333,0
DA:336,0
FN:336,StdAssertions.assertNotEq
FNDA:0,StdAssertions.assertNotEq
DA:337,0
DA:340,0
FN:340,StdAssertions.assertNotEq
FNDA:0,StdAssertions.assertNotEq
DA:341,0
DA:344,0
FN:344,StdAssertions.assertNotEq
FNDA:0,StdAssertions.assertNotEq
DA:345,0
DA:348,0
FN:348,StdAssertions.assertLt
FNDA:0,StdAssertions.assertLt
DA:349,0
DA:352,0
FN:352,StdAssertions.assertLt
FNDA:0,StdAssertions.assertLt
DA:353,0
DA:356,0
FN:356,StdAssertions.assertLtDecimal
FNDA:0,StdAssertions.assertLtDecimal
DA:357,0
DA:360,0
FN:360,StdAssertions.assertLtDecimal
FNDA:0,StdAssertions.assertLtDecimal
DA:361,0
DA:364,0
FN:364,StdAssertions.assertLt
FNDA:0,StdAssertions.assertLt
DA:365,0
DA:368,0
FN:368,StdAssertions.assertLt
FNDA:0,StdAssertions.assertLt
DA:369,0
DA:372,0
FN:372,StdAssertions.assertLtDecimal
FNDA:0,StdAssertions.assertLtDecimal
DA:373,0
DA:376,0
FN:376,StdAssertions.assertLtDecimal
FNDA:0,StdAssertions.assertLtDecimal
DA:377,0
DA:380,0
FN:380,StdAssertions.assertGt
FNDA:0,StdAssertions.assertGt
DA:381,0
DA:384,0
FN:384,StdAssertions.assertGt
FNDA:0,StdAssertions.assertGt
DA:385,0
DA:388,0
FN:388,StdAssertions.assertGtDecimal
FNDA:0,StdAssertions.assertGtDecimal
DA:389,0
DA:392,0
FN:392,StdAssertions.assertGtDecimal
FNDA:0,StdAssertions.assertGtDecimal
DA:393,0
DA:396,0
FN:396,StdAssertions.assertGt
FNDA:0,StdAssertions.assertGt
DA:397,0
DA:400,0
FN:400,StdAssertions.assertGt
FNDA:0,StdAssertions.assertGt
DA:401,0
DA:404,0
FN:404,StdAssertions.assertGtDecimal
FNDA:0,StdAssertions.assertGtDecimal
DA:405,0
DA:408,0
FN:408,StdAssertions.assertGtDecimal
FNDA:0,StdAssertions.assertGtDecimal
DA:409,0
DA:412,0
FN:412,StdAssertions.assertLe
FNDA:0,StdAssertions.assertLe
DA:413,0
DA:416,0
FN:416,StdAssertions.assertLe
FNDA:0,StdAssertions.assertLe
DA:417,0
DA:420,0
FN:420,StdAssertions.assertLeDecimal
FNDA:0,StdAssertions.assertLeDecimal
DA:421,0
DA:424,0
FN:424,StdAssertions.assertLeDecimal
FNDA:0,StdAssertions.assertLeDecimal
DA:425,0
DA:428,0
FN:428,StdAssertions.assertLe
FNDA:0,StdAssertions.assertLe
DA:429,0
DA:432,0
FN:432,StdAssertions.assertLe
FNDA:0,StdAssertions.assertLe
DA:433,0
DA:436,0
FN:436,StdAssertions.assertLeDecimal
FNDA:0,StdAssertions.assertLeDecimal
DA:437,0
DA:440,0
FN:440,StdAssertions.assertLeDecimal
FNDA:0,StdAssertions.assertLeDecimal
DA:441,0
DA:444,0
FN:444,StdAssertions.assertGe
FNDA:0,StdAssertions.assertGe
DA:445,0
DA:448,0
FN:448,StdAssertions.assertGe
FNDA:0,StdAssertions.assertGe
DA:449,0
DA:452,0
FN:452,StdAssertions.assertGeDecimal
FNDA:0,StdAssertions.assertGeDecimal
DA:453,0
DA:456,0
FN:456,StdAssertions.assertGeDecimal
FNDA:0,StdAssertions.assertGeDecimal
DA:457,0
DA:460,0
FN:460,StdAssertions.assertGe
FNDA:0,StdAssertions.assertGe
DA:461,0
DA:464,0
FN:464,StdAssertions.assertGe
FNDA:0,StdAssertions.assertGe
DA:465,0
DA:468,0
FN:468,StdAssertions.assertGeDecimal
FNDA:0,StdAssertions.assertGeDecimal
DA:469,0
DA:472,0
FN:472,StdAssertions.assertGeDecimal
FNDA:0,StdAssertions.assertGeDecimal
DA:473,0
DA:476,0
FN:476,StdAssertions.assertApproxEqAbs
FNDA:0,StdAssertions.assertApproxEqAbs
DA:477,0
DA:480,0
FN:480,StdAssertions.assertApproxEqAbs
FNDA:0,StdAssertions.assertApproxEqAbs
DA:485,0
DA:488,0
FN:488,StdAssertions.assertApproxEqAbsDecimal
FNDA:0,StdAssertions.assertApproxEqAbsDecimal
DA:493,0
DA:496,0
FN:496,StdAssertions.assertApproxEqAbsDecimal
FNDA:0,StdAssertions.assertApproxEqAbsDecimal
DA:503,0
DA:506,0
FN:506,StdAssertions.assertApproxEqAbs
FNDA:0,StdAssertions.assertApproxEqAbs
DA:507,0
DA:510,0
FN:510,StdAssertions.assertApproxEqAbs
FNDA:0,StdAssertions.assertApproxEqAbs
DA:511,0
DA:514,0
FN:514,StdAssertions.assertApproxEqAbsDecimal
FNDA:0,StdAssertions.assertApproxEqAbsDecimal
DA:519,0
DA:522,0
FN:522,StdAssertions.assertApproxEqAbsDecimal
FNDA:0,StdAssertions.assertApproxEqAbsDecimal
DA:527,0
DA:530,0
FN:530,StdAssertions.assertApproxEqRel
FNDA:0,StdAssertions.assertApproxEqRel
DA:535,0
DA:538,0
FN:538,StdAssertions.assertApproxEqRel
FNDA:0,StdAssertions.assertApproxEqRel
DA:544,0
DA:547,0
FN:547,StdAssertions.assertApproxEqRelDecimal
FNDA:0,StdAssertions.assertApproxEqRelDecimal
DA:553,0
DA:556,0
FN:556,StdAssertions.assertApproxEqRelDecimal
FNDA:0,StdAssertions.assertApproxEqRelDecimal
DA:563,0
DA:566,0
FN:566,StdAssertions.assertApproxEqRel
FNDA:0,StdAssertions.assertApproxEqRel
DA:567,0
DA:570,0
FN:570,StdAssertions.assertApproxEqRel
FNDA:0,StdAssertions.assertApproxEqRel
DA:576,0
DA:579,0
FN:579,StdAssertions.assertApproxEqRelDecimal
FNDA:0,StdAssertions.assertApproxEqRelDecimal
DA:585,0
DA:588,0
FN:588,StdAssertions.assertApproxEqRelDecimal
FNDA:0,StdAssertions.assertApproxEqRelDecimal
DA:595,0
DA:599,0
FN:599,StdAssertions.checkEq0
FNDA:0,StdAssertions.checkEq0
DA:600,0
DA:603,0
FN:603,StdAssertions.assertEq0
FNDA:0,StdAssertions.assertEq0
DA:604,0
DA:607,0
FN:607,StdAssertions.assertEq0
FNDA:0,StdAssertions.assertEq0
DA:608,0
DA:611,0
FN:611,StdAssertions.assertNotEq0
FNDA:0,StdAssertions.assertNotEq0
DA:612,0
DA:615,0
FN:615,StdAssertions.assertNotEq0
FNDA:0,StdAssertions.assertNotEq0
DA:616,0
DA:619,0
FN:619,StdAssertions.assertEqCall
FNDA:0,StdAssertions.assertEqCall
DA:620,0
DA:623,0
FN:623,StdAssertions.assertEqCall
FNDA:0,StdAssertions.assertEqCall
DA:627,0
DA:630,0
FN:630,StdAssertions.assertEqCall
FNDA:0,StdAssertions.assertEqCall
DA:634,0
DA:637,0
FN:637,StdAssertions.assertEqCall
FNDA:0,StdAssertions.assertEqCall
DA:644,0
DA:645,0
DA:647,0
BRDA:647,1,0,-
DA:648,0
DA:651,0
BRDA:651,2,0,-
DA:652,0
DA:655,0
BRDA:655,3,0,-
DA:656,0
DA:657,0
DA:658,0
DA:659,0
DA:662,0
BRDA:662,4,0,-
DA:663,0
DA:664,0
DA:665,0
DA:666,0
FNF:132
FNH:0
LF:282
LH:0
BRF:6
BRH:0
end_of_record
TN:
SF:node_modules/forge-std/src/StdChains.sol
DA:69,0
FN:69,StdChains.getChain
FNDA:0,StdChains.getChain
DA:70,0
BRDA:70,0,0,-
BRDA:70,0,1,-
DA:72,0
DA:73,0
DA:74,0
BRDA:74,1,0,-
BRDA:74,1,1,-
DA:79,0
DA:82,0
FN:82,StdChains.getChain
FNDA:0,StdChains.getChain
DA:83,0
BRDA:83,2,0,-
BRDA:83,2,1,-
DA:84,0
DA:85,0
DA:87,0
DA:89,0
BRDA:89,3,0,-
BRDA:89,3,1,-
DA:94,0
DA:98,0
FN:98,StdChains.setChain
FNDA:0,StdChains.setChain
DA:99,0
BRDA:99,4,0,-
BRDA:99,4,1,-
DA:104,0
BRDA:104,5,0,-
BRDA:104,5,1,-
DA:106,0
DA:107,0
DA:109,0
BRDA:109,6,0,-
BRDA:109,6,1,-
DA:122,0
DA:123,0
DA:125,0
DA:127,0
DA:131,0
FN:131,StdChains.setChain
FNDA:0,StdChains.setChain
DA:132,0
DA:135,0
FN:135,StdChains._toUpper
FNDA:0,StdChains._toUpper
DA:136,0
DA:137,0
DA:138,0
DA:139,0
DA:140,0
BRDA:140,7,0,-
BRDA:140,7,1,-
DA:141,0
DA:143,0
DA:146,0
DA:151,0
FN:151,StdChains.getChainWithUpdatedRpcUrl
FNDA:0,StdChains.getChainWithUpdatedRpcUrl
DA:156,0
BRDA:156,8,0,-
DA:157,0
DA:158,0
DA:159,0
DA:160,0
DA:161,0
BRDA:161,9,0,-
BRDA:161,9,1,-
DA:162,0
DA:164,0
DA:168,0
DA:169,0
DA:170,0
DA:173,0
DA:175,0
DA:176,0
DA:177,0
BRDA:177,10,0,-
DA:180,0
DA:185,0
DA:188,0
FN:188,StdChains.setFallbackToDefaultRpcUrls
FNDA:0,StdChains.setFallbackToDefaultRpcUrls
DA:189,0
DA:192,0
FN:192,StdChains.initializeStdChains
FNDA:0,StdChains.initializeStdChains
DA:195,0
DA:198,0
DA:199,0
DA:200,0
DA:203,0
DA:204,0
DA:205,0
DA:206,0
DA:209,0
DA:210,0
DA:213,0
DA:214,0
DA:215,0
DA:218,0
DA:219,0
DA:222,0
DA:225,0
DA:229,0
DA:230,0
DA:231,0
DA:234,0
DA:235,0
DA:236,0
DA:237,0
DA:238,0
DA:239,0
DA:240,0
DA:243,0
DA:244,0
DA:245,0
DA:248,0
DA:249,0
DA:253,0
DA:254,0
DA:256,0
DA:257,0
DA:261,0
DA:262,0
DA:264,0
DA:265,0
DA:267,0
DA:268,0
DA:272,0
DA:273,0
DA:279,0
FN:279,StdChains.setChainWithDefaultRpcUrl
FNDA:0,StdChains.setChainWithDefaultRpcUrl
DA:280,0
DA:281,0
DA:282,0
DA:283,0
DA:284,0
FNF:9
FNH:0
LF:105
LH:0
BRF:20
BRH:0
end_of_record
TN:
SF:node_modules/forge-std/src/StdCheats.sol
DA:209,0
FN:209,StdCheatsSafe.assumeNotBlacklisted
FNDA:0,StdCheatsSafe.assumeNotBlacklisted
DA:211,0
DA:213,0
DA:215,0
BRDA:215,0,0,-
BRDA:215,0,1,-
DA:217,0
DA:218,0
DA:221,0
DA:222,0
DA:225,0
DA:226,0
DA:233,0
FN:233,StdCheatsSafe.assumeNoBlacklisted
FNDA:0,StdCheatsSafe.assumeNoBlacklisted
DA:234,0
DA:237,0
FN:237,StdCheatsSafe.assumeAddressIsNot
FNDA:0,StdCheatsSafe.assumeAddressIsNot
DA:238,0
BRDA:238,1,0,-
BRDA:238,1,1,-
DA:239,0
DA:240,0
BRDA:240,2,0,-
BRDA:240,2,1,-
DA:241,0
DA:242,0
BRDA:242,3,0,-
BRDA:242,3,1,-
DA:243,0
DA:244,0
BRDA:244,4,0,-
BRDA:244,4,1,-
DA:245,0
DA:246,0
BRDA:246,5,0,-
DA:247,0
DA:251,0
FN:251,StdCheatsSafe.assumeAddressIsNot
FNDA:0,StdCheatsSafe.assumeAddressIsNot
DA:252,0
DA:253,0
DA:256,0
FN:256,StdCheatsSafe.assumeAddressIsNot
FNDA:0,StdCheatsSafe.assumeAddressIsNot
DA:262,0
DA:263,0
DA:264,0
DA:267,0
FN:267,StdCheatsSafe.assumeAddressIsNot
FNDA:0,StdCheatsSafe.assumeAddressIsNot
DA:274,0
DA:275,0
DA:276,0
DA:277,0
DA:284,0
FN:284,StdCheatsSafe._isPayable
FNDA:0,StdCheatsSafe._isPayable
DA:285,0
BRDA:285,6,0,-
BRDA:285,6,1,-
DA:289,0
DA:290,0
DA:292,0
DA:293,0
DA:296,0
DA:297,0
DA:299,0
DA:305,0
FN:305,StdCheatsSafe.assumePayable
FNDA:0,StdCheatsSafe.assumePayable
DA:306,0
DA:309,0
FN:309,StdCheatsSafe.assumeNotPayable
FNDA:0,StdCheatsSafe.assumeNotPayable
DA:310,0
DA:313,0
FN:313,StdCheatsSafe.assumeNotZeroAddress
FNDA:0,StdCheatsSafe.assumeNotZeroAddress
DA:314,0
DA:317,0
FN:317,StdCheatsSafe.assumeNotPrecompile
FNDA:0,StdCheatsSafe.assumeNotPrecompile
DA:318,0
DA:321,0
FN:321,StdCheatsSafe.assumeNotPrecompile
FNDA:0,StdCheatsSafe.assumeNotPrecompile
DA:326,0
DA:329,0
BRDA:329,7,0,-
BRDA:329,7,1,-
DA:331,0
DA:332,0
BRDA:332,8,0,-
BRDA:332,8,1,-
DA:334,0
DA:335,0
BRDA:335,9,0,-
DA:337,0
DA:338,0
DA:339,0
DA:344,0
FN:344,StdCheatsSafe.assumeNotForgeAddress
FNDA:0,StdCheatsSafe.assumeNotForgeAddress
DA:346,0
DA:352,0
FN:352,StdCheatsSafe.assumeUnusedAddress
FNDA:0,StdCheatsSafe.assumeUnusedAddress
DA:353,0
DA:355,0
DA:357,0
DA:359,0
DA:360,0
DA:361,0
DA:364,0
FN:364,StdCheatsSafe.readEIP1559ScriptArtifact
FNDA:0,StdCheatsSafe.readEIP1559ScriptArtifact
DA:370,0
DA:371,0
DA:372,0
DA:373,0
DA:374,0
DA:375,0
DA:376,0
DA:377,0
DA:378,0
DA:379,0
DA:380,0
DA:381,0
DA:384,0
FN:384,StdCheatsSafe.rawToConvertedEIPTx1559s
FNDA:0,StdCheatsSafe.rawToConvertedEIPTx1559s
DA:385,0
DA:386,0
DA:387,0
DA:389,0
DA:392,0
FN:392,StdCheatsSafe.rawToConvertedEIPTx1559
FNDA:0,StdCheatsSafe.rawToConvertedEIPTx1559
DA:393,0
DA:394,0
DA:395,0
DA:396,0
DA:397,0
DA:398,0
DA:399,0
DA:400,0
DA:403,0
FN:403,StdCheatsSafe.rawToConvertedEIP1559Detail
FNDA:0,StdCheatsSafe.rawToConvertedEIP1559Detail
DA:409,0
DA:410,0
DA:411,0
DA:412,0
DA:413,0
DA:414,0
DA:415,0
DA:416,0
DA:417,0
DA:418,0
DA:421,0
FN:421,StdCheatsSafe.readTx1559s
FNDA:0,StdCheatsSafe.readTx1559s
DA:422,0
DA:423,0
DA:424,0
DA:425,0
DA:428,0
FN:428,StdCheatsSafe.readTx1559
FNDA:0,StdCheatsSafe.readTx1559
DA:429,0
DA:430,0
DA:431,0
DA:432,0
DA:433,0
DA:437,0
FN:437,StdCheatsSafe.readReceipts
FNDA:0,StdCheatsSafe.readReceipts
DA:438,0
DA:439,0
DA:440,0
DA:441,0
DA:444,0
FN:444,StdCheatsSafe.readReceipt
FNDA:0,StdCheatsSafe.readReceipt
DA:445,0
DA:446,0
DA:447,0
DA:448,0
DA:449,0
DA:452,0
FN:452,StdCheatsSafe.rawToConvertedReceipts
FNDA:0,StdCheatsSafe.rawToConvertedReceipts
DA:453,0
DA:454,0
DA:455,0
DA:457,0
DA:460,0
FN:460,StdCheatsSafe.rawToConvertedReceipt
FNDA:0,StdCheatsSafe.rawToConvertedReceipt
DA:461,0
DA:462,0
DA:463,0
DA:464,0
DA:465,0
DA:466,0
DA:467,0
DA:468,0
DA:469,0
DA:470,0
DA:471,0
DA:472,0
DA:473,0
DA:474,0
DA:475,0
DA:478,0
FN:478,StdCheatsSafe.rawToConvertedReceiptLogs
FNDA:0,StdCheatsSafe.rawToConvertedReceiptLogs
DA:484,0
DA:485,0
DA:486,0
DA:487,0
DA:488,0
DA:489,0
DA:490,0
DA:491,0
DA:492,0
DA:493,0
DA:494,0
DA:496,0
DA:502,0
FN:502,StdCheatsSafe.deployCode
FNDA:0,StdCheatsSafe.deployCode
DA:503,0
DA:506,0
DA:509,0
BRDA:509,10,0,-
BRDA:509,10,1,-
DA:512,0
FN:512,StdCheatsSafe.deployCode
FNDA:0,StdCheatsSafe.deployCode
DA:513,0
DA:516,0
DA:519,0
BRDA:519,11,0,-
BRDA:519,11,1,-
DA:523,0
FN:523,StdCheatsSafe.deployCode
FNDA:0,StdCheatsSafe.deployCode
DA:524,0
DA:527,0
DA:530,0
BRDA:530,12,0,-
BRDA:530,12,1,-
DA:533,0
FN:533,StdCheatsSafe.deployCode
FNDA:0,StdCheatsSafe.deployCode
DA:534,0
DA:537,0
DA:540,0
BRDA:540,13,0,-
BRDA:540,13,1,-
DA:544,0
FN:544,StdCheatsSafe.makeAddrAndKey
FNDA:0,StdCheatsSafe.makeAddrAndKey
DA:545,0
DA:546,0
DA:547,0
DA:551,0
FN:551,StdCheatsSafe.makeAddr
FNDA:0,StdCheatsSafe.makeAddr
DA:552,0
DA:559,0
FN:559,StdCheatsSafe.destroyAccount
FNDA:0,StdCheatsSafe.destroyAccount
DA:560,0
DA:561,0
DA:562,0
DA:563,0
DA:565,0
DA:566,0
DA:570,0
FN:570,StdCheatsSafe.makeAccount
FNDA:0,StdCheatsSafe.makeAccount
DA:571,0
DA:574,0
FN:574,StdCheatsSafe.deriveRememberKey
FNDA:0,StdCheatsSafe.deriveRememberKey
DA:579,0
DA:580,0
DA:583,0
FN:583,StdCheatsSafe._bytesToUint
FNDA:0,StdCheatsSafe._bytesToUint
DA:584,0
BRDA:584,14,0,-
BRDA:584,14,1,-
DA:585,0
DA:588,0
FN:588,StdCheatsSafe.isFork
FNDA:0,StdCheatsSafe.isFork
DA:589,0
DA:590,0
DA:591,0
DA:594,0
FN:594,StdCheatsSafe.skipWhenForking
FNDA:0,StdCheatsSafe.skipWhenForking
DA:595,0
BRDA:595,15,0,-
DA:600,0
FN:600,StdCheatsSafe.skipWhenNotForking
FNDA:0,StdCheatsSafe.skipWhenNotForking
DA:601,0
BRDA:601,16,0,-
DA:606,0
FN:606,StdCheatsSafe.noGasMetering
FNDA:0,StdCheatsSafe.noGasMetering
DA:607,0
DA:615,0
DA:616,0
DA:621,0
BRDA:621,17,0,-
DA:622,0
DA:623,0
DA:631,0
FN:631,StdCheatsSafe._viewChainId
FNDA:0,StdCheatsSafe._viewChainId
DA:634,0
DA:640,0
FN:640,StdCheatsSafe._pureChainId
FNDA:0,StdCheatsSafe._pureChainId
DA:641,0
DA:642,0
DA:644,0
DA:646,0
DA:659,0
FN:659,StdCheats.skip
FNDA:0,StdCheats.skip
DA:660,0
DA:663,0
FN:663,StdCheats.rewind
FNDA:0,StdCheats.rewind
DA:664,0
DA:668,0
FN:668,StdCheats.hoax
FNDA:0,StdCheats.hoax
DA:669,0
DA:670,0
DA:673,0
FN:673,StdCheats.hoax
FNDA:0,StdCheats.hoax
DA:674,0
DA:675,0
DA:678,0
FN:678,StdCheats.hoax
FNDA:0,StdCheats.hoax
DA:679,0
DA:680,0
DA:683,0
FN:683,StdCheats.hoax
FNDA:0,StdCheats.hoax
DA:684,0
DA:685,0
DA:689,0
FN:689,StdCheats.startHoax
FNDA:0,StdCheats.startHoax
DA:690,0
DA:691,0
DA:694,0
FN:694,StdCheats.startHoax
FNDA:0,StdCheats.startHoax
DA:695,0
DA:696,0
DA:701,0
FN:701,StdCheats.startHoax
FNDA:0,StdCheats.startHoax
DA:702,0
DA:703,0
DA:706,0
FN:706,StdCheats.startHoax
FNDA:0,StdCheats.startHoax
DA:707,0
DA:708,0
DA:711,0
FN:711,StdCheats.changePrank
FNDA:0,StdCheats.changePrank
DA:712,0
DA:713,0
DA:714,0
DA:717,0
FN:717,StdCheats.changePrank
FNDA:0,StdCheats.changePrank
DA:718,0
DA:719,0
DA:724,0
FN:724,StdCheats.deal
FNDA:0,StdCheats.deal
DA:725,0
DA:730,0
FN:730,StdCheats.deal
FNDA:0,StdCheats.deal
DA:731,0
DA:736,0
FN:736,StdCheats.dealERC1155
FNDA:0,StdCheats.dealERC1155
DA:737,0
DA:740,0
FN:740,StdCheats.deal
FNDA:0,StdCheats.deal
DA:742,0
DA:743,0
DA:746,0
DA:749,0
BRDA:749,0,0,-
DA:750,0
DA:751,0
DA:752,0
BRDA:752,1,0,-
BRDA:752,1,1,-
DA:753,0
DA:755,0
DA:757,0
DA:761,0
FN:761,StdCheats.dealERC1155
FNDA:0,StdCheats.dealERC1155
DA:763,0
DA:764,0
DA:767,0
DA:770,0
BRDA:770,2,0,-
DA:771,0
DA:772,0
BRDA:772,3,0,-
BRDA:772,3,1,-
DA:776,0
DA:777,0
BRDA:777,4,0,-
BRDA:777,4,1,-
DA:778,0
DA:780,0
DA:782,0
DA:786,0
FN:786,StdCheats.dealERC721
FNDA:0,StdCheats.dealERC721
DA:788,0
DA:789,0
BRDA:789,5,0,-
BRDA:789,5,1,-
DA:792,0
DA:793,0
DA:794,0
DA:797,0
DA:798,0
DA:801,0
DA:802,0
DA:805,0
DA:808,0
FN:808,StdCheats.deployCodeTo
FNDA:0,StdCheats.deployCodeTo
DA:809,0
DA:812,0
FN:812,StdCheats.deployCodeTo
FNDA:0,StdCheats.deployCodeTo
DA:813,0
DA:816,0
FN:816,StdCheats.deployCodeTo
FNDA:0,StdCheats.deployCodeTo
DA:817,0
DA:818,0
DA:819,0
DA:820,0
BRDA:820,6,0,-
BRDA:820,6,1,-
DA:821,0
DA:825,0
FN:825,StdCheats.console2_log_StdCheats
FNDA:0,StdCheats.console2_log_StdCheats
DA:826,0
FNF:63
FNH:0
LF:311
LH:0
BRF:43
BRH:0
end_of_record
TN:
SF:node_modules/forge-std/src/StdInvariant.sol
DA:40,0
FN:40,StdInvariant.excludeContract
FNDA:0,StdInvariant.excludeContract
DA:41,0
DA:44,0
FN:44,StdInvariant.excludeSelector
FNDA:0,StdInvariant.excludeSelector
DA:45,0
DA:48,0
FN:48,StdInvariant.excludeSender
FNDA:0,StdInvariant.excludeSender
DA:49,0
DA:52,0
FN:52,StdInvariant.excludeArtifact
FNDA:0,StdInvariant.excludeArtifact
DA:53,0
DA:56,0
FN:56,StdInvariant.targetArtifact
FNDA:0,StdInvariant.targetArtifact
DA:57,0
DA:60,0
FN:60,StdInvariant.targetArtifactSelector
FNDA:0,StdInvariant.targetArtifactSelector
DA:61,0
DA:64,0
FN:64,StdInvariant.targetContract
FNDA:0,StdInvariant.targetContract
DA:65,0
DA:68,0
FN:68,StdInvariant.targetSelector
FNDA:0,StdInvariant.targetSelector
DA:69,0
DA:72,0
FN:72,StdInvariant.targetSender
FNDA:0,StdInvariant.targetSender
DA:73,0
DA:76,0
FN:76,StdInvariant.targetInterface
FNDA:0,StdInvariant.targetInterface
DA:77,0
DA:83,0
FN:83,StdInvariant.excludeArtifacts
FNDA:0,StdInvariant.excludeArtifacts
DA:84,0
DA:87,0
FN:87,StdInvariant.excludeContracts
FNDA:0,StdInvariant.excludeContracts
DA:88,0
DA:91,0
FN:91,StdInvariant.excludeSelectors
FNDA:0,StdInvariant.excludeSelectors
DA:92,0
DA:95,0
FN:95,StdInvariant.excludeSenders
FNDA:0,StdInvariant.excludeSenders
DA:96,0
DA:99,0
FN:99,StdInvariant.targetArtifacts
FNDA:0,StdInvariant.targetArtifacts
DA:100,0
DA:103,0
FN:103,StdInvariant.targetArtifactSelectors
FNDA:0,StdInvariant.targetArtifactSelectors
DA:104,0
DA:107,0
FN:107,StdInvariant.targetContracts
FNDA:0,StdInvariant.targetContracts
DA:108,0
DA:111,0
FN:111,StdInvariant.targetSelectors
FNDA:0,StdInvariant.targetSelectors
DA:112,0
DA:115,0
FN:115,StdInvariant.targetSenders
FNDA:0,StdInvariant.targetSenders
DA:116,0
DA:119,0
FN:119,StdInvariant.targetInterfaces
FNDA:0,StdInvariant.targetInterfaces
DA:120,0
FNF:20
FNH:0
LF:40
LH:0
BRF:0
BRH:0
end_of_record
TN:
SF:node_modules/forge-std/src/StdJson.sol
DA:28,0
FN:28,stdJson.keyExists
FNDA:0,stdJson.keyExists
DA:29,0
DA:32,0
FN:32,stdJson.parseRaw
FNDA:0,stdJson.parseRaw
DA:33,0
DA:36,0
FN:36,stdJson.readUint
FNDA:0,stdJson.readUint
DA:37,0
DA:40,0
FN:40,stdJson.readUintArray
FNDA:0,stdJson.readUintArray
DA:41,0
DA:44,0
FN:44,stdJson.readInt
FNDA:0,stdJson.readInt
DA:45,0
DA:48,0
FN:48,stdJson.readIntArray
FNDA:0,stdJson.readIntArray
DA:49,0
DA:52,0
FN:52,stdJson.readBytes32
FNDA:0,stdJson.readBytes32
DA:53,0
DA:56,0
FN:56,stdJson.readBytes32Array
FNDA:0,stdJson.readBytes32Array
DA:57,0
DA:60,0
FN:60,stdJson.readString
FNDA:0,stdJson.readString
DA:61,0
DA:64,0
FN:64,stdJson.readStringArray
FNDA:0,stdJson.readStringArray
DA:65,0
DA:68,0
FN:68,stdJson.readAddress
FNDA:0,stdJson.readAddress
DA:69,0
DA:72,0
FN:72,stdJson.readAddressArray
FNDA:0,stdJson.readAddressArray
DA:73,0
DA:76,0
FN:76,stdJson.readBool
FNDA:0,stdJson.readBool
DA:77,0
DA:80,0
FN:80,stdJson.readBoolArray
FNDA:0,stdJson.readBoolArray
DA:81,0
DA:84,0
FN:84,stdJson.readBytes
FNDA:0,stdJson.readBytes
DA:85,0
DA:88,0
FN:88,stdJson.readBytesArray
FNDA:0,stdJson.readBytesArray
DA:89,0
DA:92,0
FN:92,stdJson.readUintOr
FNDA:0,stdJson.readUintOr
DA:93,0
DA:96,0
FN:96,stdJson.readUintArrayOr
FNDA:0,stdJson.readUintArrayOr
DA:101,0
DA:104,0
FN:104,stdJson.readIntOr
FNDA:0,stdJson.readIntOr
DA:105,0
DA:108,0
FN:108,stdJson.readIntArrayOr
FNDA:0,stdJson.readIntArrayOr
DA:113,0
DA:116,0
FN:116,stdJson.readBytes32Or
FNDA:0,stdJson.readBytes32Or
DA:121,0
DA:124,0
FN:124,stdJson.readBytes32ArrayOr
FNDA:0,stdJson.readBytes32ArrayOr
DA:129,0
DA:132,0
FN:132,stdJson.readStringOr
FNDA:0,stdJson.readStringOr
DA:137,0
DA:140,0
FN:140,stdJson.readStringArrayOr
FNDA:0,stdJson.readStringArrayOr
DA:145,0
DA:148,0
FN:148,stdJson.readAddressOr
FNDA:0,stdJson.readAddressOr
DA:153,0
DA:156,0
FN:156,stdJson.readAddressArrayOr
FNDA:0,stdJson.readAddressArrayOr
DA:161,0
DA:164,0
FN:164,stdJson.readBoolOr
FNDA:0,stdJson.readBoolOr
DA:165,0
DA:168,0
FN:168,stdJson.readBoolArrayOr
FNDA:0,stdJson.readBoolArrayOr
DA:173,0
DA:176,0
FN:176,stdJson.readBytesOr
FNDA:0,stdJson.readBytesOr
DA:181,0
DA:184,0
FN:184,stdJson.readBytesArrayOr
FNDA:0,stdJson.readBytesArrayOr
DA:189,0
DA:192,0
FN:192,stdJson.serialize
FNDA:0,stdJson.serialize
DA:193,0
DA:196,0
FN:196,stdJson.serialize
FNDA:0,stdJson.serialize
DA:197,0
DA:200,0
FN:200,stdJson.serialize
FNDA:0,stdJson.serialize
DA:204,0
DA:207,0
FN:207,stdJson.serialize
FNDA:0,stdJson.serialize
DA:208,0
DA:211,0
FN:211,stdJson.serialize
FNDA:0,stdJson.serialize
DA:215,0
DA:218,0
FN:218,stdJson.serialize
FNDA:0,stdJson.serialize
DA:219,0
DA:222,0
FN:222,stdJson.serialize
FNDA:0,stdJson.serialize
DA:226,0
DA:229,0
FN:229,stdJson.serialize
FNDA:0,stdJson.serialize
DA:230,0
DA:233,0
FN:233,stdJson.serialize
FNDA:0,stdJson.serialize
DA:237,0
DA:240,0
FN:240,stdJson.serialize
FNDA:0,stdJson.serialize
DA:241,0
DA:244,0
FN:244,stdJson.serialize
FNDA:0,stdJson.serialize
DA:248,0
DA:251,0
FN:251,stdJson.serialize
FNDA:0,stdJson.serialize
DA:252,0
DA:255,0
FN:255,stdJson.serialize
FNDA:0,stdJson.serialize
DA:259,0
DA:262,0
FN:262,stdJson.serialize
FNDA:0,stdJson.serialize
DA:266,0
DA:269,0
FN:269,stdJson.serialize
FNDA:0,stdJson.serialize
DA:273,0
DA:276,0
FN:276,stdJson.write
FNDA:0,stdJson.write
DA:277,0
DA:280,0
FN:280,stdJson.write
FNDA:0,stdJson.write
DA:281,0
FNF:47
FNH:0
LF:94
LH:0
BRF:0
BRH:0
end_of_record
TN:
SF:node_modules/forge-std/src/StdMath.sol
DA:7,0
FN:7,stdMath.abs
FNDA:0,stdMath.abs
DA:9,0
BRDA:9,0,0,-
DA:10,0
DA:13,0
DA:16,0
FN:16,stdMath.delta
FNDA:0,stdMath.delta
DA:17,0
DA:20,0
FN:20,stdMath.delta
FNDA:0,stdMath.delta
DA:23,0
BRDA:23,1,0,-
DA:24,0
DA:28,0
DA:31,0
FN:31,stdMath.percentDelta
FNDA:0,stdMath.percentDelta
DA:32,0
DA:34,0
DA:37,0
FN:37,stdMath.percentDelta
FNDA:0,stdMath.percentDelta
DA:38,0
DA:39,0
DA:41,0
FNF:5
FNH:0
LF:17
LH:0
BRF:2
BRH:0
end_of_record
TN:
SF:node_modules/forge-std/src/StdStorage.sol
DA:31,0
FN:31,stdStorageSafe.sigs
FNDA:0,stdStorageSafe.sigs
DA:32,0
DA:35,0
FN:35,stdStorageSafe.getCallParams
FNDA:0,stdStorageSafe.getCallParams
DA:36,0
BRDA:36,0,0,-
BRDA:36,0,1,-
DA:37,0
DA:39,0
DA:44,0
FN:44,stdStorageSafe.callTarget
FNDA:0,stdStorageSafe.callTarget
DA:45,0
DA:46,0
DA:47,0
DA:49,0
DA:55,0
FN:55,stdStorageSafe.checkSlotMutatesCall
FNDA:0,stdStorageSafe.checkSlotMutatesCall
DA:56,0
DA:57,0
DA:59,0
DA:60,0
DA:62,0
DA:64,0
DA:66,0
DA:71,0
FN:71,stdStorageSafe.findOffset
FNDA:0,stdStorageSafe.findOffset
DA:72,0
DA:73,0
DA:74,0
DA:76,0
DA:78,0
BRDA:78,1,0,-
DA:79,0
DA:82,0
DA:85,0
FN:85,stdStorageSafe.findOffsets
FNDA:0,stdStorageSafe.findOffsets
DA:86,0
DA:88,0
DA:89,0
DA:92,0
DA:93,0
DA:96,0
FN:96,stdStorageSafe.find
FNDA:0,stdStorageSafe.find
DA:97,0
DA:106,0
FN:106,stdStorageSafe.find
FNDA:0,stdStorageSafe.find
DA:107,0
DA:108,0
DA:109,0
DA:110,0
DA:113,0
BRDA:113,2,0,-
DA:114,0
BRDA:114,3,0,-
DA:115,0
DA:117,0
DA:119,0
DA:120,0
DA:121,0
DA:123,0
BRDA:123,4,0,-
BRDA:123,4,1,-
DA:124,0
DA:126,0
DA:127,0
DA:128,0
BRDA:128,5,0,-
DA:129,0
DA:132,0
BRDA:132,6,0,-
DA:133,0
DA:136,0
DA:138,0
BRDA:138,7,0,-
DA:139,0
DA:140,0
DA:141,0
BRDA:141,8,0,-
DA:142,0
DA:147,0
DA:149,0
BRDA:149,9,0,-
DA:150,0
DA:153,0
DA:154,0
DA:156,0
DA:160,0
BRDA:160,10,0,-
BRDA:160,10,1,-
DA:165,0
BRDA:165,11,0,-
DA:166,0
DA:168,0
DA:171,0
FN:171,stdStorageSafe.target
FNDA:0,stdStorageSafe.target
DA:172,0
DA:173,0
DA:176,0
FN:176,stdStorageSafe.sig
FNDA:0,stdStorageSafe.sig
DA:177,0
DA:178,0
DA:181,0
FN:181,stdStorageSafe.sig
FNDA:0,stdStorageSafe.sig
DA:182,0
DA:183,0
DA:186,0
FN:186,stdStorageSafe.with_calldata
FNDA:0,stdStorageSafe.with_calldata
DA:187,0
DA:188,0
DA:191,0
FN:191,stdStorageSafe.with_key
FNDA:0,stdStorageSafe.with_key
DA:192,0
DA:193,0
DA:196,0
FN:196,stdStorageSafe.with_key
FNDA:0,stdStorageSafe.with_key
DA:197,0
DA:198,0
DA:201,0
FN:201,stdStorageSafe.with_key
FNDA:0,stdStorageSafe.with_key
DA:202,0
DA:203,0
DA:206,0
FN:206,stdStorageSafe.enable_packed_slots
FNDA:0,stdStorageSafe.enable_packed_slots
DA:207,0
DA:208,0
DA:211,0
FN:211,stdStorageSafe.depth
FNDA:0,stdStorageSafe.depth
DA:212,0
DA:213,0
DA:216,0
FN:216,stdStorageSafe.read
FNDA:0,stdStorageSafe.read
DA:217,0
DA:218,0
DA:219,0
DA:220,0
DA:221,0
DA:224,0
FN:224,stdStorageSafe.read_bytes32
FNDA:0,stdStorageSafe.read_bytes32
DA:225,0
DA:228,0
FN:228,stdStorageSafe.read_bool
FNDA:0,stdStorageSafe.read_bool
DA:229,0
DA:230,0
DA:231,0
DA:232,0
DA:235,0
FN:235,stdStorageSafe.read_address
FNDA:0,stdStorageSafe.read_address
DA:236,0
DA:239,0
FN:239,stdStorageSafe.read_uint
FNDA:0,stdStorageSafe.read_uint
DA:240,0
DA:243,0
FN:243,stdStorageSafe.read_int
FNDA:0,stdStorageSafe.read_int
DA:244,0
DA:247,0
FN:247,stdStorageSafe.parent
FNDA:0,stdStorageSafe.parent
DA:248,0
DA:249,0
DA:250,0
DA:251,0
DA:252,0
DA:253,0
BRDA:253,14,0,-
DA:254,0
DA:258,0
DA:261,0
FN:261,stdStorageSafe.root
FNDA:0,stdStorageSafe.root
DA:262,0
DA:263,0
DA:264,0
DA:265,0
DA:266,0
DA:267,0
DA:268,0
DA:269,0
DA:270,0
BRDA:270,15,0,-
DA:271,0
DA:276,0
DA:277,0
DA:279,0
DA:282,0
FN:282,stdStorageSafe.bytesToBytes32
FNDA:0,stdStorageSafe.bytesToBytes32
DA:283,0
DA:285,0
DA:286,0
DA:287,0
DA:289,0
DA:292,0
FN:292,stdStorageSafe.flatten
FNDA:0,stdStorageSafe.flatten
DA:293,0
DA:294,0
DA:295,0
DA:298,0
DA:302,0
DA:305,0
FN:305,stdStorageSafe.clear
FNDA:0,stdStorageSafe.clear
DA:306,0
DA:307,0
DA:308,0
DA:309,0
DA:310,0
DA:311,0
DA:316,0
FN:316,stdStorageSafe.getMaskByOffsets
FNDA:0,stdStorageSafe.getMaskByOffsets
DA:320,0
DA:325,0
FN:325,stdStorageSafe.getUpdatedSlotValue
FNDA:0,stdStorageSafe.getUpdatedSlotValue
DA:330,0
DA:337,0
FN:337,stdStorage.sigs
FNDA:0,stdStorage.sigs
DA:338,0
DA:341,0
FN:341,stdStorage.find
FNDA:0,stdStorage.find
DA:342,0
DA:345,0
FN:345,stdStorage.find
FNDA:0,stdStorage.find
DA:346,0
DA:349,0
FN:349,stdStorage.target
FNDA:0,stdStorage.target
DA:350,0
DA:353,0
FN:353,stdStorage.sig
FNDA:0,stdStorage.sig
DA:354,0
DA:357,0
FN:357,stdStorage.sig
FNDA:0,stdStorage.sig
DA:358,0
DA:361,0
FN:361,stdStorage.with_key
FNDA:0,stdStorage.with_key
DA:362,0
DA:365,0
FN:365,stdStorage.with_key
FNDA:0,stdStorage.with_key
DA:366,0
DA:369,0
FN:369,stdStorage.with_key
FNDA:0,stdStorage.with_key
DA:370,0
DA:373,0
FN:373,stdStorage.with_calldata
FNDA:0,stdStorage.with_calldata
DA:374,0
DA:377,0
FN:377,stdStorage.enable_packed_slots
FNDA:0,stdStorage.enable_packed_slots
DA:378,0
DA:381,0
FN:381,stdStorage.depth
FNDA:0,stdStorage.depth
DA:382,0
DA:385,0
FN:385,stdStorage.clear
FNDA:0,stdStorage.clear
DA:386,0
DA:389,0
FN:389,stdStorage.checked_write
FNDA:0,stdStorage.checked_write
DA:390,0
DA:393,0
FN:393,stdStorage.checked_write
FNDA:0,stdStorage.checked_write
DA:394,0
DA:397,0
FN:397,stdStorage.checked_write_int
FNDA:0,stdStorage.checked_write_int
DA:398,0
DA:401,0
FN:401,stdStorage.checked_write
FNDA:0,stdStorage.checked_write
DA:402,0
DA:405,0
DA:407,0
DA:410,0
FN:410,stdStorage.checked_write
FNDA:0,stdStorage.checked_write
DA:411,0
DA:412,0
DA:413,0
DA:414,0
DA:416,0
BRDA:416,0,0,-
DA:417,0
DA:419,0
DA:420,0
BRDA:420,1,0,-
DA:421,0
DA:422,0
BRDA:422,2,0,-
BRDA:422,2,1,-
DA:432,0
DA:433,0
DA:435,0
DA:437,0
DA:439,0
BRDA:439,3,0,-
DA:440,0
DA:441,0
DA:443,0
DA:446,0
FN:446,stdStorage.read_bytes32
FNDA:0,stdStorage.read_bytes32
DA:447,0
DA:450,0
FN:450,stdStorage.read_bool
FNDA:0,stdStorage.read_bool
DA:451,0
DA:454,0
FN:454,stdStorage.read_address
FNDA:0,stdStorage.read_address
DA:455,0
DA:458,0
FN:458,stdStorage.read_uint
FNDA:0,stdStorage.read_uint
DA:459,0
DA:462,0
FN:462,stdStorage.read_int
FNDA:0,stdStorage.read_int
DA:463,0
DA:466,0
FN:466,stdStorage.parent
FNDA:0,stdStorage.parent
DA:467,0
DA:470,0
FN:470,stdStorage.root
FNDA:0,stdStorage.root
DA:471,0
FNF:55
FNH:0
LF:232
LH:0
BRF:22
BRH:0
end_of_record
TN:
SF:node_modules/forge-std/src/StdStyle.sol
DA:22,0
FN:22,StdStyle.styleConcat
FNDA:0,StdStyle.styleConcat
DA:23,0
DA:26,0
FN:26,StdStyle.red
FNDA:0,StdStyle.red
DA:27,0
DA:30,0
FN:30,StdStyle.red
FNDA:0,StdStyle.red
DA:31,0
DA:34,0
FN:34,StdStyle.red
FNDA:0,StdStyle.red
DA:35,0
DA:38,0
FN:38,StdStyle.red
FNDA:0,StdStyle.red
DA:39,0
DA:42,0
FN:42,StdStyle.red
FNDA:0,StdStyle.red
DA:43,0
DA:46,0
FN:46,StdStyle.redBytes
FNDA:0,StdStyle.redBytes
DA:47,0
DA:50,0
FN:50,StdStyle.redBytes32
FNDA:0,StdStyle.redBytes32
DA:51,0
DA:54,0
FN:54,StdStyle.green
FNDA:0,StdStyle.green
DA:55,0
DA:58,0
FN:58,StdStyle.green
FNDA:0,StdStyle.green
DA:59,0
DA:62,0
FN:62,StdStyle.green
FNDA:0,StdStyle.green
DA:63,0
DA:66,0
FN:66,StdStyle.green
FNDA:0,StdStyle.green
DA:67,0
DA:70,0
[...]
FNDA:0,TruncGeoOracleMulti.setFullRangeHook
DA:122,0
BRDA:122,4,0,-
DA:123,0
BRDA:123,5,0,-
DA:124,0
BRDA:124,6,0,-
DA:125,0
DA:128,0
FN:128,TruncGeoOracleMulti.onlyFullRangeHook
FNDA:0,TruncGeoOracleMulti.onlyFullRangeHook
DA:130,0
BRDA:130,7,0,-
DA:131,0
DA:133,0
BRDA:133,8,0,-
DA:134,0
DA:146,0
FN:146,TruncGeoOracleMulti.pushObservationAndCheckCap
FNDA:0,TruncGeoOracleMulti.pushObservationAndCheckCap
DA:152,0
DA:156,0
FN:156,TruncGeoOracleMulti._pushObservation
FNDA:0,TruncGeoOracleMulti._pushObservation
DA:157,0
DA:160,0
BRDA:160,9,0,-
DA:161,0
DA:165,0
DA:168,0
DA:171,0
DA:172,0
DA:175,0
DA:176,0
DA:179,0
DA:180,0
DA:189,0
BRDA:189,10,0,-
DA:190,0
DA:192,0
DA:196,0
FN:196,TruncGeoOracleMulti._updateFreq
FNDA:0,TruncGeoOracleMulti._updateFreq
DA:197,0
DA:198,0
DA:199,0
BRDA:199,11,0,-
DA:200,0
BRDA:200,12,0,-
DA:201,0
DA:203,0
DA:204,0
DA:205,0
BRDA:205,13,0,-
DA:206,0
DA:207,0
DA:209,0
BRDA:209,14,0,-
DA:210,0
DA:211,0
DA:214,0
FN:214,TruncGeoOracleMulti._maybeRebalanceCap
FNDA:0,TruncGeoOracleMulti._maybeRebalanceCap
DA:215,0
DA:216,0
DA:218,0
DA:219,0
DA:221,0
DA:222,0
DA:223,0
DA:225,0
BRDA:225,16,0,-
BRDA:225,16,1,-
DA:227,0
DA:228,0
DA:229,0
BRDA:229,17,0,-
DA:231,0
DA:232,0
BRDA:232,18,0,-
DA:233,0
DA:236,0
BRDA:236,19,0,-
DA:238,0
DA:246,0
FN:246,TruncGeoOracleMulti.enableOracleForPool
FNDA:0,TruncGeoOracleMulti.enableOracleForPool
DA:247,0
DA:248,0
BRDA:248,20,0,-
BRDA:248,20,1,-
DA:249,0
DA:257,0
DA:258,0
BRDA:258,21,0,-
DA:259,0
DA:260,0
DA:261,0
BRDA:261,22,0,-
DA:266,0
DA:268,0
DA:270,0
DA:273,0
DA:274,0
DA:277,0
DA:286,0
DA:287,0
DA:288,0
DA:290,0
DA:297,0
FN:297,TruncGeoOracleMulti.updateObservation
FNDA:0,TruncGeoOracleMulti.updateObservation
DA:301,0
DA:302,0
DA:305,0
DA:308,0
BRDA:308,23,0,-
DA:309,0
DA:313,0
DA:317,0
DA:319,0
DA:323,0
BRDA:323,24,0,-
DA:324,0
DA:337,0
FN:337,TruncGeoOracleMulti.shouldUpdateOracle
FNDA:0,TruncGeoOracleMulti.shouldUpdateOracle
DA:338,0
DA:341,0
DA:344,0
DA:345,0
DA:348,0
BRDA:348,26,0,-
DA:349,0
DA:350,0
DA:354,0
DA:365,0
FN:365,TruncGeoOracleMulti.getLastObservation
FNDA:0,TruncGeoOracleMulti.getLastObservation
DA:369,0
DA:370,0
DA:371,0
BRDA:371,27,0,-
DA:373,0
DA:376,0
DA:380,0
DA:381,0
BRDA:381,28,0,-
DA:383,0
DA:390,0
DA:398,0
DA:413,0
FN:413,TruncGeoOracleMulti.observe
FNDA:0,TruncGeoOracleMulti.observe
DA:417,0
DA:418,0
DA:419,0
DA:420,0
DA:422,0
DA:436,0
FN:436,TruncGeoOracleMulti._blockTimestamp
FNDA:0,TruncGeoOracleMulti._blockTimestamp
DA:437,0
DA:445,0
FN:445,TruncGeoOracleMulti.isOracleEnabled
FNDA:0,TruncGeoOracleMulti.isOracleEnabled
DA:446,0
DA:447,0
DA:456,0
FN:456,TruncGeoOracleMulti.getLatestObservation
FNDA:0,TruncGeoOracleMulti.getLatestObservation
DA:457,0
DA:458,0
BRDA:458,29,0,-
DA:459,0
DA:463,0
DA:464,0
DA:471,0
FN:471,TruncGeoOracleMulti.getMaxTicksPerBlock
FNDA:0,TruncGeoOracleMulti.getMaxTicksPerBlock
DA:472,0
DA:486,0
FN:486,TruncGeoOracleMulti.setMaxTicksPerBlock
FNDA:0,TruncGeoOracleMulti.setMaxTicksPerBlock
DA:487,0
BRDA:487,30,0,-
DA:491,0
DA:492,0
DA:493,0
DA:496,0
DA:499,0
DA:500,0
DA:503,0
FN:503,TruncGeoOracleMulti._maybeUpdateMaxTicks
FNDA:0,TruncGeoOracleMulti._maybeUpdateMaxTicks
DA:504,0
DA:505,0
DA:508,0
DA:512,0
BRDA:512,31,0,-
DA:513,0
DA:514,0
DA:518,0
DA:519,0
DA:520,0
DA:521,0
DA:523,0
DA:524,0
BRDA:524,32,0,-
BRDA:524,32,1,-
DA:525,0
BRDA:525,33,0,-
DA:527,0
BRDA:527,34,0,-
DA:528,0
DA:529,0
DA:533,0
DA:534,0
DA:536,0
DA:538,0
FNF:19
FNH:0
LF:165
LH:0
BRF:37
BRH:0
end_of_record
TN:
SF:src/libraries/LibTransient.sol
DA:9,0
FN:9,LibTransient.setUint256
FNDA:0,LibTransient.setUint256
DA:11,0
DA:15,0
FN:15,LibTransient.getUint256
FNDA:0,LibTransient.getUint256
DA:17,0
FNF:2
FNH:0
LF:4
LH:0
BRF:0
BRH:0
end_of_record
TN:
SF:src/libraries/MathUtils.sol
DA:52,0
FN:52,MathUtils.abs
FNDA:0,MathUtils.abs
DA:53,0
DA:57,0
FN:57,MathUtils.PRECISION
FNDA:0,MathUtils.PRECISION
DA:58,0
DA:61,0
FN:61,MathUtils.PPM_SCALE
FNDA:0,MathUtils.PPM_SCALE
DA:62,0
DA:70,0
FN:70,MathUtils.clampTick
FNDA:0,MathUtils.clampTick
DA:72,0
DA:82,0
FN:82,MathUtils.sqrt
FNDA:0,MathUtils.sqrt
DA:83,0
DA:93,0
FN:93,MathUtils.absDiff
FNDA:0,MathUtils.absDiff
DA:96,0
DA:99,0
DA:103,0
DA:106,0
DA:117,0
FN:117,MathUtils.calculateGeometricMean
FNDA:0,MathUtils.calculateGeometricMean
DA:118,0
DA:121,0
DA:123,0
BRDA:123,1,0,-
BRDA:123,1,1,-
DA:124,0
DA:125,0
DA:127,0
DA:128,0
DA:140,0
FN:140,MathUtils.min
FNDA:0,MathUtils.min
DA:141,0
DA:151,0
FN:151,MathUtils.max
FNDA:0,MathUtils.max
DA:152,0
DA:164,0
FN:164,MathUtils.calculateGeometricShares
FNDA:0,MathUtils.calculateGeometricShares
DA:169,0
DA:171,0
DA:173,0
BRDA:173,3,0,-
BRDA:173,3,1,-
DA:175,0
DA:176,0
DA:178,0
BRDA:178,4,0,-
BRDA:178,4,1,-
DA:181,0
DA:182,0
DA:185,0
DA:186,0
DA:197,0
FN:197,MathUtils.calculateGeometricShares
FNDA:0,MathUtils.calculateGeometricShares
DA:198,0
DA:199,0
DA:213,0
FN:213,MathUtils.calculateProportionalShares
FNDA:0,MathUtils.calculateProportionalShares
DA:227,0
BRDA:227,5,0,-
DA:229,0
DA:232,0
DA:233,0
BRDA:233,6,0,-
DA:235,0
DA:238,0
DA:239,0
BRDA:239,7,0,-
DA:241,0
DA:247,0
BRDA:247,8,0,-
BRDA:247,8,1,-
DA:248,0
DA:249,0
BRDA:249,9,0,-
BRDA:249,9,1,-
DA:250,0
DA:253,0
DA:265,0
FN:265,MathUtils.calculatePodShares
FNDA:0,MathUtils.calculatePodShares
DA:270,0
BRDA:270,10,0,-
DA:271,0
BRDA:271,11,0,-
DA:272,0
DA:274,0
DA:277,0
DA:289,0
FN:289,MathUtils.calculateProportional
FNDA:0,MathUtils.calculateProportional
DA:294,0
DA:296,0
BRDA:296,13,0,-
BRDA:296,13,1,-
DA:297,0
DA:299,0
DA:318,0
FN:318,MathUtils.computeDepositAmounts
FNDA:0,MathUtils.computeDepositAmounts
DA:328,0
BRDA:328,14,0,-
DA:333,0
BRDA:333,15,0,-
DA:334,0
DA:336,0
BRDA:336,16,0,-
DA:337,0
DA:341,0
BRDA:341,17,0,-
DA:343,0
BRDA:343,18,0,-
DA:345,0
DA:346,0
DA:348,0
DA:350,0
DA:354,0
DA:359,0
DA:370,0
DA:381,0
BRDA:381,20,0,-
BRDA:381,20,1,-
DA:383,0
DA:384,0
DA:389,0
DA:390,0
DA:398,0
BRDA:398,21,0,-
DA:399,0
BRDA:399,22,0,-
DA:400,0
BRDA:400,23,0,-
DA:408,0
DA:409,0
DA:413,0
BRDA:413,24,0,-
DA:414,0
DA:433,0
FN:433,MathUtils.computeDepositAmountsAndShares
FNDA:0,MathUtils.computeDepositAmountsAndShares
DA:440,0
DA:456,0
FN:456,MathUtils.computeDepositAmountsAndSharesWithPrecision
FNDA:0,MathUtils.computeDepositAmountsAndSharesWithPrecision
DA:463,0
DA:476,0
FN:476,MathUtils.computeWithdrawAmounts
FNDA:0,MathUtils.computeWithdrawAmounts
DA:485,0
BRDA:485,25,0,-
DA:486,0
DA:492,0
DA:493,0
DA:503,0
FN:503,MathUtils.calculateSurgeFee
FNDA:0,MathUtils.calculateSurgeFee
DA:506,0
DA:518,0
FN:518,MathUtils.calculateSurgeFee
FNDA:0,MathUtils.calculateSurgeFee
DA:524,0
BRDA:524,26,0,-
DA:525,0
DA:529,0
DA:532,0
BRDA:532,27,0,-
DA:533,0
DA:537,0
DA:546,0
FN:546,MathUtils.calculateDecayFactor
FNDA:0,MathUtils.calculateDecayFactor
DA:552,0
BRDA:552,28,0,-
DA:553,0
DA:557,0
DA:595,0
FN:595,MathUtils.calculateDynamicFee
FNDA:0,MathUtils.calculateDynamicFee
DA:605,0
DA:606,0
DA:609,0
BRDA:609,29,0,-
DA:610,0
BRDA:610,30,0,-
DA:613,0
DA:614,0
DA:617,0
DA:620,0
BRDA:620,31,0,-
BRDA:620,31,1,-
DA:621,0
DA:623,0
BRDA:623,32,0,-
BRDA:623,32,1,-
DA:625,0
DA:626,0
DA:627,0
BRDA:627,33,0,-
DA:629,0
DA:630,0
DA:635,0
DA:637,0
BRDA:637,34,0,-
BRDA:637,34,1,-
DA:638,0
DA:640,0
DA:643,0
DA:647,0
BRDA:647,35,0,-
BRDA:647,35,1,-
DA:648,0
DA:649,0
DA:650,0
BRDA:650,36,0,-
DA:651,0
DA:652,0
DA:655,0
DA:671,0
FN:671,MathUtils.calculateDynamicFee
FNDA:0,MathUtils.calculateDynamicFee
DA:682,0
DA:685,0
DA:686,0
DA:690,0
DA:701,0
FN:701,MathUtils.calculateMinimumPOLTarget
FNDA:0,MathUtils.calculateMinimumPOLTarget
DA:706,0
DA:724,0
FN:724,MathUtils.distributeFees
FNDA:0,MathUtils.distributeFees
DA:736,0
DA:737,0
BRDA:737,37,0,-
DA:738,0
DA:742,0
DA:743,0
DA:745,0
DA:746,0
DA:748,0
DA:749,0
DA:752,0
DA:753,0
DA:756,0
BRDA:756,38,0,-
DA:758,0
DA:761,0
BRDA:761,39,0,-
DA:763,0
DA:774,0
FN:774,MathUtils.calculatePriceChangePpm
FNDA:0,MathUtils.calculatePriceChangePpm
DA:779,0
DA:782,0
DA:783,0
BRDA:783,41,0,-
BRDA:783,41,1,-
DA:784,0
DA:786,0
DA:790,0
DA:792,0
DA:803,0
FN:803,MathUtils.calculateFeeAdjustment
FNDA:0,MathUtils.calculateFeeAdjustment
DA:810,0
DA:813,0
DA:823,0
FN:823,MathUtils.clamp
FNDA:0,MathUtils.clamp
DA:824,0
DA:834,0
FN:834,MathUtils.getVersion
FNDA:0,MathUtils.getVersion
DA:835,0
DA:848,0
FN:848,MathUtils.computeWithdrawAmountsWithPrecision
FNDA:0,MathUtils.computeWithdrawAmountsWithPrecision
DA:854,0
DA:866,0
FN:866,MathUtils.computeLiquidityFromAmounts
FNDA:0,MathUtils.computeLiquidityFromAmounts
DA:874,0
DA:877,0
BRDA:877,43,0,-
DA:878,0
BRDA:878,44,0,-
DA:881,0
BRDA:881,45,0,-
DA:882,0
DA:886,0
DA:887,0
BRDA:887,46,0,-
DA:889,0
DA:893,0
DA:894,0
BRDA:894,47,0,-
DA:896,0
DA:900,0
BRDA:900,48,0,-
BRDA:900,48,1,-
DA:901,0
DA:902,0
BRDA:902,49,0,-
BRDA:902,49,1,-
DA:903,0
DA:906,0
DA:920,0
FN:920,MathUtils.computeAmountsFromLiquidity
FNDA:0,MathUtils.computeAmountsFromLiquidity
DA:928,0
DA:931,0
BRDA:931,51,0,-
DA:932,0
DA:936,0
BRDA:936,52,0,-
DA:937,0
DA:945,0
DA:946,0
DA:948,0
DA:959,0
FN:959,MathUtils.calculateFeeWithScale
FNDA:0,MathUtils.calculateFeeWithScale
DA:960,0
BRDA:960,53,0,-
DA:961,0
DA:965,0
DA:976,0
FN:976,MathUtils.calculateFeePpm
FNDA:0,MathUtils.calculateFeePpm
DA:977,0
DA:990,0
FN:990,MathUtils.calculateReinvestableFees
FNDA:0,MathUtils.calculateReinvestableFees
DA:996,0
BRDA:996,54,0,-
DA:998,0
DA:1003,0
DA:1005,0
BRDA:1005,55,0,-
BRDA:1005,55,1,-
DA:1007,0
DA:1008,0
DA:1012,0
DA:1013,0
DA:1014,0
DA:1030,0
FN:1030,MathUtils.getAmountsToMaxFullRange
FNDA:0,MathUtils.getAmountsToMaxFullRange
DA:1036,0
DA:1038,0
DA:1039,0
DA:1041,0
DA:1044,0
BRDA:1044,57,0,-
DA:1048,0
DA:1049,0
DA:1053,0
BRDA:1053,59,0,-
BRDA:1053,59,1,-
DA:1055,0
DA:1056,0
DA:1057,0
BRDA:1057,60,0,-
BRDA:1057,60,1,-
DA:1059,0
DA:1060,0
DA:1063,0
DA:1064,0
DA:1085,0
FN:1085,MathUtils.getAmountsToMaxFullRangeRoundUp
FNDA:0,MathUtils.getAmountsToMaxFullRangeRoundUp
DA:1093,0
DA:1098,0
DA:1102,0
DA:1103,0
DA:1104,0
DA:1105,0
DA:1107,0
BRDA:1107,62,0,-
DA:1109,0
BRDA:1109,63,0,-
BRDA:1109,63,1,-
DA:1110,0
DA:1111,0
DA:1112,0
BRDA:1112,64,0,-
BRDA:1112,64,1,-
DA:1113,0
DA:1114,0
DA:1116,0
DA:1117,0
DA:1121,0
BRDA:1121,65,0,-
DA:1122,0
BRDA:1122,66,0,-
DA:1125,0
FNF:37
FNH:0
LF:260
LH:0
BRF:76
BRH:0
end_of_record
TN:
SF:src/libraries/TickCheck.sol
DA:7,0
FN:7,TickCheck.abs
FNDA:0,TickCheck.abs
DA:8,0
DA:12,0
FN:12,TickCheck.maxMove
FNDA:0,TickCheck.maxMove
DA:13,0
DA:14,0
DA:16,0
DA:17,0
BRDA:17,1,0,-
DA:18,0
DA:22,0
FN:22,TickCheck.exceeds
FNDA:0,TickCheck.exceeds
DA:23,0
DA:24,0
FNF:3
FNH:0
LF:11
LH:0
BRF:1
BRH:0
end_of_record
TN:
SF:src/libraries/TickMoveGuard.sol
DA:13,0
FN:13,TickMoveGuard._abs
FNDA:0,TickMoveGuard._abs
DA:14,0
DA:19,0
FN:19,TickMoveGuard.truncate
FNDA:0,TickMoveGuard.truncate
DA:24,0
DA:25,0
DA:27,0
DA:28,0
DA:29,0
DA:37,0
FN:37,TickMoveGuard.checkHardCapOnly
FNDA:0,TickMoveGuard.checkHardCapOnly
DA:38,0
DA:43,0
FN:43,TickMoveGuard.check
FNDA:0,TickMoveGuard.check
DA:48,0
FNF:4
FNH:0
LF:12
LH:0
BRF:0
BRH:0
end_of_record
TN:
SF:src/libraries/TruncatedOracle.sol
DA:40,0
FN:40,TruncatedOracle.transform
FNDA:0,TruncatedOracle.transform
DA:48,0
DA:57,0
BRDA:57,0,0,-
DA:58,0
DA:59,0
DA:63,0
DA:64,0
BRDA:64,1,0,-
DA:65,0
DA:67,0
DA:69,0
DA:86,0
FN:86,TruncatedOracle.initialize
FNDA:0,TruncatedOracle.initialize
DA:90,0
DA:97,0
DA:111,0
FN:111,TruncatedOracle.write
FNDA:0,TruncatedOracle.write
DA:121,0
DA:124,0
BRDA:124,2,0,-
DA:125,0
DA:129,0
BRDA:129,3,0,-
BRDA:129,3,1,-
DA:130,0
DA:132,0
DA:135,0
DA:136,0
DA:139,0
DA:144,0
DA:145,0
BRDA:145,4,0,-
DA:146,0
DA:148,0
DA:150,0
DA:151,0
DA:152,0
DA:154,0
DA:157,0
DA:166,0
FN:166,TruncatedOracle.grow
FNDA:0,TruncatedOracle.grow
DA:168,0
BRDA:168,5,0,-
DA:170,0
DA:173,0
DA:174,0
DA:176,0
DA:186,0
FN:186,TruncatedOracle.lte
FNDA:0,TruncatedOracle.lte
DA:189,0
DA:191,0
DA:192,0
DA:194,0
DA:208,0
FN:208,TruncatedOracle.binarySearch
FNDA:0,TruncatedOracle.binarySearch
DA:212,0
DA:213,0
DA:214,0
DA:216,0
DA:218,0
DA:221,0
BRDA:221,8,0,-
DA:222,0
DA:223,0
DA:226,0
DA:228,0
DA:231,0
DA:233,0
BRDA:233,10,0,-
BRDA:233,10,1,-
DA:234,0
DA:249,0
FN:249,TruncatedOracle.getSurroundingObservations
FNDA:0,TruncatedOracle.getSurroundingObservations
DA:259,0
BRDA:259,11,0,-
DA:260,0
DA:263,0
BRDA:263,12,0,-
DA:264,0
DA:265,0
DA:269,0
DA:274,0
DA:277,0
BRDA:277,14,0,-
DA:278,0
BRDA:278,15,0,-
BRDA:278,15,1,-
DA:280,0
DA:283,0
DA:288,0
DA:289,0
BRDA:289,16,0,-
DA:292,0
BRDA:292,17,0,-
DA:293,0
DA:297,0
DA:311,0
FN:311,TruncatedOracle.observe
FNDA:0,TruncatedOracle.observe
DA:320,0
BRDA:320,18,0,-
BRDA:320,18,1,-
DA:322,0
DA:323,0
DA:324,0
DA:325,0
DA:341,0
FN:341,TruncatedOracle.observeSingle
FNDA:0,TruncatedOracle.observeSingle
DA:350,0
BRDA:350,19,0,-
DA:353,0
BRDA:353,20,0,-
DA:354,0
DA:355,0
BRDA:355,21,0,-
DA:356,0
DA:358,0
DA:362,0
DA:364,0
DA:367,0
DA:368,0
DA:370,0
BRDA:370,22,0,-
BRDA:370,22,1,-
DA:372,0
DA:373,0
BRDA:373,23,0,-
BRDA:373,23,1,-
DA:375,0
DA:379,0
DA:380,0
DA:381,0
DA:382,0
DA:383,0
DA:385,0
BRDA:385,24,0,-
DA:386,0
BRDA:386,25,0,-
DA:390,0
DA:391,0
DA:393,0
FNF:9
FNH:0
LF:105
LH:0
BRF:28
BRH:0
end_of_record
TN:
SF:src/token/FullRangePositions.sol
DA:20,0
FN:20,FullRangePositions.constructor
FNDA:0,FullRangePositions.constructor
DA:21,0
DA:22,0
DA:23,0
DA:27,0
FN:27,FullRangePositions.onlyMinter
FNDA:0,FullRangePositions.onlyMinter
DA:28,0
BRDA:28,0,0,-
DA:38,0
FN:38,FullRangePositions.mint
FNDA:0,FullRangePositions.mint
DA:39,0
DA:48,0
FN:48,FullRangePositions.burn
FNDA:0,FullRangePositions.burn
DA:49,0
DA:58,0
FN:58,FullRangePositions.burnFrom
FNDA:0,FullRangePositions.burnFrom
DA:59,0
FNF:5
FNH:0
LF:12
LH:0
BRF:1
BRH:0
end_of_record
TN:
SF:src/token/MockERC20.sol
DA:18,0
FN:18,MockERC20.mint
FNDA:0,MockERC20.mint
DA:19,0
DA:27,0
FN:27,MockERC20.burn
FNDA:0,MockERC20.burn
DA:28,0
FNF:2
FNH:0
LF:4
LH:0
BRF:0
BRH:0
end_of_record
TN:
SF:src/types/LiquidityQ96.sol
DA:11,0
FN:11,LiquidityQ96Lib.unwrap
FNDA:0,LiquidityQ96Lib.unwrap
DA:12,0
DA:16,0
FN:16,LiquidityQ96Lib.toUint128
FNDA:0,LiquidityQ96Lib.toUint128
DA:17,0
DA:21,0
FN:21,LiquidityQ96Lib.fromShares
FNDA:0,LiquidityQ96Lib.fromShares
DA:22,0
FNF:3
FNH:0
LF:6
LH:0
BRF:0
BRH:0
end_of_record
TN:
SF:src/utils/CurrencySettlerExtension.sol
DA:30,0
FN:30,CurrencySettlerExtension.handlePoolDelta
FNDA:0,CurrencySettlerExtension.handlePoolDelta
DA:38,0
BRDA:38,0,0,-
DA:39,0
DA:40,0
DA:42,0
BRDA:42,1,0,-
DA:43,0
DA:44,0
DA:51,0
BRDA:51,2,0,-
DA:52,0
DA:54,0
BRDA:54,3,0,-
DA:55,0
DA:66,0
FN:66,CurrencySettlerExtension.takeCurrency
FNDA:0,CurrencySettlerExtension.takeCurrency
DA:67,0
DA:68,0
BRDA:68,5,0,-
DA:71,0
DA:80,0
FN:80,CurrencySettlerExtension.settleCurrency
FNDA:0,CurrencySettlerExtension.settleCurrency
DA:81,0
DA:83,0
BRDA:83,7,0,-
BRDA:83,7,1,-
DA:85,0
DA:88,0
FNF:3
FNH:0
LF:20
LH:0
BRF:7
BRH:0
end_of_record
TN:
SF:src/utils/FullRangeUtils.sol
DA:24,0
FN:24,FullRangeUtils.computeDepositAmountsAndShares
FNDA:0,FullRangeUtils.computeDepositAmountsAndShares
DA:32,0
DA:35,0
DA:42,0
FN:42,FullRangeUtils.computeWithdrawAmounts
FNDA:0,FullRangeUtils.computeWithdrawAmounts
DA:48,0
DA:49,0
DA:56,0
FN:56,FullRangeUtils.pullTokensFromUser
FNDA:0,FullRangeUtils.pullTokensFromUser
DA:60,0
BRDA:60,0,0,-
DA:61,0
BRDA:61,1,0,-
DA:62,0
DA:66,0
BRDA:66,2,0,-
DA:67,0
BRDA:67,3,0,-
DA:68,0
DA:79,0
FN:79,FullRangeUtils.getPoolPolicyImplementations
FNDA:0,FullRangeUtils.getPoolPolicyImplementations
DA:84,0
DA:85,0
DA:86,0
DA:87,0
DA:88,0
DA:89,0
DA:90,0
DA:91,0
FNF:4
FNH:0
LF:22
LH:0
BRF:4
BRH:0
end_of_record
TN:
SF:src/utils/HookMiner.sol
DA:30,0
FN:30,HookMiner.find
FNDA:0,HookMiner.find
DA:35,0
DA:36,0
DA:39,0
DA:40,0
DA:41,0
DA:42,0
DA:43,0
DA:44,0
DA:45,0
DA:47,0
DA:48,0
DA:49,0
BRDA:49,0,0,-
DA:50,0
DA:55,0
DA:56,0
DA:57,0
DA:60,0
BRDA:60,1,0,-
DA:61,0
DA:65,0
DA:73,0
FN:73,HookMiner.computeAddress
FNDA:0,HookMiner.computeAddress
DA:78,0
DA:87,0
FN:87,HookMiner.verifyHookAddress
FNDA:0,HookMiner.verifyHookAddress
DA:88,0
DA:89,0
FNF:3
FNH:0
LF:25
LH:0
BRF:2
BRH:0
end_of_record
TN:
SF:src/utils/PoolTokenIdUtils.sol
DA:16,0
FN:16,PoolTokenIdUtils.toTokenId
FNDA:0,PoolTokenIdUtils.toTokenId
DA:17,0
DA:25,0
FN:25,PoolTokenIdUtils.toPoolId
FNDA:0,PoolTokenIdUtils.toPoolId
DA:26,0
FNF:2
FNH:0
LF:4
LH:0
BRF:0
BRH:0
end_of_record
TN:
SF:src/utils/SettlementUtils.sol
DA:33,0
FN:33,SettlementUtils.settleBalanceDelta
FNDA:0,SettlementUtils.settleBalanceDelta
DA:41,0
DA:42,0
DA:45,0
BRDA:45,0,0,-
BRDA:45,0,1,-
DA:47,0
DA:48,0
BRDA:48,1,0,-
DA:50,0
DA:51,0
DA:52,0
DA:53,0
DA:57,0
BRDA:57,2,0,-
BRDA:57,2,1,-
DA:59,0
DA:60,0
BRDA:60,3,0,-
DA:62,0
DA:63,0
DA:64,0
DA:65,0
DA:76,0
FN:76,SettlementUtils.collectDeltas
FNDA:0,SettlementUtils.collectDeltas
DA:78,0
DA:79,0
DA:82,0
BRDA:82,4,0,-
DA:83,0
DA:87,0
BRDA:87,5,0,-
DA:88,0
DA:92,0
BRDA:92,6,0,-
DA:94,0
BRDA:94,7,0,-
DA:95,0
DA:96,0
DA:99,0
BRDA:99,8,0,-
DA:100,0
DA:101,0
DA:105,0
DA:118,0
FN:118,SettlementUtils.settleBalanceDeltaFromContract
FNDA:0,SettlementUtils.settleBalanceDeltaFromContract
DA:126,0
DA:127,0
DA:130,0
BRDA:130,9,0,-
DA:132,0
DA:136,0
BRDA:136,10,0,-
DA:138,0
DA:142,0
BRDA:142,11,0,-
DA:144,0
BRDA:144,12,0,-
DA:145,0
DA:146,0
DA:149,0
BRDA:149,13,0,-
DA:150,0
DA:151,0
DA:155,0
DA:167,0
FN:167,SettlementUtils.calculateFeeShares
FNDA:0,SettlementUtils.calculateFeeShares
DA:173,0
DA:174,0
DA:177,0
DA:179,0
DA:188,0
FN:188,SettlementUtils._validateAndGetTotalShares
FNDA:0,SettlementUtils._validateAndGetTotalShares
DA:193,0
DA:194,0
BRDA:194,15,0,-
DA:195,0
FNF:5
FNH:0
LF:56
LH:0
BRF:17
BRH:0
end_of_record
TN:
SF:src/utils/TokenSafetyWrapper.sol
DA:21,0
FN:21,TokenSafetyWrapper.safeTransferFrom
FNDA:0,TokenSafetyWrapper.safeTransferFrom
DA:22,0
DA:23,0
DA:32,0
FN:32,TokenSafetyWrapper.safeTransfer
FNDA:0,TokenSafetyWrapper.safeTransfer
DA:33,0
DA:34,0
DA:43,0
FN:43,TokenSafetyWrapper.safeApprove
FNDA:0,TokenSafetyWrapper.safeApprove
DA:45,0
DA:48,0
DA:49,0
BRDA:49,3,0,-
DA:50,0
DA:53,0
DA:62,0
FN:62,TokenSafetyWrapper.safeBalanceOf
FNDA:0,TokenSafetyWrapper.safeBalanceOf
DA:63,0
DA:71,0
FN:71,TokenSafetyWrapper.safeRevokeApproval
FNDA:0,TokenSafetyWrapper.safeRevokeApproval
DA:73,0
DA:74,0
BRDA:74,4,0,-
DA:75,0
FNF:5
FNH:0
LF:18
LH:0
BRF:2
BRH:0
end_of_record
TN:
SF:src/utils/TransferUtils.sol
DA:28,0
FN:28,TransferUtils.transferTokensIn
FNDA:0,TransferUtils.transferTokensIn
DA:32,0
DA:33,0
DA:36,0
BRDA:36,0,0,-
DA:37,0
BRDA:37,1,0,-
BRDA:37,1,1,-
DA:38,0
DA:40,0
DA:45,0
BRDA:45,2,0,-
DA:46,0
BRDA:46,3,0,-
BRDA:46,3,1,-
DA:47,0
DA:49,0
DA:54,0
BRDA:54,4,0,-
DA:55,0
DA:59,0
DA:72,0
FN:72,TransferUtils.transferTokensOut
FNDA:0,TransferUtils.transferTokensOut
DA:76,0
DA:77,0
DA:79,0
BRDA:79,5,0,-
DA:80,0
BRDA:80,6,0,-
BRDA:80,6,1,-
DA:82,0
DA:83,0
BRDA:83,7,0,-
DA:84,0
DA:88,0
DA:94,0
BRDA:94,8,0,-
DA:95,0
BRDA:95,9,0,-
BRDA:95,9,1,-
DA:97,0
DA:98,0
BRDA:98,10,0,-
DA:99,0
DA:103,0
DA:107,0
FNF:2
FNH:0
LF:30
LH:0
BRF:15
BRH:0
end_of_record
TN:
SF:test/DynamicFeeManager.t.sol
DA:21,0
FN:21,StubPolicy.getDefaultDynamicFee
FNDA:0,StubPolicy.getDefaultDynamicFee
DA:22,0
FNF:1
FNH:0
LF:2
LH:0
BRF:0
BRH:0
end_of_record
TN:
SF:test/integration/utils/PriceHelper.sol
DA:16,0
FN:16,PriceHelper._sqrtRoundingUp
FNDA:0,PriceHelper._sqrtRoundingUp
DA:17,0
DA:18,0
DA:19,0
DA:20,0
DA:21,0
DA:22,0
DA:25,0
BRDA:25,1,0,-
DA:36,0
FN:36,PriceHelper.encodePriceSqrt
FNDA:0,PriceHelper.encodePriceSqrt
DA:40,0
BRDA:40,2,0,-
BRDA:40,2,1,-
DA:42,0
DA:44,0
DA:46,0
BRDA:46,3,0,-
BRDA:46,3,1,-
DA:59,0
FN:59,PriceHelper.priceToSqrtX96
FNDA:0,PriceHelper.priceToSqrtX96
DA:64,0
BRDA:64,4,0,-
BRDA:64,4,1,-
DA:65,0
BRDA:65,5,0,-
BRDA:65,5,1,-
DA:67,0
DA:69,0
DA:70,0
DA:72,0
DA:73,0
DA:75,0
BRDA:75,6,0,-
BRDA:75,6,1,-
DA:76,0
DA:78,0
DA:81,0
DA:82,0
DA:85,0
FNF:3
FNH:0
LF:27
LH:0
BRF:11
BRH:0
end_of_record
TN:
SF:test/unit/TruncatedOracle.t.sol
DA:32,0
FN:32,OracleHarness.init
FNDA:0,OracleHarness.init
DA:33,0
DA:34,0
DA:37,0
FN:37,OracleHarness.push
FNDA:0,OracleHarness.push
DA:38,0
DA:41,0
FN:41,OracleHarness.grow
FNDA:0,OracleHarness.grow
DA:42,0
DA:45,0
FN:45,OracleHarness.observe
FNDA:0,OracleHarness.observe
DA:54,0
DA:57,0
FN:57,OracleHarness.observeSingle
FNDA:0,OracleHarness.observeSingle
DA:66,0
DA:69,0
FN:69,OracleHarness.getObs
FNDA:0,OracleHarness.getObs
DA:70,0
FNF:6
FNH:0
LF:13
LH:0
BRF:0
BRH:0
end_of_record
