TN:
SF:script/00_Counter.s.sol
DA:14,0
FN:14,CounterScript.setUp
FNDA:0,CounterScript.setUp
DA:16,0
FN:16,CounterScript.run
FNDA:0,CounterScript.run
DA:18,0
DA:24,0
DA:25,0
DA:26,0
DA:29,0
DA:30,0
DA:31,0
BRDA:31,0,0,-
BRDA:31,0,1,-
FNF:2
FNH:0
LF:9
LH:0
BRF:2
BRH:0
end_of_record
TN:
SF:script/01_CreatePoolAndMintLiquidity.s.sol
DA:40,0
FN:40,CreatePoolAndAddLiquidityScript.run
FNDA:0,CreatePoolAndAddLiquidityScript.run
DA:42,0
DA:49,0
DA:54,0
DA:63,0
DA:64,0
DA:66,0
DA:67,0
DA:70,0
DA:73,0
DA:76,0
DA:81,0
DA:83,0
DA:84,0
DA:85,0
DA:88,0
DA:89,0
DA:94,0
FN:94,CreatePoolAndAddLiquidityScript._mintLiquidityParams
FNDA:0,CreatePoolAndAddLiquidityScript._mintLiquidityParams
DA:104,0
DA:106,0
DA:107,0
DA:108,0
DA:109,0
DA:112,0
FN:112,CreatePoolAndAddLiquidityScript.tokenApprovals
FNDA:0,CreatePoolAndAddLiquidityScript.tokenApprovals
DA:113,0
BRDA:113,0,0,-
DA:114,0
DA:115,0
DA:117,0
BRDA:117,1,0,-
DA:118,0
DA:119,0
FNF:3
FNH:0
LF:30
LH:0
BRF:2
BRH:0
end_of_record
TN:
SF:script/01a_CreatePoolOnly.s.sol
DA:38,0
FN:38,CreatePoolOnly.run
FNDA:0,CreatePoolOnly.run
DA:39,0
DA:46,0
DA:48,0
DA:49,0
FNF:1
FNH:0
LF:5
LH:0
BRF:0
BRH:0
end_of_record
TN:
SF:script/02_AddLiquidity.s.sol
DA:41,0
FN:41,AddLiquidityScript.run
FNDA:0,AddLiquidityScript.run
DA:42,0
DA:50,0
DA:53,0
DA:62,0
DA:63,0
DA:65,0
DA:67,0
DA:68,0
DA:69,0
DA:71,0
DA:72,0
DA:75,0
DA:78,0
FN:78,AddLiquidityScript.tokenApprovals
FNDA:0,AddLiquidityScript.tokenApprovals
DA:79,0
BRDA:79,0,0,-
DA:80,0
DA:81,0
DA:83,0
BRDA:83,1,0,-
DA:84,0
DA:85,0
FNF:2
FNH:0
LF:20
LH:0
BRF:2
BRH:0
end_of_record
TN:
SF:script/03_Swap.s.sol
DA:31,0
FN:31,SwapScript.run
FNDA:0,SwapScript.run
DA:32,0
DA:41,0
DA:42,0
DA:43,0
DA:44,0
DA:49,0
DA:50,0
DA:58,0
DA:61,0
DA:62,0
DA:63,0
FNF:1
FNH:0
LF:12
LH:0
BRF:0
BRH:0
end_of_record
TN:
SF:script/mocks/MockER20.s.sol
DA:12,0
FN:12,MockTokenScript.setUp
FNDA:0,MockTokenScript.setUp
DA:14,0
FN:14,MockTokenScript.run
FNDA:0,MockTokenScript.run
DA:15,0
DA:16,0
DA:17,0
DA:18,0
FNF:2
FNH:0
LF:6
LH:0
BRF:0
BRH:0
end_of_record
TN:
SF:src/Counter.sol
DA:29,0
FN:29,Counter.getHookPermissions
FNDA:0,Counter.getHookPermissions
DA:30,0
DA:52,0
FN:52,Counter._beforeSwap
FNDA:0,Counter._beforeSwap
DA:57,0
DA:58,0
DA:61,0
FN:61,Counter._afterSwap
FNDA:0,Counter._afterSwap
DA:66,0
DA:67,0
DA:70,0
FN:70,Counter._beforeAddLiquidity
FNDA:0,Counter._beforeAddLiquidity
DA:76,0
DA:77,0
DA:80,0
FN:80,Counter._beforeRemoveLiquidity
FNDA:0,Counter._beforeRemoveLiquidity
DA:86,0
DA:87,0
FNF:5
FNH:0
LF:14
LH:0
BRF:0
BRH:0
end_of_record
TN:
SF:src/FullRangeHooks.sol
DA:36,0
FN:36,FullRangeHooks.handleCallback
FNDA:0,FullRangeHooks.handleCallback
DA:38,0
DA:41,0
BRDA:41,0,0,-
DA:42,0
DA:46,0
BRDA:46,1,0,-
BRDA:46,1,1,-
DA:48,0
DA:50,0
DA:51,0
BRDA:51,2,0,-
BRDA:51,2,1,-
DA:53,0
DA:54,0
DA:57,0
FNF:1
FNH:0
LF:11
LH:0
BRF:5
BRH:0
end_of_record
TN:
SF:src/FullRangeLiquidityManager.sol
DA:38,0
FN:38,FullRangeRatioMath.computeDepositAmountsAndShares
FNDA:0,FullRangeRatioMath.computeDepositAmountsAndShares
DA:49,0
BRDA:49,0,0,-
BRDA:49,0,1,-
DA:50,0
DA:51,0
DA:52,0
DA:55,0
DA:57,0
DA:58,0
DA:59,0
DA:68,0
FN:68,FullRangeRatioMath.computeWithdrawAmounts
FNDA:0,FullRangeRatioMath.computeWithdrawAmounts
DA:78,0
BRDA:78,1,0,-
DA:79,0
DA:81,0
DA:82,0
DA:83,0
DA:87,0
FN:87,FullRangeRatioMath.sqrt
FNDA:0,FullRangeRatioMath.sqrt
DA:88,0
DA:89,0
DA:90,0
DA:91,0
DA:92,0
DA:93,0
DA:108,0
FN:108,FullRangeLiquidityManager.constructor
FNDA:0,FullRangeLiquidityManager.constructor
DA:109,0
DA:110,0
DA:121,0
FN:121,FullRangeLiquidityManager.deposit
FNDA:0,FullRangeLiquidityManager.deposit
DA:126,0
DA:129,0
DA:130,0
DA:137,0
BRDA:137,0,0,-
DA:138,0
DA:143,0
DA:144,0
DA:148,0
DA:150,0
DA:152,0
DA:163,0
FN:163,FullRangeLiquidityManager.withdraw
FNDA:0,FullRangeLiquidityManager.withdraw
DA:168,0
DA:171,0
BRDA:171,1,0,-
DA:173,0
DA:177,0
BRDA:177,2,0,-
DA:178,0
DA:183,0
DA:184,0
DA:186,0
DA:194,0
BRDA:194,3,0,-
DA:195,0
DA:199,0
DA:200,0
DA:203,0
DA:205,0
DA:207,0
DA:214,0
FN:214,FullRangeLiquidityManager.claimAndReinvestFees
FNDA:0,FullRangeLiquidityManager.claimAndReinvestFees
FNF:7
FNH:0
LF:53
LH:0
BRF:7
BRH:0
end_of_record
TN:
SF:src/FullRangeOracleManager.sol
DA:48,0
FN:48,FullRangeOracleManager.constructor
FNDA:0,FullRangeOracleManager.constructor
DA:49,0
DA:50,0
DA:57,0
FN:57,FullRangeOracleManager.updateOracleWithThrottle
FNDA:0,FullRangeOracleManager.updateOracleWithThrottle
DA:58,0
BRDA:58,0,0,-
DA:59,0
DA:62,0
DA:64,0
DA:65,0
DA:66,0
DA:69,0
DA:71,0
DA:72,0
DA:74,0
DA:82,0
FN:82,FullRangeOracleManager._shouldUpdateOracle
FNDA:0,FullRangeOracleManager._shouldUpdateOracle
DA:83,0
DA:84,0
DA:85,0
DA:88,0
BRDA:88,1,0,-
DA:89,0
DA:93,0
DA:94,0
DA:97,0
DA:100,0
DA:107,0
FN:107,FullRangeOracleManager._absDiff
FNDA:0,FullRangeOracleManager._absDiff
DA:108,0
DA:110,0
DA:114,0
FN:114,FullRangeOracleManager.setBlockUpdateThreshold
FNDA:0,FullRangeOracleManager.setBlockUpdateThreshold
DA:116,0
DA:120,0
FN:120,FullRangeOracleManager.setTickDiffThreshold
FNDA:0,FullRangeOracleManager.setTickDiffThreshold
DA:122,0
FNF:6
FNH:0
LF:31
LH:0
BRF:2
BRH:0
end_of_record
TN:
SF:src/FullRangePoolManager.sol
DA:35,0
FN:35,DynamicFeeCheck.isDynamicFee
FNDA:0,DynamicFeeCheck.isDynamicFee
DA:37,0
DA:58,0
FN:58,FullRangePoolManager.onlyGovernance
FNDA:0,FullRangePoolManager.onlyGovernance
DA:59,0
BRDA:59,0,0,-
BRDA:59,0,1,-
DA:65,0
FN:65,FullRangePoolManager.constructor
FNDA:0,FullRangePoolManager.constructor
DA:66,0
DA:67,0
DA:77,0
FN:77,FullRangePoolManager.initializeNewPool
FNDA:0,FullRangePoolManager.initializeNewPool
DA:83,0
BRDA:83,1,0,-
DA:84,0
DA:88,0
DA:91,0
DA:94,0
DA:102,0
DA:104,0
DA:113,0
FN:113,FullRangePoolManager.updateTotalLiquidity
FNDA:0,FullRangePoolManager.updateTotalLiquidity
DA:116,0
DA:117,0
DA:118,0
DA:120,0
FNF:5
FNH:0
LF:20
LH:0
BRF:3
BRH:0
end_of_record
TN:
SF:src/base/ExtendedBaseHook.sol
DA:117,0
FN:117,ExtendedBaseHook.onlyPoolManager
FNDA:0,ExtendedBaseHook.onlyPoolManager
DA:118,0
BRDA:118,0,0,-
DA:122,0
FN:122,ExtendedBaseHook.constructor
FNDA:0,ExtendedBaseHook.constructor
DA:123,0
DA:124,0
DA:128,0
FN:128,ExtendedBaseHook.getHookPermissions
FNDA:0,ExtendedBaseHook.getHookPermissions
DA:129,0
DA:148,0
FN:148,ExtendedBaseHook.validateHookAddress
FNDA:0,ExtendedBaseHook.validateHookAddress
DA:149,0
DA:153,0
FN:153,ExtendedBaseHook.beforeInitialize
FNDA:0,ExtendedBaseHook.beforeInitialize
DA:159,0
DA:163,0
FN:163,ExtendedBaseHook._beforeInitialize
FNDA:0,ExtendedBaseHook._beforeInitialize
DA:168,0
DA:172,0
FN:172,ExtendedBaseHook.afterInitialize
FNDA:0,ExtendedBaseHook.afterInitialize
DA:178,0
DA:182,0
FN:182,ExtendedBaseHook._afterInitialize
FNDA:0,ExtendedBaseHook._afterInitialize
DA:187,0
DA:191,0
FN:191,ExtendedBaseHook.beforeAddLiquidity
FNDA:0,ExtendedBaseHook.beforeAddLiquidity
DA:197,0
DA:201,0
FN:201,ExtendedBaseHook._beforeAddLiquidity
FNDA:0,ExtendedBaseHook._beforeAddLiquidity
DA:206,0
DA:210,0
FN:210,ExtendedBaseHook.beforeRemoveLiquidity
FNDA:0,ExtendedBaseHook.beforeRemoveLiquidity
DA:216,0
DA:220,0
FN:220,ExtendedBaseHook._beforeRemoveLiquidity
FNDA:0,ExtendedBaseHook._beforeRemoveLiquidity
DA:225,0
DA:229,0
FN:229,ExtendedBaseHook.beforeDonate
FNDA:0,ExtendedBaseHook.beforeDonate
DA:235,0
DA:239,0
FN:239,ExtendedBaseHook._beforeDonate
FNDA:0,ExtendedBaseHook._beforeDonate
DA:244,0
DA:248,0
FN:248,ExtendedBaseHook.afterDonate
FNDA:0,ExtendedBaseHook.afterDonate
DA:254,0
DA:258,0
FN:258,ExtendedBaseHook._afterDonate
FNDA:0,ExtendedBaseHook._afterDonate
DA:263,0
DA:267,0
FN:267,ExtendedBaseHook.beforeSwap
FNDA:0,ExtendedBaseHook.beforeSwap
DA:273,0
DA:277,0
FN:277,ExtendedBaseHook._beforeSwap
FNDA:0,ExtendedBaseHook._beforeSwap
DA:282,0
DA:286,0
FN:286,ExtendedBaseHook.afterSwap
FNDA:0,ExtendedBaseHook.afterSwap
DA:292,0
DA:296,0
FN:296,ExtendedBaseHook._afterSwap
FNDA:0,ExtendedBaseHook._afterSwap
DA:301,0
DA:305,0
FN:305,ExtendedBaseHook.afterAddLiquidity
FNDA:0,ExtendedBaseHook.afterAddLiquidity
DA:311,0
DA:315,0
FN:315,ExtendedBaseHook._afterAddLiquidity
FNDA:0,ExtendedBaseHook._afterAddLiquidity
DA:320,0
DA:324,0
FN:324,ExtendedBaseHook.afterRemoveLiquidity
FNDA:0,ExtendedBaseHook.afterRemoveLiquidity
DA:330,0
DA:334,0
FN:334,ExtendedBaseHook._afterRemoveLiquidity
FNDA:0,ExtendedBaseHook._afterRemoveLiquidity
DA:339,0
FNF:24
FNH:0
LF:49
LH:0
BRF:1
BRH:0
end_of_record
TN:
SF:src/libraries/CurrencySettler.sol
DA:19,0
FN:19,CurrencySettler.settle
FNDA:0,CurrencySettler.settle
DA:22,0
BRDA:22,0,0,-
BRDA:22,0,1,-
DA:23,0
DA:24,0
BRDA:24,1,0,-
BRDA:24,1,1,-
DA:25,0
DA:27,0
DA:28,0
BRDA:28,2,0,-
BRDA:28,2,1,-
DA:29,0
DA:31,0
DA:33,0
DA:43,0
FN:43,CurrencySettler.take
FNDA:0,CurrencySettler.take
DA:44,0
FNF:2
FNH:0
LF:12
LH:0
BRF:6
BRH:0
end_of_record
TN:
SF:src/libraries/FullRangeMathLib.sol
DA:10,0
FN:10,FullRangeMathLib.calculateInitialShares
FNDA:0,FullRangeMathLib.calculateInitialShares
DA:15,0
DA:16,0
BRDA:16,0,0,-
DA:17,0
DA:21,0
FN:21,FullRangeMathLib.calculateProportionalShares
FNDA:0,FullRangeMathLib.calculateProportionalShares
DA:28,0
DA:29,0
DA:30,0
DA:40,0
FN:40,FullRangeMathLib.calculateExtraLiquidity
FNDA:0,FullRangeMathLib.calculateExtraLiquidity
DA:46,0
BRDA:46,1,0,-
DA:47,0
DA:50,0
BRDA:50,2,0,-
DA:51,0
DA:54,0
BRDA:54,3,0,-
DA:55,0
DA:60,0
DA:61,0
DA:64,0
BRDA:64,4,0,-
BRDA:64,4,1,-
DA:65,0
DA:67,0
DA:71,0
DA:81,0
FN:81,FullRangeMathLib.calculateExtraLiquidity
FNDA:0,FullRangeMathLib.calculateExtraLiquidity
DA:87,0
BRDA:87,5,0,-
DA:88,0
DA:91,0
BRDA:91,6,0,-
DA:92,0
DA:95,0
BRDA:95,7,0,-
DA:96,0
DA:101,0
DA:104,0
FN:104,FullRangeMathLib.sqrt
FNDA:0,FullRangeMathLib.sqrt
DA:105,0
BRDA:105,8,0,-
BRDA:105,8,1,-
DA:106,0
DA:107,0
DA:108,0
DA:109,0
DA:110,0
DA:112,0
BRDA:112,9,0,-
DA:113,0
FNF:5
FNH:0
LF:38
LH:0
BRF:12
BRH:0
end_of_record
TN:
SF:src/libraries/LiquidityMath.sol
DA:12,0
FN:12,LiquidityMath.getAmount0Delta
FNDA:0,LiquidityMath.getAmount0Delta
DA:17,0
BRDA:17,0,0,-
DA:18,0
DA:21,0
BRDA:21,1,0,-
DA:22,0
DA:27,0
DA:28,0
DA:30,0
DA:31,0
DA:39,0
FN:39,LiquidityMath.getAmount1Delta
FNDA:0,LiquidityMath.getAmount1Delta
DA:44,0
BRDA:44,2,0,-
DA:45,0
DA:48,0
BRDA:48,3,0,-
DA:49,0
DA:53,0
DA:54,0
FNF:2
FNH:0
LF:16
LH:0
BRF:4
BRH:0
end_of_record
TN:
SF:src/libraries/PodsLibrary.sol
DA:7,0
FN:7,PodsLibrary.calculatePodShares
FNDA:0,PodsLibrary.calculatePodShares
DA:12,0
BRDA:12,0,0,-
BRDA:12,0,1,-
DA:13,0
DA:15,0
FNF:1
FNH:0
LF:4
LH:0
BRF:2
BRH:0
end_of_record
TN:
SF:src/libraries/TruncatedOracle.sol
DA:43,0
FN:43,TruncatedOracle.transform
FNDA:0,TruncatedOracle.transform
DA:49,0
DA:53,0
BRDA:53,0,0,-
BRDA:53,0,1,-
DA:54,0
DA:55,0
BRDA:55,1,0,-
DA:56,0
DA:59,0
DA:75,0
FN:75,TruncatedOracle.initialize
FNDA:0,TruncatedOracle.initialize
DA:79,0
DA:86,0
DA:102,0
FN:102,TruncatedOracle.write
FNDA:0,TruncatedOracle.write
DA:113,0
DA:116,0
DA:119,0
BRDA:119,3,0,-
BRDA:119,3,1,-
DA:120,0
DA:122,0
DA:125,0
DA:126,0
DA:135,0
FN:135,TruncatedOracle.grow
FNDA:0,TruncatedOracle.grow
DA:137,0
BRDA:137,4,0,-
DA:139,0
DA:142,0
DA:143,0
DA:145,0
DA:155,0
FN:155,TruncatedOracle.lte
FNDA:0,TruncatedOracle.lte
DA:158,0
DA:160,0
DA:161,0
DA:163,0
DA:178,0
FN:178,TruncatedOracle.binarySearch
FNDA:0,TruncatedOracle.binarySearch
DA:184,0
DA:185,0
DA:186,0
DA:188,0
DA:190,0
DA:193,0
BRDA:193,7,0,-
DA:194,0
DA:195,0
DA:198,0
DA:200,0
DA:203,0
DA:205,0
BRDA:205,9,0,-
BRDA:205,9,1,-
DA:206,0
DA:223,0
FN:223,TruncatedOracle.getSurroundingObservations
FNDA:0,TruncatedOracle.getSurroundingObservations
DA:234,0
DA:237,0
BRDA:237,10,0,-
DA:238,0
BRDA:238,11,0,-
BRDA:238,11,1,-
DA:240,0
DA:243,0
DA:248,0
DA:249,0
BRDA:249,12,0,-
DA:252,0
BRDA:252,13,0,-
DA:253,0
DA:257,0
DA:274,0
FN:274,TruncatedOracle.observeSingle
FNDA:0,TruncatedOracle.observeSingle
DA:284,0
BRDA:284,14,0,-
DA:285,0
DA:286,0
BRDA:286,15,0,-
DA:287,0
DA:290,0
DA:292,0
DA:293,0
DA:295,0
BRDA:295,16,0,-
BRDA:295,16,1,-
DA:297,0
DA:298,0
BRDA:298,17,0,-
BRDA:298,17,1,-
DA:300,0
DA:303,0
DA:304,0
DA:305,0
DA:334,0
FN:334,TruncatedOracle.observe
FNDA:0,TruncatedOracle.observe
DA:344,0
BRDA:344,18,0,-
DA:346,0
DA:347,0
DA:348,0
DA:349,0
FNF:9
FNH:0
LF:75
LH:0
BRF:21
BRH:0
end_of_record
TN:
SF:src/oracle/TruncGeoOracleMulti.sol
DA:46,0
FN:46,TruncGeoOracleMulti.constructor
FNDA:0,TruncGeoOracleMulti.constructor
DA:47,0
DA:56,0
FN:56,TruncGeoOracleMulti.enableOracleForPool
FNDA:0,TruncGeoOracleMulti.enableOracleForPool
DA:57,0
DA:58,0
DA:59,0
BRDA:59,0,0,-
BRDA:59,0,1,-
DA:60,0
DA:61,0
BRDA:61,1,0,-
DA:62,0
DA:63,0
DA:64,0
DA:72,0
FN:72,TruncGeoOracleMulti.updateObservation
FNDA:0,TruncGeoOracleMulti.updateObservation
DA:73,0
DA:74,0
DA:75,0
BRDA:75,2,0,-
BRDA:75,2,1,-
DA:76,0
DA:77,0
DA:78,0
DA:94,0
FN:94,TruncGeoOracleMulti.updateMaxAbsTickMoveForPool
FNDA:0,TruncGeoOracleMulti.updateMaxAbsTickMoveForPool
DA:95,0
DA:105,0
FN:105,TruncGeoOracleMulti.observe
FNDA:0,TruncGeoOracleMulti.observe
DA:108,0
DA:109,0
DA:110,0
DA:111,0
DA:112,0
DA:115,0
FN:115,TruncGeoOracleMulti.increaseCardinalityNext
FNDA:0,TruncGeoOracleMulti.increaseCardinalityNext
DA:118,0
DA:119,0
DA:120,0
DA:121,0
DA:122,0
DA:123,0
DA:126,0
FN:126,TruncGeoOracleMulti._blockTimestamp
FNDA:0,TruncGeoOracleMulti._blockTimestamp
DA:127,0
FNF:7
FNH:0
LF:35
LH:0
BRF:5
BRH:0
end_of_record
TN:
SF:test/FullRangeLiquidityManagerTest.t.sol
DA:25,0
FN:25,MockPoolManagerImpl.initialize
FNDA:0,MockPoolManagerImpl.initialize
DA:26,0
FNF:1
FNH:0
LF:2
LH:0
BRF:0
BRH:0
end_of_record
TN:
SF:test/FullRangeOracleManagerTest.t.sol
DA:39,0
FN:39,MockTruncGeoOracleMulti.called
FNDA:0,MockTruncGeoOracleMulti.called
DA:40,0
DA:43,0
FN:43,MockTruncGeoOracleMulti.setCalled
FNDA:0,MockTruncGeoOracleMulti.setCalled
DA:44,0
DA:47,0
FN:47,MockTruncGeoOracleMulti.lastKeyFee
FNDA:0,MockTruncGeoOracleMulti.lastKeyFee
DA:48,0
DA:51,0
FN:51,MockTruncGeoOracleMulti.lastKeyTickSpacing
FNDA:0,MockTruncGeoOracleMulti.lastKeyTickSpacing
DA:52,0
DA:55,0
FN:55,MockTruncGeoOracleMulti.lastKeyCurrency0
FNDA:0,MockTruncGeoOracleMulti.lastKeyCurrency0
DA:56,0
DA:59,0
FN:59,MockTruncGeoOracleMulti.lastKeyCurrency1
FNDA:0,MockTruncGeoOracleMulti.lastKeyCurrency1
DA:60,0
DA:63,0
FN:63,MockTruncGeoOracleMulti.updateObservation
FNDA:0,MockTruncGeoOracleMulti.updateObservation
DA:64,0
DA:66,0
DA:67,0
DA:68,0
DA:69,0
DA:79,0
FN:79,MockPoolManagerForOracle.setMockTick
FNDA:0,MockPoolManagerForOracle.setMockTick
DA:80,0
DA:83,0
FN:83,MockPoolManagerForOracle.setMockSqrtPriceX96
FNDA:0,MockPoolManagerForOracle.setMockSqrtPriceX96
DA:84,0
DA:88,0
FN:88,MockPoolManagerForOracle.extsload
FNDA:0,MockPoolManagerForOracle.extsload
DA:93,0
DA:94,0
DA:95,0
DA:96,0
DA:98,0
DA:102,0
DA:106,0
DA:108,0
DA:110,0
DA:112,0
DA:115,0
DA:119,0
FN:119,MockPoolManagerForOracle.extsload
FNDA:0,MockPoolManagerForOracle.extsload
DA:120,0
FN:120,MockPoolManagerForOracle.extsload
FNDA:0,MockPoolManagerForOracle.extsload
DA:121,0
FN:121,MockPoolManagerForOracle.exttload
FNDA:0,MockPoolManagerForOracle.exttload
DA:122,0
FN:122,MockPoolManagerForOracle.exttload
FNDA:0,MockPoolManagerForOracle.exttload
DA:123,0
FN:123,MockPoolManagerForOracle.initialize
FNDA:0,MockPoolManagerForOracle.initialize
DA:124,0
FN:124,MockPoolManagerForOracle.modifyLiquidity
FNDA:0,MockPoolManagerForOracle.modifyLiquidity
DA:125,0
FN:125,MockPoolManagerForOracle.swap
FNDA:0,MockPoolManagerForOracle.swap
DA:126,0
FN:126,MockPoolManagerForOracle.donate
FNDA:0,MockPoolManagerForOracle.donate
DA:127,0
FN:127,MockPoolManagerForOracle.take
FNDA:0,MockPoolManagerForOracle.take
DA:128,0
FN:128,MockPoolManagerForOracle.settle
FNDA:0,MockPoolManagerForOracle.settle
DA:129,0
FN:129,MockPoolManagerForOracle.settleFor
FNDA:0,MockPoolManagerForOracle.settleFor
DA:130,0
FN:130,MockPoolManagerForOracle.mint
FNDA:0,MockPoolManagerForOracle.mint
DA:131,0
FN:131,MockPoolManagerForOracle.burn
FNDA:0,MockPoolManagerForOracle.burn
DA:132,0
FN:132,MockPoolManagerForOracle.sync
FNDA:0,MockPoolManagerForOracle.sync
DA:133,0
FN:133,MockPoolManagerForOracle.clear
FNDA:0,MockPoolManagerForOracle.clear
DA:134,0
FN:134,MockPoolManagerForOracle.updateDynamicLPFee
FNDA:0,MockPoolManagerForOracle.updateDynamicLPFee
DA:135,0
FN:135,MockPoolManagerForOracle.unlock
FNDA:0,MockPoolManagerForOracle.unlock
DA:136,0
FN:136,MockPoolManagerForOracle.allowance
FNDA:0,MockPoolManagerForOracle.allowance
DA:137,0
FN:137,MockPoolManagerForOracle.approve
FNDA:0,MockPoolManagerForOracle.approve
DA:138,0
FN:138,MockPoolManagerForOracle.balanceOf
FNDA:0,MockPoolManagerForOracle.balanceOf
DA:139,0
FN:139,MockPoolManagerForOracle.isOperator
FNDA:0,MockPoolManagerForOracle.isOperator
DA:140,0
FN:140,MockPoolManagerForOracle.setOperator
FNDA:0,MockPoolManagerForOracle.setOperator
DA:141,0
FN:141,MockPoolManagerForOracle.transfer
FNDA:0,MockPoolManagerForOracle.transfer
DA:142,0
FN:142,MockPoolManagerForOracle.transferFrom
FNDA:0,MockPoolManagerForOracle.transferFrom
DA:143,0
FN:143,MockPoolManagerForOracle.collectProtocolFees
FNDA:0,MockPoolManagerForOracle.collectProtocolFees
DA:144,0
FN:144,MockPoolManagerForOracle.protocolFeeController
FNDA:0,MockPoolManagerForOracle.protocolFeeController
DA:145,0
FN:145,MockPoolManagerForOracle.protocolFeesAccrued
FNDA:0,MockPoolManagerForOracle.protocolFeesAccrued
DA:146,0
FN:146,MockPoolManagerForOracle.setProtocolFee
FNDA:0,MockPoolManagerForOracle.setProtocolFee
DA:147,0
FN:147,MockPoolManagerForOracle.setProtocolFeeController
FNDA:0,MockPoolManagerForOracle.setProtocolFeeController
DA:148,0
FN:148,MockPoolManagerForOracle.getSlot0
FNDA:0,MockPoolManagerForOracle.getSlot0
DA:150,0
FNF:40
FNH:0
LF:65
LH:0
BRF:0
BRH:0
end_of_record
TN:
SF:test/FullRangePoolManagerTest.t.sol
DA:35,0
FN:35,MockV4Manager.initialize
FNDA:0,MockV4Manager.initialize
DA:39,0
DA:40,0
DA:41,0
DA:42,0
DA:43,0
DA:47,0
FN:47,MockV4Manager.setLPFee
FNDA:0,MockV4Manager.setLPFee
FNF:2
FNH:0
LF:7
LH:0
BRF:0
BRH:0
end_of_record
TN:
SF:test/base/ExtendedBaseHook.t.sol
DA:63,0
FN:63,TestHook._beforeInitialize
FNDA:0,TestHook._beforeInitialize
DA:69,0
DA:72,0
FN:72,TestHook._afterInitialize
FNDA:0,TestHook._afterInitialize
DA:78,0
DA:81,0
FN:81,TestHook._beforeAddLiquidity
FNDA:0,TestHook._beforeAddLiquidity
DA:92,0
DA:95,0
FN:95,TestHook._afterAddLiquidity
FNDA:0,TestHook._afterAddLiquidity
DA:108,0
DA:111,0
FN:111,TestHook._beforeRemoveLiquidity
FNDA:0,TestHook._beforeRemoveLiquidity
DA:122,0
DA:125,0
FN:125,TestHook._afterRemoveLiquidity
FNDA:0,TestHook._afterRemoveLiquidity
DA:138,0
DA:141,0
FN:141,TestHook._beforeSwap
FNDA:0,TestHook._beforeSwap
DA:152,0
DA:155,0
FN:155,TestHook._afterSwap
FNDA:0,TestHook._afterSwap
DA:167,0
DA:170,0
FN:170,TestHook._beforeDonate
FNDA:0,TestHook._beforeDonate
DA:182,0
DA:185,0
FN:185,TestHook._afterDonate
FNDA:0,TestHook._afterDonate
DA:197,0
DA:206,0
FN:206,BadTestHook.getHookPermissions
FNDA:0,BadTestHook.getHookPermissions
DA:207,0
DA:225,0
FN:225,BadTestHook.validateHookAddress
FNDA:0,BadTestHook.validateHookAddress
DA:226,0
DA:229,0
FN:229,BadTestHook._beforeInitialize
FNDA:0,BadTestHook._beforeInitialize
DA:235,0
DA:238,0
FN:238,BadTestHook._afterInitialize
FNDA:0,BadTestHook._afterInitialize
DA:244,0
DA:247,0
FN:247,BadTestHook._beforeAddLiquidity
FNDA:0,BadTestHook._beforeAddLiquidity
DA:253,0
DA:256,0
FN:256,BadTestHook._afterAddLiquidity
FNDA:0,BadTestHook._afterAddLiquidity
DA:262,0
DA:265,0
FN:265,BadTestHook._beforeRemoveLiquidity
FNDA:0,BadTestHook._beforeRemoveLiquidity
DA:271,0
DA:274,0
FN:274,BadTestHook._afterRemoveLiquidity
FNDA:0,BadTestHook._afterRemoveLiquidity
DA:280,0
DA:283,0
FN:283,BadTestHook._beforeSwap
FNDA:0,BadTestHook._beforeSwap
DA:289,0
DA:292,0
FN:292,BadTestHook._afterSwap
FNDA:0,BadTestHook._afterSwap
DA:298,0
DA:301,0
FN:301,BadTestHook._beforeDonate
FNDA:0,BadTestHook._beforeDonate
DA:307,0
DA:310,0
FN:310,BadTestHook._afterDonate
FNDA:0,BadTestHook._afterDonate
DA:316,0
DA:798,0
FN:798,TestExtendedBaseHook.constructor
FNDA:0,TestExtendedBaseHook.constructor
DA:801,0
DA:802,0
DA:803,0
DA:804,0
DA:805,0
DA:806,0
DA:807,0
DA:808,0
DA:809,0
DA:810,0
DA:811,0
DA:812,0
DA:813,0
DA:814,0
DA:817,0
FN:817,TestExtendedBaseHook.getHookPermissions
FNDA:0,TestExtendedBaseHook.getHookPermissions
DA:818,0
DA:837,0
FN:837,TestExtendedBaseHook.validateHookAddress
FNDA:0,TestExtendedBaseHook.validateHookAddress
DA:838,0
DA:862,0
FN:862,InvalidPermissionsHook.constructor
FNDA:0,InvalidPermissionsHook.constructor
DA:865,0
DA:866,0
DA:867,0
DA:868,0
DA:869,0
DA:870,0
DA:871,0
DA:872,0
DA:873,0
DA:874,0
DA:875,0
DA:876,0
DA:877,0
DA:878,0
DA:881,0
FN:881,InvalidPermissionsHook.getHookPermissions
FNDA:0,InvalidPermissionsHook.getHookPermissions
DA:882,0
DA:901,0
FN:901,InvalidPermissionsHook.validateHookAddress
FNDA:0,InvalidPermissionsHook.validateHookAddress
DA:902,0
DA:911,0
FN:911,HookAttacker.attack
FNDA:0,HookAttacker.attack
DA:913,0
DA:916,0
BRDA:916,0,0,-
BRDA:916,0,1,-
DA:919,0
DA:920,0
BRDA:920,1,0,-
BRDA:920,1,1,-
FNF:29
FNH:0
LF:87
LH:0
BRF:4
BRH:0
end_of_record
TN:
SF:test/custom-accounting/ExampleHook.sol
DA:21,0
FN:21,ExampleHook.constructor
FNDA:0,ExampleHook.constructor
DA:22,0
DA:25,0
FN:25,ExampleHook.onlyPoolManager
FNDA:0,ExampleHook.onlyPoolManager
DA:26,0
BRDA:26,0,0,-
BRDA:26,0,1,-
DA:30,0
FN:30,ExampleHook.beforeSwap
FNDA:0,ExampleHook.beforeSwap
DA:36,0
DA:40,0
DA:42,0
DA:45,0
DA:46,0
DA:49,0
FN:49,ExampleHook._getInputOutputAndAmount
FNDA:0,ExampleHook._getInputOutputAndAmount
DA:54,0
DA:56,0
FNF:4
FNH:0
LF:13
LH:0
BRF:2
BRH:0
end_of_record
TN:
SF:test/interfaces/IFullRangeTest.t.sol
DA:21,0
FN:21,FullRangeMock.initializeNewPool
FNDA:0,FullRangeMock.initializeNewPool
DA:26,0
DA:27,0
DA:32,0
DA:35,0
FN:35,FullRangeMock.deposit
FNDA:0,FullRangeMock.deposit
DA:40,0
BRDA:40,0,0,-
BRDA:40,0,1,-
DA:41,0
BRDA:41,1,0,-
BRDA:41,1,1,-
DA:42,0
BRDA:42,2,0,-
BRDA:42,2,1,-
DA:43,0
BRDA:43,3,0,-
BRDA:43,3,1,-
DA:44,0
BRDA:44,4,0,-
BRDA:44,4,1,-
DA:47,0
DA:50,0
FN:50,FullRangeMock.withdraw
FNDA:0,FullRangeMock.withdraw
DA:55,0
BRDA:55,5,0,-
BRDA:55,5,1,-
DA:56,0
BRDA:56,6,0,-
BRDA:56,6,1,-
DA:57,0
BRDA:57,7,0,-
BRDA:57,7,1,-
DA:60,0
DA:61,0
DA:64,0
BRDA:64,8,0,-
BRDA:64,8,1,-
DA:65,0
BRDA:65,9,0,-
BRDA:65,9,1,-
DA:68,0
DA:70,0
DA:73,0
FN:73,FullRangeMock.claimAndReinvestFees
FNDA:0,FullRangeMock.claimAndReinvestFees
FNF:4
FNH:0
LF:22
LH:0
BRF:20
BRH:0
end_of_record
TN:
SF:test/utils/EasyPosm.sol
DA:30,0
FN:30,EasyPosm.mint
FNDA:0,EasyPosm.mint
DA:42,0
DA:44,0
DA:49,0
DA:51,0
DA:54,0
DA:55,0
DA:56,0
DA:61,0
DA:67,0
FN:67,EasyPosm.increaseLiquidity
FNDA:0,EasyPosm.increaseLiquidity
DA:76,0
DA:78,0
DA:79,0
DA:80,0
DA:81,0
DA:83,0
DA:84,0
DA:86,0
DA:87,0
DA:97,0
DA:103,0
FN:103,EasyPosm.decreaseLiquidity
FNDA:0,EasyPosm.decreaseLiquidity
DA:113,0
DA:115,0
DA:116,0
DA:117,0
DA:119,0
DA:120,0
DA:122,0
DA:126,0
DA:132,0
FN:132,EasyPosm.collect
FNDA:0,EasyPosm.collect
DA:141,0
DA:143,0
DA:145,0
DA:146,0
DA:148,0
DA:149,0
DA:151,0
DA:155,0
DA:161,0
FN:161,EasyPosm.burn
FNDA:0,EasyPosm.burn
DA:170,0
DA:172,0
DA:173,0
DA:174,0
DA:176,0
DA:177,0
DA:179,0
DA:183,0
DA:189,0
FN:189,EasyPosm.getCurrencies
FNDA:0,EasyPosm.getCurrencies
DA:194,0
DA:195,0
FNF:6
FNH:0
LF:50
LH:0
BRF:0
BRH:0
end_of_record
TN:
SF:test/utils/Fixtures.sol
DA:29,0
FN:29,Fixtures.deployAndApprovePosm
FNDA:0,Fixtures.deployAndApprovePosm
DA:30,0
DA:31,0
DA:34,0
FN:34,Fixtures.deployPosm
FNDA:0,Fixtures.deployPosm
DA:36,0
DA:37,0
DA:42,0
FN:42,Fixtures.seedBalance
FNDA:0,Fixtures.seedBalance
DA:43,0
DA:44,0
DA:47,0
FN:47,Fixtures.approvePosm
FNDA:0,Fixtures.approvePosm
DA:48,0
DA:49,0
DA:52,0
FN:52,Fixtures.approvePosmCurrency
FNDA:0,Fixtures.approvePosmCurrency
DA:55,0
DA:57,0
DA:61,0
FN:61,Fixtures.approvePosmFor
FNDA:0,Fixtures.approvePosmFor
DA:62,0
DA:63,0
DA:64,0
DA:67,0
FN:67,Fixtures.permit
FNDA:0,Fixtures.permit
DA:68,0
DA:70,0
DA:71,0
DA:73,0
DA:74,0
DA:77,0
FN:77,Fixtures.getDigest
FNDA:0,Fixtures.getDigest
DA:82,0
FNF:8
FNH:0
LF:27
LH:0
BRF:0
BRH:0
end_of_record
TN:
SF:test/utils/MockERC20.sol
DA:19,0
FN:19,MockERC20.constructor
FNDA:0,MockERC20.constructor
DA:20,0
DA:21,0
DA:22,0
DA:25,0
FN:25,MockERC20.mint
FNDA:0,MockERC20.mint
DA:26,0
DA:27,0
DA:28,0
DA:31,0
FN:31,MockERC20.approve
FNDA:0,MockERC20.approve
DA:32,0
DA:33,0
DA:34,0
DA:37,0
FN:37,MockERC20.transfer
FNDA:0,MockERC20.transfer
DA:38,0
BRDA:38,0,0,-
BRDA:38,0,1,-
DA:39,0
DA:40,0
DA:41,0
DA:42,0
DA:45,0
FN:45,MockERC20.transferFrom
FNDA:0,MockERC20.transferFrom
DA:46,0
BRDA:46,1,0,-
BRDA:46,1,1,-
DA:47,0
BRDA:47,2,0,-
BRDA:47,2,1,-
DA:49,0
DA:50,0
DA:51,0
DA:53,0
DA:54,0
FNF:5
FNH:0
LF:26
LH:0
BRF:6
BRH:0
end_of_record
TN:
SF:test/utils/forks/DeployPermit2.sol
DA:17,0
FN:17,DeployPermit2.etchPermit2
FNDA:0,DeployPermit2.etchPermit2
DA:18,0
DA:19,0
DA:23,0
FN:23,DeployPermit2.anvilPermit2
FNDA:0,DeployPermit2.anvilPermit2
DA:24,0
DA:28,0
FNF:2
FNH:0
LF:6
LH:0
BRF:0
BRH:0
end_of_record
